2025-05-09 12:33:45,384 - INFO - STEP4 in Orders: Monitoring second set of gtt order check status at 2025-05-09 12:33:45.384929+05:30...
2025-05-09 12:33:48,524 - INFO - STEP4 in Orders: Monitoring second set of gtt order check status at 2025-05-09 12:33:48.524897+05:30...
2025-05-09 12:33:51,589 - INFO - STEP4 in Orders: Monitoring second set of gtt order check status at 2025-05-09 12:33:51.589192+05:30...
2025-05-09 12:33:54,707 - INFO - STEP4 in Orders: Monitoring second set of gtt order check status at 2025-05-09 12:33:54.707788+05:30...
2025-05-09 12:33:57,857 - INFO - STEP4 in Orders: Monitoring second set of gtt order check status at 2025-05-09 12:33:57.857417+05:30...
2025-05-09 12:34:01,013 - INFO - STEP4 in Orders: Monitoring second set of gtt order check status at 2025-05-09 12:34:01.013098+05:30...
2025-05-09 12:34:04,182 - INFO - STEP4 in Orders: Monitoring second set of gtt order check status at 2025-05-09 12:34:04.182350+05:30...
2025-05-09 12:34:07,428 - INFO - STEP4 in Orders: Monitoring second set of gtt order check status at 2025-05-09 12:34:07.428821+05:30...
2025-05-09 12:34:10,582 - INFO - STEP4 in Orders: Monitoring second set of gtt order check status at 2025-05-09 12:34:10.581980+05:30...
2025-05-09 12:34:13,713 - INFO - STEP4 in Orders: Monitoring second set of gtt order check status at 2025-05-09 12:34:13.713618+05:30...
2025-05-09 12:34:16,834 - INFO - STEP4 in Orders: Monitoring second set of gtt order check status at 2025-05-09 12:34:16.834633+05:30...
2025-05-09 12:34:20,043 - INFO - STEP4 in Orders: Monitoring second set of gtt order check status at 2025-05-09 12:34:20.043208+05:30...
2025-05-09 12:34:23,169 - INFO - STEP4 in Orders: Monitoring second set of gtt order check status at 2025-05-09 12:34:23.169312+05:30...
2025-05-09 12:34:26,360 - INFO - STEP4 in Orders: Monitoring second set of gtt order check status at 2025-05-09 12:34:26.360576+05:30...
2025-05-09 12:34:29,508 - INFO - STEP4 in Orders: Monitoring second set of gtt order check status at 2025-05-09 12:34:29.508157+05:30...
2025-05-09 12:34:32,708 - INFO - STEP4 in Orders: Monitoring second set of gtt order check status at 2025-05-09 12:34:32.708543+05:30...
2025-05-09 12:34:35,871 - INFO - STEP4 in Orders: Monitoring second set of gtt order check status at 2025-05-09 12:34:35.871116+05:30...
2025-05-09 12:34:39,029 - INFO - STEP4 in Orders: Monitoring second set of gtt order check status at 2025-05-09 12:34:39.029774+05:30...
2025-05-09 12:34:42,204 - INFO - STEP4 in Orders: Monitoring second set of gtt order check status at 2025-05-09 12:34:42.204629+05:30...
2025-05-09 12:34:45,361 - INFO - STEP4 in Orders: Monitoring second set of gtt order check status at 2025-05-09 12:34:45.361537+05:30...
2025-05-09 12:34:48,463 - INFO - STEP4 in Orders: Monitoring second set of gtt order check status at 2025-05-09 12:34:48.463138+05:30...
2025-05-09 12:34:51,652 - INFO - STEP4 in Orders: Monitoring second set of gtt order check status at 2025-05-09 12:34:51.652233+05:30...
2025-05-09 12:34:54,744 - INFO - STEP4 in Orders: Monitoring second set of gtt order check status at 2025-05-09 12:34:54.744630+05:30...
2025-05-09 12:34:57,854 - INFO - STEP4 in Orders: Monitoring second set of gtt order check status at 2025-05-09 12:34:57.854740+05:30...
2025-05-09 12:35:00,998 - INFO - STEP4 in Orders: Monitoring second set of gtt order check status at 2025-05-09 12:35:00.998166+05:30...
2025-05-09 12:35:04,211 - INFO - STEP4 in Orders: Monitoring second set of gtt order check status at 2025-05-09 12:35:04.211294+05:30...
2025-05-09 12:35:07,314 - INFO - STEP4 in Orders: Monitoring second set of gtt order check status at 2025-05-09 12:35:07.314786+05:30...
2025-05-09 12:35:10,483 - INFO - STEP4 in Orders: Monitoring second set of gtt order check status at 2025-05-09 12:35:10.483952+05:30...
2025-05-09 12:35:13,653 - INFO - STEP4 in Orders: Monitoring second set of gtt order check status at 2025-05-09 12:35:13.653870+05:30...
2025-05-09 12:35:16,820 - INFO - STEP4 in Orders: Monitoring second set of gtt order check status at 2025-05-09 12:35:16.819967+05:30...
2025-05-09 12:35:20,052 - INFO - STEP4 in Orders: Monitoring second set of gtt order check status at 2025-05-09 12:35:20.052882+05:30...
2025-05-09 12:35:23,167 - INFO - STEP4 in Orders: Monitoring second set of gtt order check status at 2025-05-09 12:35:23.167932+05:30...
2025-05-09 12:35:26,300 - INFO - STEP4 in Orders: Monitoring second set of gtt order check status at 2025-05-09 12:35:26.300476+05:30...
2025-05-09 12:35:29,481 - INFO - STEP4 in Orders: Monitoring second set of gtt order check status at 2025-05-09 12:35:29.481115+05:30...
2025-05-09 12:35:32,632 - INFO - STEP4 in Orders: Monitoring second set of gtt order check status at 2025-05-09 12:35:32.632387+05:30...
2025-05-09 12:35:35,755 - INFO - STEP4 in Orders: Monitoring second set of gtt order check status at 2025-05-09 12:35:35.755069+05:30...
2025-05-09 12:35:38,833 - INFO - STEP4 in Orders: Monitoring second set of gtt order check status at 2025-05-09 12:35:38.833549+05:30...
2025-05-09 12:35:41,999 - INFO - STEP4 in Orders: Monitoring second set of gtt order check status at 2025-05-09 12:35:41.999255+05:30...
2025-05-09 12:35:45,160 - INFO - STEP4 in Orders: Monitoring second set of gtt order check status at 2025-05-09 12:35:45.160908+05:30...
2025-05-09 12:35:48,345 - INFO - STEP4 in Orders: Monitoring second set of gtt order check status at 2025-05-09 12:35:48.345250+05:30...
2025-05-09 12:35:51,463 - INFO - STEP4 in Orders: Monitoring second set of gtt order check status at 2025-05-09 12:35:51.463359+05:30...
2025-05-09 12:35:54,654 - INFO - STEP4 in Orders: Monitoring second set of gtt order check status at 2025-05-09 12:35:54.653994+05:30...
2025-05-09 12:35:57,845 - INFO - STEP4 in Orders: Monitoring second set of gtt order check status at 2025-05-09 12:35:57.845297+05:30...
2025-05-09 12:36:00,956 - INFO - STEP4 in Orders: Monitoring second set of gtt order check status at 2025-05-09 12:36:00.956810+05:30...
2025-05-09 12:36:04,289 - INFO - STEP4 in Orders: Monitoring second set of gtt order check status at 2025-05-09 12:36:04.289294+05:30...
2025-05-09 12:36:07,476 - INFO - STEP4 in Orders: Monitoring second set of gtt order check status at 2025-05-09 12:36:07.476522+05:30...
2025-05-09 12:36:10,621 - INFO - STEP4 in Orders: Monitoring second set of gtt order check status at 2025-05-09 12:36:10.621264+05:30...
2025-05-09 12:36:14,217 - INFO - STEP4 in Orders: Monitoring second set of gtt order check status at 2025-05-09 12:36:14.217374+05:30...
2025-05-09 12:36:17,378 - INFO - STEP4 in Orders: Monitoring second set of gtt order check status at 2025-05-09 12:36:17.378602+05:30...
2025-05-09 12:36:20,521 - INFO - STEP4 in Orders: Monitoring second set of gtt order check status at 2025-05-09 12:36:20.521343+05:30...
2025-05-09 12:36:23,641 - INFO - STEP4 in Orders: Monitoring second set of gtt order check status at 2025-05-09 12:36:23.641002+05:30...
2025-05-09 12:36:26,747 - INFO - STEP4 in Orders: Monitoring second set of gtt order check status at 2025-05-09 12:36:26.747290+05:30...
2025-05-09 12:36:29,910 - INFO - STEP4 in Orders: Monitoring second set of gtt order check status at 2025-05-09 12:36:29.910076+05:30...
2025-05-09 12:36:33,060 - INFO - STEP4 in Orders: Monitoring second set of gtt order check status at 2025-05-09 12:36:33.060590+05:30...
2025-05-09 12:36:36,276 - INFO - STEP4 in Orders: Monitoring second set of gtt order check status at 2025-05-09 12:36:36.276759+05:30...
2025-05-09 12:36:39,451 - INFO - STEP4 in Orders: Monitoring second set of gtt order check status at 2025-05-09 12:36:39.450675+05:30...
2025-05-09 12:36:42,568 - INFO - STEP4 in Orders: Monitoring second set of gtt order check status at 2025-05-09 12:36:42.568412+05:30...
2025-05-09 12:36:45,659 - INFO - STEP4 in Orders: Monitoring second set of gtt order check status at 2025-05-09 12:36:45.659103+05:30...
2025-05-09 12:36:48,823 - INFO - STEP4 in Orders: Monitoring second set of gtt order check status at 2025-05-09 12:36:48.822988+05:30...
2025-05-09 12:36:51,962 - INFO - STEP4 in Orders: Monitoring second set of gtt order check status at 2025-05-09 12:36:51.962272+05:30...
2025-05-09 12:36:55,115 - INFO - STEP4 in Orders: Monitoring second set of gtt order check status at 2025-05-09 12:36:55.114811+05:30...
2025-05-09 12:36:58,327 - INFO - STEP4 in Orders: Monitoring second set of gtt order check status at 2025-05-09 12:36:58.327763+05:30...
2025-05-09 12:37:01,558 - INFO - STEP4 in Orders: Monitoring second set of gtt order check status at 2025-05-09 12:37:01.558716+05:30...
2025-05-09 12:37:04,731 - INFO - STEP4 in Orders: Monitoring second set of gtt order check status at 2025-05-09 12:37:04.731055+05:30...
2025-05-09 12:37:07,875 - INFO - STEP4 in Orders: Monitoring second set of gtt order check status at 2025-05-09 12:37:07.875336+05:30...
2025-05-09 12:37:11,075 - INFO - STEP4 in Orders: Monitoring second set of gtt order check status at 2025-05-09 12:37:11.075238+05:30...
2025-05-09 12:37:14,296 - INFO - STEP4 in Orders: Monitoring second set of gtt order check status at 2025-05-09 12:37:14.296166+05:30...
2025-05-09 12:37:17,525 - INFO - STEP4 in Orders: Monitoring second set of gtt order check status at 2025-05-09 12:37:17.525092+05:30...
2025-05-09 12:37:20,698 - INFO - STEP4 in Orders: Monitoring second set of gtt order check status at 2025-05-09 12:37:20.698809+05:30...
2025-05-09 12:37:23,974 - INFO - STEP4 in Orders: Monitoring second set of gtt order check status at 2025-05-09 12:37:23.974284+05:30...
2025-05-09 12:37:27,180 - INFO - STEP4 in Orders: Monitoring second set of gtt order check status at 2025-05-09 12:37:27.180141+05:30...
2025-05-09 12:37:30,390 - INFO - STEP4 in Orders: Monitoring second set of gtt order check status at 2025-05-09 12:37:30.390101+05:30...
2025-05-09 12:37:33,528 - INFO - STEP4 in Orders: Monitoring second set of gtt order check status at 2025-05-09 12:37:33.528492+05:30...
2025-05-09 12:37:36,696 - INFO - STEP4 in Orders: Monitoring second set of gtt order check status at 2025-05-09 12:37:36.696427+05:30...
2025-05-09 12:37:39,889 - INFO - STEP4 in Orders: Monitoring second set of gtt order check status at 2025-05-09 12:37:39.888983+05:30...
2025-05-09 12:37:43,031 - INFO - STEP4 in Orders: Monitoring second set of gtt order check status at 2025-05-09 12:37:43.031324+05:30...
2025-05-09 12:37:46,183 - INFO - STEP4 in Orders: Monitoring second set of gtt order check status at 2025-05-09 12:37:46.183227+05:30...
2025-05-09 12:37:49,325 - INFO - STEP4 in Orders: Monitoring second set of gtt order check status at 2025-05-09 12:37:49.325017+05:30...
2025-05-09 12:37:52,449 - INFO - STEP4 in Orders: Monitoring second set of gtt order check status at 2025-05-09 12:37:52.449278+05:30...
2025-05-09 12:37:55,619 - INFO - STEP4 in Orders: Monitoring second set of gtt order check status at 2025-05-09 12:37:55.619433+05:30...
2025-05-09 12:37:58,760 - INFO - STEP4 in Orders: Monitoring second set of gtt order check status at 2025-05-09 12:37:58.760863+05:30...
2025-05-09 12:38:01,928 - INFO - STEP4 in Orders: Monitoring second set of gtt order check status at 2025-05-09 12:38:01.928008+05:30...
2025-05-09 12:38:05,101 - INFO - STEP4 in Orders: Monitoring second set of gtt order check status at 2025-05-09 12:38:05.101416+05:30...
2025-05-09 12:38:08,249 - INFO - STEP4 in Orders: Monitoring second set of gtt order check status at 2025-05-09 12:38:08.249482+05:30...
2025-05-09 12:38:11,436 - INFO - STEP4 in Orders: Monitoring second set of gtt order check status at 2025-05-09 12:38:11.436883+05:30...
2025-05-09 12:38:14,548 - INFO - STEP4 in Orders: Monitoring second set of gtt order check status at 2025-05-09 12:38:14.548679+05:30...
2025-05-09 12:38:17,697 - INFO - STEP4 in Orders: Monitoring second set of gtt order check status at 2025-05-09 12:38:17.697049+05:30...
2025-05-09 12:38:20,802 - INFO - STEP4 in Orders: Monitoring second set of gtt order check status at 2025-05-09 12:38:20.802818+05:30...
2025-05-09 12:38:23,911 - INFO - STEP4 in Orders: Monitoring second set of gtt order check status at 2025-05-09 12:38:23.911869+05:30...
2025-05-09 12:38:27,294 - INFO - STEP4 in Orders: Monitoring second set of gtt order check status at 2025-05-09 12:38:27.294036+05:30...
2025-05-09 12:38:30,416 - INFO - STEP4 in Orders: Monitoring second set of gtt order check status at 2025-05-09 12:38:30.416454+05:30...
2025-05-09 12:38:33,614 - INFO - STEP4 in Orders: Monitoring second set of gtt order check status at 2025-05-09 12:38:33.614294+05:30...
2025-05-09 12:38:36,731 - INFO - STEP4 in Orders: Monitoring second set of gtt order check status at 2025-05-09 12:38:36.731272+05:30...
2025-05-09 12:38:39,823 - INFO - STEP4 in Orders: Monitoring second set of gtt order check status at 2025-05-09 12:38:39.823227+05:30...
2025-05-09 12:38:42,947 - INFO - STEP4 in Orders: Monitoring second set of gtt order check status at 2025-05-09 12:38:42.947633+05:30...
2025-05-09 12:38:46,291 - INFO - STEP4 in Orders: Monitoring second set of gtt order check status at 2025-05-09 12:38:46.291425+05:30...
2025-05-09 12:38:49,604 - INFO - STEP4 in Orders: Monitoring second set of gtt order check status at 2025-05-09 12:38:49.604918+05:30...
2025-05-09 12:38:52,780 - INFO - STEP4 in Orders: Monitoring second set of gtt order check status at 2025-05-09 12:38:52.780675+05:30...
2025-05-09 12:38:55,929 - INFO - STEP4 in Orders: Monitoring second set of gtt order check status at 2025-05-09 12:38:55.929645+05:30...
2025-05-09 12:38:59,105 - INFO - STEP4 in Orders: Monitoring second set of gtt order check status at 2025-05-09 12:38:59.105457+05:30...
2025-05-09 12:39:02,277 - INFO - STEP4 in Orders: Monitoring second set of gtt order check status at 2025-05-09 12:39:02.277611+05:30...
2025-05-09 12:39:05,457 - INFO - STEP4 in Orders: Monitoring second set of gtt order check status at 2025-05-09 12:39:05.456989+05:30...
2025-05-09 12:39:08,614 - INFO - STEP4 in Orders: Monitoring second set of gtt order check status at 2025-05-09 12:39:08.614098+05:30...
2025-05-09 12:39:11,702 - INFO - STEP4 in Orders: Monitoring second set of gtt order check status at 2025-05-09 12:39:11.702469+05:30...
2025-05-09 12:39:14,829 - INFO - STEP4 in Orders: Monitoring second set of gtt order check status at 2025-05-09 12:39:14.829438+05:30...
2025-05-09 12:39:17,944 - INFO - STEP4 in Orders: Monitoring second set of gtt order check status at 2025-05-09 12:39:17.944608+05:30...
2025-05-09 12:39:21,083 - INFO - STEP4 in Orders: Monitoring second set of gtt order check status at 2025-05-09 12:39:21.083157+05:30...
2025-05-09 12:39:24,309 - INFO - STEP4 in Orders: Monitoring second set of gtt order check status at 2025-05-09 12:39:24.309414+05:30...
2025-05-09 12:39:27,410 - INFO - STEP4 in Orders: Monitoring second set of gtt order check status at 2025-05-09 12:39:27.410025+05:30...
2025-05-09 12:39:30,531 - INFO - STEP4 in Orders: Monitoring second set of gtt order check status at 2025-05-09 12:39:30.531677+05:30...
2025-05-09 12:39:33,685 - INFO - STEP4 in Orders: Monitoring second set of gtt order check status at 2025-05-09 12:39:33.685352+05:30...
2025-05-09 12:39:36,812 - INFO - STEP4 in Orders: Monitoring second set of gtt order check status at 2025-05-09 12:39:36.812901+05:30...
2025-05-09 12:39:39,950 - INFO - STEP4 in Orders: Monitoring second set of gtt order check status at 2025-05-09 12:39:39.950621+05:30...
2025-05-09 12:39:43,044 - INFO - STEP4 in Orders: Monitoring second set of gtt order check status at 2025-05-09 12:39:43.044034+05:30...
2025-05-09 12:39:46,186 - INFO - STEP4 in Orders: Monitoring second set of gtt order check status at 2025-05-09 12:39:46.186208+05:30...
2025-05-09 12:39:52,782 - INFO - STEP4 in Orders: Monitoring second set of gtt order check status at 2025-05-09 12:39:52.782399+05:30...
2025-05-09 12:39:55,911 - INFO - STEP4 in Orders: Monitoring second set of gtt order check status at 2025-05-09 12:39:55.911097+05:30...
2025-05-09 12:39:59,043 - INFO - STEP4 in Orders: Monitoring second set of gtt order check status at 2025-05-09 12:39:59.043177+05:30...
2025-05-09 12:40:02,209 - INFO - STEP4 in Orders: Monitoring second set of gtt order check status at 2025-05-09 12:40:02.209171+05:30...
2025-05-09 12:40:05,382 - INFO - STEP4 in Orders: Monitoring second set of gtt order check status at 2025-05-09 12:40:05.382468+05:30...
2025-05-09 12:40:08,543 - INFO - STEP4 in Orders: Monitoring second set of gtt order check status at 2025-05-09 12:40:08.543150+05:30...
2025-05-09 12:40:11,659 - INFO - STEP4 in Orders: Monitoring second set of gtt order check status at 2025-05-09 12:40:11.659409+05:30...
2025-05-09 12:40:14,787 - INFO - STEP4 in Orders: Monitoring second set of gtt order check status at 2025-05-09 12:40:14.787108+05:30...
2025-05-09 12:40:17,939 - INFO - STEP4 in Orders: Monitoring second set of gtt order check status at 2025-05-09 12:40:17.939016+05:30...
2025-05-09 12:40:21,054 - INFO - STEP4 in Orders: Monitoring second set of gtt order check status at 2025-05-09 12:40:21.054388+05:30...
2025-05-09 12:40:24,225 - INFO - STEP4 in Orders: Monitoring second set of gtt order check status at 2025-05-09 12:40:24.225227+05:30...
2025-05-09 12:40:27,370 - INFO - STEP4 in Orders: Monitoring second set of gtt order check status at 2025-05-09 12:40:27.369995+05:30...
2025-05-09 12:40:30,475 - INFO - STEP4 in Orders: Monitoring second set of gtt order check status at 2025-05-09 12:40:30.475426+05:30...
2025-05-09 12:40:33,603 - INFO - STEP4 in Orders: Monitoring second set of gtt order check status at 2025-05-09 12:40:33.603515+05:30...
2025-05-09 12:40:36,758 - INFO - STEP4 in Orders: Monitoring second set of gtt order check status at 2025-05-09 12:40:36.758300+05:30...
2025-05-09 12:40:39,896 - INFO - STEP4 in Orders: Monitoring second set of gtt order check status at 2025-05-09 12:40:39.896503+05:30...
2025-05-09 12:40:43,016 - INFO - STEP4 in Orders: Monitoring second set of gtt order check status at 2025-05-09 12:40:43.016407+05:30...
2025-05-09 12:40:46,183 - INFO - STEP4 in Orders: Monitoring second set of gtt order check status at 2025-05-09 12:40:46.183036+05:30...
2025-05-09 12:40:49,388 - INFO - STEP4 in Orders: Monitoring second set of gtt order check status at 2025-05-09 12:40:49.388136+05:30...
2025-05-09 12:40:52,489 - INFO - STEP4 in Orders: Monitoring second set of gtt order check status at 2025-05-09 12:40:52.489076+05:30...
2025-05-09 12:40:55,624 - INFO - STEP4 in Orders: Monitoring second set of gtt order check status at 2025-05-09 12:40:55.624869+05:30...
2025-05-09 12:40:58,792 - INFO - STEP4 in Orders: Monitoring second set of gtt order check status at 2025-05-09 12:40:58.792905+05:30...
2025-05-09 12:41:01,955 - INFO - STEP4 in Orders: Monitoring second set of gtt order check status at 2025-05-09 12:41:01.955894+05:30...
2025-05-09 12:41:05,116 - INFO - STEP4 in Orders: Monitoring second set of gtt order check status at 2025-05-09 12:41:05.116905+05:30...
2025-05-09 12:41:08,211 - INFO - STEP4 in Orders: Monitoring second set of gtt order check status at 2025-05-09 12:41:08.211423+05:30...
2025-05-09 12:41:11,359 - INFO - STEP4 in Orders: Monitoring second set of gtt order check status at 2025-05-09 12:41:11.359820+05:30...
2025-05-09 12:41:14,528 - INFO - STEP4 in Orders: Monitoring second set of gtt order check status at 2025-05-09 12:41:14.528591+05:30...
2025-05-09 12:41:17,728 - INFO - STEP4 in Orders: Monitoring second set of gtt order check status at 2025-05-09 12:41:17.728717+05:30...
2025-05-09 12:41:20,854 - INFO - STEP4 in Orders: Monitoring second set of gtt order check status at 2025-05-09 12:41:20.854924+05:30...
2025-05-09 12:41:24,089 - INFO - STEP4 in Orders: Monitoring second set of gtt order check status at 2025-05-09 12:41:24.089449+05:30...
2025-05-09 12:41:27,215 - INFO - STEP4 in Orders: Monitoring second set of gtt order check status at 2025-05-09 12:41:27.215258+05:30...
2025-05-09 12:41:30,414 - INFO - STEP4 in Orders: Monitoring second set of gtt order check status at 2025-05-09 12:41:30.414356+05:30...
2025-05-09 12:41:33,561 - INFO - STEP4 in Orders: Monitoring second set of gtt order check status at 2025-05-09 12:41:33.561776+05:30...
2025-05-09 12:41:36,721 - INFO - STEP4 in Orders: Monitoring second set of gtt order check status at 2025-05-09 12:41:36.721579+05:30...
2025-05-09 12:41:39,901 - INFO - STEP4 in Orders: Monitoring second set of gtt order check status at 2025-05-09 12:41:39.901732+05:30...
2025-05-09 12:41:43,080 - INFO - STEP4 in Orders: Monitoring second set of gtt order check status at 2025-05-09 12:41:43.080479+05:30...
2025-05-09 12:41:46,221 - INFO - STEP4 in Orders: Monitoring second set of gtt order check status at 2025-05-09 12:41:46.221501+05:30...
2025-05-09 12:41:49,350 - INFO - STEP4 in Orders: Monitoring second set of gtt order check status at 2025-05-09 12:41:49.350442+05:30...
2025-05-09 12:41:52,483 - INFO - STEP4 in Orders: Monitoring second set of gtt order check status at 2025-05-09 12:41:52.483023+05:30...
2025-05-09 12:41:55,614 - INFO - STEP4 in Orders: Monitoring second set of gtt order check status at 2025-05-09 12:41:55.614091+05:30...
2025-05-09 12:41:58,927 - INFO - STEP4 in Orders: Monitoring second set of gtt order check status at 2025-05-09 12:41:58.927299+05:30...
2025-05-09 12:42:02,113 - INFO - STEP4 in Orders: Monitoring second set of gtt order check status at 2025-05-09 12:42:02.113241+05:30...
2025-05-09 12:42:05,269 - INFO - STEP4 in Orders: Monitoring second set of gtt order check status at 2025-05-09 12:42:05.268974+05:30...
2025-05-09 12:42:08,377 - INFO - STEP4 in Orders: Monitoring second set of gtt order check status at 2025-05-09 12:42:08.377950+05:30...
2025-05-09 12:42:11,534 - INFO - STEP4 in Orders: Monitoring second set of gtt order check status at 2025-05-09 12:42:11.534250+05:30...
2025-05-09 12:42:14,604 - INFO - STEP4 in Orders: Monitoring second set of gtt order check status at 2025-05-09 12:42:14.604845+05:30...
2025-05-09 12:42:17,777 - INFO - STEP4 in Orders: Monitoring second set of gtt order check status at 2025-05-09 12:42:17.777800+05:30...
2025-05-09 12:42:20,883 - INFO - STEP4 in Orders: Monitoring second set of gtt order check status at 2025-05-09 12:42:20.883370+05:30...
2025-05-09 12:42:24,055 - INFO - STEP4 in Orders: Monitoring second set of gtt order check status at 2025-05-09 12:42:24.055086+05:30...
2025-05-09 12:42:27,200 - INFO - STEP4 in Orders: Monitoring second set of gtt order check status at 2025-05-09 12:42:27.200020+05:30...
2025-05-09 12:42:30,355 - INFO - STEP4 in Orders: Monitoring second set of gtt order check status at 2025-05-09 12:42:30.355156+05:30...
2025-05-09 12:42:33,531 - INFO - STEP4 in Orders: Monitoring second set of gtt order check status at 2025-05-09 12:42:33.531327+05:30...
2025-05-09 12:42:36,715 - INFO - STEP4 in Orders: Monitoring second set of gtt order check status at 2025-05-09 12:42:36.715667+05:30...
2025-05-09 12:42:39,845 - INFO - STEP4 in Orders: Monitoring second set of gtt order check status at 2025-05-09 12:42:39.845965+05:30...
2025-05-09 12:42:42,924 - INFO - STEP4 in Orders: Monitoring second set of gtt order check status at 2025-05-09 12:42:42.924776+05:30...
2025-05-09 12:42:46,095 - INFO - STEP4 in Orders: Monitoring second set of gtt order check status at 2025-05-09 12:42:46.095123+05:30...
2025-05-09 12:42:49,265 - INFO - STEP4 in Orders: Monitoring second set of gtt order check status at 2025-05-09 12:42:49.265700+05:30...
2025-05-09 12:42:52,383 - INFO - STEP4 in Orders: Monitoring second set of gtt order check status at 2025-05-09 12:42:52.383400+05:30...
2025-05-09 12:42:55,541 - INFO - STEP4 in Orders: Monitoring second set of gtt order check status at 2025-05-09 12:42:55.541932+05:30...
2025-05-09 12:42:58,756 - INFO - STEP4 in Orders: Monitoring second set of gtt order check status at 2025-05-09 12:42:58.756625+05:30...
2025-05-09 12:43:01,877 - INFO - STEP4 in Orders: Monitoring second set of gtt order check status at 2025-05-09 12:43:01.877387+05:30...
2025-05-09 12:43:05,182 - INFO - STEP4 in Orders: Monitoring second set of gtt order check status at 2025-05-09 12:43:05.182087+05:30...
2025-05-09 12:43:08,332 - INFO - STEP4 in Orders: Monitoring second set of gtt order check status at 2025-05-09 12:43:08.332383+05:30...
2025-05-09 12:43:11,441 - INFO - STEP4 in Orders: Monitoring second set of gtt order check status at 2025-05-09 12:43:11.441429+05:30...
2025-05-09 12:43:14,567 - INFO - STEP4 in Orders: Monitoring second set of gtt order check status at 2025-05-09 12:43:14.567531+05:30...
2025-05-09 12:43:17,712 - INFO - STEP4 in Orders: Monitoring second set of gtt order check status at 2025-05-09 12:43:17.712839+05:30...
2025-05-09 12:43:20,864 - INFO - STEP4 in Orders: Monitoring second set of gtt order check status at 2025-05-09 12:43:20.864766+05:30...
2025-05-09 12:43:24,000 - INFO - STEP4 in Orders: Monitoring second set of gtt order check status at 2025-05-09 12:43:24.000256+05:30...
2025-05-09 12:43:27,153 - INFO - STEP4 in Orders: Monitoring second set of gtt order check status at 2025-05-09 12:43:27.153634+05:30...
2025-05-09 12:43:30,307 - INFO - STEP4 in Orders: Monitoring second set of gtt order check status at 2025-05-09 12:43:30.307944+05:30...
2025-05-09 12:43:33,486 - INFO - STEP4 in Orders: Monitoring second set of gtt order check status at 2025-05-09 12:43:33.486224+05:30...
2025-05-09 12:43:36,620 - INFO - STEP4 in Orders: Monitoring second set of gtt order check status at 2025-05-09 12:43:36.620857+05:30...
2025-05-09 12:43:39,744 - INFO - STEP4 in Orders: Monitoring second set of gtt order check status at 2025-05-09 12:43:39.744635+05:30...
2025-05-09 12:43:42,886 - INFO - STEP4 in Orders: Monitoring second set of gtt order check status at 2025-05-09 12:43:42.886839+05:30...
2025-05-09 12:43:46,048 - INFO - STEP4 in Orders: Monitoring second set of gtt order check status at 2025-05-09 12:43:46.048790+05:30...
2025-05-09 12:43:49,186 - INFO - STEP4 in Orders: Monitoring second set of gtt order check status at 2025-05-09 12:43:49.186643+05:30...
2025-05-09 12:43:52,288 - INFO - STEP4 in Orders: Monitoring second set of gtt order check status at 2025-05-09 12:43:52.288404+05:30...
2025-05-09 12:43:55,449 - INFO - STEP4 in Orders: Monitoring second set of gtt order check status at 2025-05-09 12:43:55.449841+05:30...
2025-05-09 12:43:58,639 - INFO - STEP4 in Orders: Monitoring second set of gtt order check status at 2025-05-09 12:43:58.639863+05:30...
2025-05-09 12:44:01,852 - INFO - STEP4 in Orders: Monitoring second set of gtt order check status at 2025-05-09 12:44:01.852886+05:30...
2025-05-09 12:44:04,995 - INFO - STEP4 in Orders: Monitoring second set of gtt order check status at 2025-05-09 12:44:04.995525+05:30...
2025-05-09 12:44:08,827 - INFO - Cancelled GTT: 5413713
2025-05-09 12:44:08,827 - INFO - -----GTT SL Order1 is executed so cancelled GTT Order1 and assuming SL Order2 and SL Order3 is also existed BY ANGLE One Broker APP---
2025-05-09 12:44:08,827 - INFO - --------------------------------------------------------------------------------------------------------------------------------------------------------------------------------------------------------
2025-05-09 12:44:08,827 - INFO - ******************************* Ended: GTT SL Order1 Executed So restarting the orders again ******************************
2025-05-09 12:44:08,827 - INFO - All orders flag values reset for next iteration
2025-05-09 12:44:08,828 - INFO - ✅ All Order Backup files are taken backup
2025-05-09 12:44:09,328 - INFO - STEP1 IN ORDERS: Placing First set of orders at 2025-05-09 12:44:09.328881+05:30...
2025-05-09 12:44:09,973 - INFO - Current Pending Orders: 0
2025-05-09 12:44:10,629 - INFO - Current GTT Pending Orders: 0
2025-05-09 12:44:11,987 - INFO - Condition is met PE Current LTP: 30.55  is less than 32.1 and CE Current LTP: 31.1  is less than 33.15
2025-05-09 12:44:12,677 - INFO - GTT Order 'ce_order1' created successfully. Rule ID: 5413960
2025-05-09 12:44:12,677 - INFO - CE Order Rule ID: 5413960
2025-05-09 12:44:13,345 - INFO - GTT Order 'pe_order1' created successfully. Rule ID: 5413961
2025-05-09 12:44:13,346 - INFO - PE Order Rule ID: 5413961
2025-05-09 12:44:13,348 - INFO - ✅ 2 orders saved successfully to /home/ec2-user/REL5/data/orders/first_orders.csv
2025-05-09 12:44:13,348 - INFO - CE Order sent
2025-05-09 12:44:13,348 - INFO - PE Order Sent
2025-05-09 12:44:13,348 - INFO - --------------First order created successfully------------------
2025-05-09 12:44:13,849 - INFO - STEP2 IN ORDERS: Monitoring first two orders gtt orderbook status at 2025-05-09 12:44:13.849378+05:30...
2025-05-09 12:44:15,326 - INFO - STEP2 IN ORDERS: Monitoring first two orders gtt orderbook status at 2025-05-09 12:44:15.326141+05:30...
2025-05-09 12:44:16,809 - INFO - STEP2 IN ORDERS: Monitoring first two orders gtt orderbook status at 2025-05-09 12:44:16.809232+05:30...
2025-05-09 12:44:18,257 - INFO - STEP2 IN ORDERS: Monitoring first two orders gtt orderbook status at 2025-05-09 12:44:18.257906+05:30...
2025-05-09 12:44:19,704 - INFO - STEP2 IN ORDERS: Monitoring first two orders gtt orderbook status at 2025-05-09 12:44:19.704107+05:30...
2025-05-09 12:44:21,166 - INFO - STEP2 IN ORDERS: Monitoring first two orders gtt orderbook status at 2025-05-09 12:44:21.166472+05:30...
2025-05-09 12:44:22,657 - INFO - STEP2 IN ORDERS: Monitoring first two orders gtt orderbook status at 2025-05-09 12:44:22.656986+05:30...
2025-05-09 12:44:24,117 - INFO - STEP2 IN ORDERS: Monitoring first two orders gtt orderbook status at 2025-05-09 12:44:24.117938+05:30...
2025-05-09 12:44:25,592 - INFO - STEP2 IN ORDERS: Monitoring first two orders gtt orderbook status at 2025-05-09 12:44:25.592264+05:30...
2025-05-09 12:44:27,088 - INFO - STEP2 IN ORDERS: Monitoring first two orders gtt orderbook status at 2025-05-09 12:44:27.088102+05:30...
2025-05-09 12:44:28,584 - INFO - STEP2 IN ORDERS: Monitoring first two orders gtt orderbook status at 2025-05-09 12:44:28.584519+05:30...
2025-05-09 12:44:30,027 - INFO - STEP2 IN ORDERS: Monitoring first two orders gtt orderbook status at 2025-05-09 12:44:30.027459+05:30...
2025-05-09 12:44:31,522 - INFO - STEP2 IN ORDERS: Monitoring first two orders gtt orderbook status at 2025-05-09 12:44:31.522896+05:30...
2025-05-09 12:44:32,998 - INFO - STEP2 IN ORDERS: Monitoring first two orders gtt orderbook status at 2025-05-09 12:44:32.998916+05:30...
2025-05-09 12:44:34,444 - INFO - STEP2 IN ORDERS: Monitoring first two orders gtt orderbook status at 2025-05-09 12:44:34.444385+05:30...
2025-05-09 12:44:35,889 - INFO - STEP2 IN ORDERS: Monitoring first two orders gtt orderbook status at 2025-05-09 12:44:35.889012+05:30...
2025-05-09 12:44:37,339 - INFO - STEP2 IN ORDERS: Monitoring first two orders gtt orderbook status at 2025-05-09 12:44:37.339639+05:30...
2025-05-09 12:44:38,833 - INFO - STEP2 IN ORDERS: Monitoring first two orders gtt orderbook status at 2025-05-09 12:44:38.833182+05:30...
2025-05-09 12:44:40,312 - INFO - STEP2 IN ORDERS: Monitoring first two orders gtt orderbook status at 2025-05-09 12:44:40.312222+05:30...
2025-05-09 12:44:41,787 - INFO - STEP2 IN ORDERS: Monitoring first two orders gtt orderbook status at 2025-05-09 12:44:41.787522+05:30...
2025-05-09 12:44:43,288 - INFO - STEP2 IN ORDERS: Monitoring first two orders gtt orderbook status at 2025-05-09 12:44:43.287992+05:30...
2025-05-09 12:44:44,745 - INFO - STEP2 IN ORDERS: Monitoring first two orders gtt orderbook status at 2025-05-09 12:44:44.745214+05:30...
2025-05-09 12:44:46,234 - INFO - STEP2 IN ORDERS: Monitoring first two orders gtt orderbook status at 2025-05-09 12:44:46.234609+05:30...
2025-05-09 12:44:47,705 - INFO - STEP2 IN ORDERS: Monitoring first two orders gtt orderbook status at 2025-05-09 12:44:47.705525+05:30...
2025-05-09 12:44:49,164 - INFO - STEP2 IN ORDERS: Monitoring first two orders gtt orderbook status at 2025-05-09 12:44:49.164724+05:30...
2025-05-09 12:44:50,624 - INFO - STEP2 IN ORDERS: Monitoring first two orders gtt orderbook status at 2025-05-09 12:44:50.624640+05:30...
2025-05-09 12:44:52,128 - INFO - STEP2 IN ORDERS: Monitoring first two orders gtt orderbook status at 2025-05-09 12:44:52.128824+05:30...
2025-05-09 12:44:53,614 - INFO - STEP2 IN ORDERS: Monitoring first two orders gtt orderbook status at 2025-05-09 12:44:53.614415+05:30...
2025-05-09 12:44:55,054 - INFO - STEP2 IN ORDERS: Monitoring first two orders gtt orderbook status at 2025-05-09 12:44:55.054160+05:30...
2025-05-09 12:44:56,516 - INFO - STEP2 IN ORDERS: Monitoring first two orders gtt orderbook status at 2025-05-09 12:44:56.516374+05:30...
2025-05-09 12:44:58,022 - INFO - STEP2 IN ORDERS: Monitoring first two orders gtt orderbook status at 2025-05-09 12:44:58.022572+05:30...
2025-05-09 12:44:59,493 - INFO - STEP2 IN ORDERS: Monitoring first two orders gtt orderbook status at 2025-05-09 12:44:59.493193+05:30...
2025-05-09 12:45:00,936 - INFO - STEP2 IN ORDERS: Monitoring first two orders gtt orderbook status at 2025-05-09 12:45:00.936451+05:30...
2025-05-09 12:45:02,417 - INFO - STEP2 IN ORDERS: Monitoring first two orders gtt orderbook status at 2025-05-09 12:45:02.417756+05:30...
2025-05-09 12:45:03,862 - INFO - STEP2 IN ORDERS: Monitoring first two orders gtt orderbook status at 2025-05-09 12:45:03.861975+05:30...
2025-05-09 12:45:05,339 - INFO - STEP2 IN ORDERS: Monitoring first two orders gtt orderbook status at 2025-05-09 12:45:05.339937+05:30...
2025-05-09 12:45:06,800 - INFO - STEP2 IN ORDERS: Monitoring first two orders gtt orderbook status at 2025-05-09 12:45:06.800508+05:30...
2025-05-09 12:45:08,261 - INFO - STEP2 IN ORDERS: Monitoring first two orders gtt orderbook status at 2025-05-09 12:45:08.261236+05:30...
2025-05-09 12:45:09,723 - INFO - STEP2 IN ORDERS: Monitoring first two orders gtt orderbook status at 2025-05-09 12:45:09.723221+05:30...
2025-05-09 12:45:11,293 - INFO - STEP2 IN ORDERS: Monitoring first two orders gtt orderbook status at 2025-05-09 12:45:11.293664+05:30...
2025-05-09 12:45:12,774 - INFO - STEP2 IN ORDERS: Monitoring first two orders gtt orderbook status at 2025-05-09 12:45:12.774531+05:30...
2025-05-09 12:45:14,248 - INFO - STEP2 IN ORDERS: Monitoring first two orders gtt orderbook status at 2025-05-09 12:45:14.248209+05:30...
2025-05-09 12:45:15,717 - INFO - STEP2 IN ORDERS: Monitoring first two orders gtt orderbook status at 2025-05-09 12:45:15.717800+05:30...
2025-05-09 12:45:17,204 - INFO - STEP2 IN ORDERS: Monitoring first two orders gtt orderbook status at 2025-05-09 12:45:17.204028+05:30...
2025-05-09 12:45:18,676 - INFO - STEP2 IN ORDERS: Monitoring first two orders gtt orderbook status at 2025-05-09 12:45:18.676772+05:30...
2025-05-09 12:45:20,135 - INFO - STEP2 IN ORDERS: Monitoring first two orders gtt orderbook status at 2025-05-09 12:45:20.135386+05:30...
2025-05-09 12:45:21,574 - INFO - STEP2 IN ORDERS: Monitoring first two orders gtt orderbook status at 2025-05-09 12:45:21.574690+05:30...
2025-05-09 12:45:23,088 - INFO - STEP2 IN ORDERS: Monitoring first two orders gtt orderbook status at 2025-05-09 12:45:23.088388+05:30...
2025-05-09 12:45:24,567 - INFO - STEP2 IN ORDERS: Monitoring first two orders gtt orderbook status at 2025-05-09 12:45:24.567925+05:30...
2025-05-09 12:45:26,056 - INFO - STEP2 IN ORDERS: Monitoring first two orders gtt orderbook status at 2025-05-09 12:45:26.056367+05:30...
2025-05-09 12:45:27,497 - INFO - STEP2 IN ORDERS: Monitoring first two orders gtt orderbook status at 2025-05-09 12:45:27.497625+05:30...
2025-05-09 12:45:28,946 - INFO - STEP2 IN ORDERS: Monitoring first two orders gtt orderbook status at 2025-05-09 12:45:28.946829+05:30...
2025-05-09 12:45:30,495 - INFO - STEP2 IN ORDERS: Monitoring first two orders gtt orderbook status at 2025-05-09 12:45:30.495337+05:30...
2025-05-09 12:45:31,957 - INFO - STEP2 IN ORDERS: Monitoring first two orders gtt orderbook status at 2025-05-09 12:45:31.957216+05:30...
2025-05-09 12:45:33,438 - INFO - STEP2 IN ORDERS: Monitoring first two orders gtt orderbook status at 2025-05-09 12:45:33.438282+05:30...
2025-05-09 12:45:34,903 - INFO - STEP2 IN ORDERS: Monitoring first two orders gtt orderbook status at 2025-05-09 12:45:34.903877+05:30...
2025-05-09 12:45:36,384 - INFO - STEP2 IN ORDERS: Monitoring first two orders gtt orderbook status at 2025-05-09 12:45:36.384303+05:30...
2025-05-09 12:45:37,848 - INFO - STEP2 IN ORDERS: Monitoring first two orders gtt orderbook status at 2025-05-09 12:45:37.848767+05:30...
2025-05-09 12:45:39,313 - INFO - STEP2 IN ORDERS: Monitoring first two orders gtt orderbook status at 2025-05-09 12:45:39.313110+05:30...
2025-05-09 12:45:40,784 - INFO - STEP2 IN ORDERS: Monitoring first two orders gtt orderbook status at 2025-05-09 12:45:40.784943+05:30...
2025-05-09 12:45:42,262 - INFO - STEP2 IN ORDERS: Monitoring first two orders gtt orderbook status at 2025-05-09 12:45:42.262367+05:30...
2025-05-09 12:45:43,711 - INFO - STEP2 IN ORDERS: Monitoring first two orders gtt orderbook status at 2025-05-09 12:45:43.711786+05:30...
2025-05-09 12:45:45,172 - INFO - STEP2 IN ORDERS: Monitoring first two orders gtt orderbook status at 2025-05-09 12:45:45.172562+05:30...
2025-05-09 12:45:46,614 - INFO - STEP2 IN ORDERS: Monitoring first two orders gtt orderbook status at 2025-05-09 12:45:46.614153+05:30...
2025-05-09 12:45:48,055 - INFO - STEP2 IN ORDERS: Monitoring first two orders gtt orderbook status at 2025-05-09 12:45:48.055514+05:30...
2025-05-09 12:45:49,511 - INFO - STEP2 IN ORDERS: Monitoring first two orders gtt orderbook status at 2025-05-09 12:45:49.511913+05:30...
2025-05-09 12:45:51,023 - INFO - STEP2 IN ORDERS: Monitoring first two orders gtt orderbook status at 2025-05-09 12:45:51.023402+05:30...
2025-05-09 12:45:52,474 - INFO - STEP2 IN ORDERS: Monitoring first two orders gtt orderbook status at 2025-05-09 12:45:52.474230+05:30...
2025-05-09 12:45:53,952 - INFO - STEP2 IN ORDERS: Monitoring first two orders gtt orderbook status at 2025-05-09 12:45:53.952494+05:30...
2025-05-09 12:45:55,404 - INFO - STEP2 IN ORDERS: Monitoring first two orders gtt orderbook status at 2025-05-09 12:45:55.404895+05:30...
2025-05-09 12:45:56,958 - INFO - STEP2 IN ORDERS: Monitoring first two orders gtt orderbook status at 2025-05-09 12:45:56.958438+05:30...
2025-05-09 12:45:58,425 - INFO - STEP2 IN ORDERS: Monitoring first two orders gtt orderbook status at 2025-05-09 12:45:58.425257+05:30...
2025-05-09 12:45:59,876 - INFO - STEP2 IN ORDERS: Monitoring first two orders gtt orderbook status at 2025-05-09 12:45:59.876269+05:30...
2025-05-09 12:46:01,344 - INFO - STEP2 IN ORDERS: Monitoring first two orders gtt orderbook status at 2025-05-09 12:46:01.344827+05:30...
2025-05-09 12:46:02,809 - INFO - STEP2 IN ORDERS: Monitoring first two orders gtt orderbook status at 2025-05-09 12:46:02.809252+05:30...
2025-05-09 12:46:04,290 - INFO - STEP2 IN ORDERS: Monitoring first two orders gtt orderbook status at 2025-05-09 12:46:04.289979+05:30...
2025-05-09 12:46:05,736 - INFO - STEP2 IN ORDERS: Monitoring first two orders gtt orderbook status at 2025-05-09 12:46:05.736926+05:30...
2025-05-09 12:46:07,237 - INFO - STEP2 IN ORDERS: Monitoring first two orders gtt orderbook status at 2025-05-09 12:46:07.237470+05:30...
2025-05-09 12:46:08,742 - INFO - STEP2 IN ORDERS: Monitoring first two orders gtt orderbook status at 2025-05-09 12:46:08.742165+05:30...
2025-05-09 12:46:10,206 - INFO - STEP2 IN ORDERS: Monitoring first two orders gtt orderbook status at 2025-05-09 12:46:10.206476+05:30...
2025-05-09 12:46:11,708 - INFO - STEP2 IN ORDERS: Monitoring first two orders gtt orderbook status at 2025-05-09 12:46:11.708446+05:30...
2025-05-09 12:46:13,183 - INFO - STEP2 IN ORDERS: Monitoring first two orders gtt orderbook status at 2025-05-09 12:46:13.183199+05:30...
2025-05-09 12:46:14,639 - INFO - STEP2 IN ORDERS: Monitoring first two orders gtt orderbook status at 2025-05-09 12:46:14.639709+05:30...
2025-05-09 12:46:16,081 - INFO - STEP2 IN ORDERS: Monitoring first two orders gtt orderbook status at 2025-05-09 12:46:16.081703+05:30...
2025-05-09 12:46:17,556 - INFO - STEP2 IN ORDERS: Monitoring first two orders gtt orderbook status at 2025-05-09 12:46:17.556059+05:30...
2025-05-09 12:46:19,024 - INFO - STEP2 IN ORDERS: Monitoring first two orders gtt orderbook status at 2025-05-09 12:46:19.024123+05:30...
2025-05-09 12:46:20,493 - INFO - STEP2 IN ORDERS: Monitoring first two orders gtt orderbook status at 2025-05-09 12:46:20.493399+05:30...
2025-05-09 12:46:21,968 - INFO - STEP2 IN ORDERS: Monitoring first two orders gtt orderbook status at 2025-05-09 12:46:21.967952+05:30...
2025-05-09 12:46:23,419 - INFO - STEP2 IN ORDERS: Monitoring first two orders gtt orderbook status at 2025-05-09 12:46:23.419848+05:30...
2025-05-09 12:46:24,867 - INFO - STEP2 IN ORDERS: Monitoring first two orders gtt orderbook status at 2025-05-09 12:46:24.866968+05:30...
2025-05-09 12:46:26,404 - INFO - STEP2 IN ORDERS: Monitoring first two orders gtt orderbook status at 2025-05-09 12:46:26.403958+05:30...
2025-05-09 12:46:27,840 - INFO - STEP2 IN ORDERS: Monitoring first two orders gtt orderbook status at 2025-05-09 12:46:27.840728+05:30...
2025-05-09 12:46:29,294 - INFO - STEP2 IN ORDERS: Monitoring first two orders gtt orderbook status at 2025-05-09 12:46:29.294476+05:30...
2025-05-09 12:46:30,752 - INFO - STEP2 IN ORDERS: Monitoring first two orders gtt orderbook status at 2025-05-09 12:46:30.751981+05:30...
2025-05-09 12:46:32,217 - INFO - STEP2 IN ORDERS: Monitoring first two orders gtt orderbook status at 2025-05-09 12:46:32.217407+05:30...
2025-05-09 12:46:33,719 - INFO - STEP2 IN ORDERS: Monitoring first two orders gtt orderbook status at 2025-05-09 12:46:33.719635+05:30...
2025-05-09 12:46:35,177 - INFO - STEP2 IN ORDERS: Monitoring first two orders gtt orderbook status at 2025-05-09 12:46:35.177223+05:30...
2025-05-09 12:46:36,663 - INFO - STEP2 IN ORDERS: Monitoring first two orders gtt orderbook status at 2025-05-09 12:46:36.663190+05:30...
2025-05-09 12:46:38,124 - INFO - STEP2 IN ORDERS: Monitoring first two orders gtt orderbook status at 2025-05-09 12:46:38.124286+05:30...
2025-05-09 12:46:39,565 - INFO - STEP2 IN ORDERS: Monitoring first two orders gtt orderbook status at 2025-05-09 12:46:39.565385+05:30...
2025-05-09 12:46:41,095 - INFO - STEP2 IN ORDERS: Monitoring first two orders gtt orderbook status at 2025-05-09 12:46:41.095009+05:30...
2025-05-09 12:46:42,538 - INFO - STEP2 IN ORDERS: Monitoring first two orders gtt orderbook status at 2025-05-09 12:46:42.538173+05:30...
2025-05-09 12:46:44,023 - INFO - STEP2 IN ORDERS: Monitoring first two orders gtt orderbook status at 2025-05-09 12:46:44.023020+05:30...
2025-05-09 12:46:45,501 - INFO - STEP2 IN ORDERS: Monitoring first two orders gtt orderbook status at 2025-05-09 12:46:45.501726+05:30...
2025-05-09 12:46:46,962 - INFO - STEP2 IN ORDERS: Monitoring first two orders gtt orderbook status at 2025-05-09 12:46:46.962268+05:30...
2025-05-09 12:46:48,412 - INFO - STEP2 IN ORDERS: Monitoring first two orders gtt orderbook status at 2025-05-09 12:46:48.412585+05:30...
2025-05-09 12:46:49,905 - INFO - STEP2 IN ORDERS: Monitoring first two orders gtt orderbook status at 2025-05-09 12:46:49.905484+05:30...
2025-05-09 12:46:51,369 - INFO - STEP2 IN ORDERS: Monitoring first two orders gtt orderbook status at 2025-05-09 12:46:51.369035+05:30...
2025-05-09 12:46:52,820 - INFO - STEP2 IN ORDERS: Monitoring first two orders gtt orderbook status at 2025-05-09 12:46:52.820809+05:30...
2025-05-09 12:46:54,282 - INFO - STEP2 IN ORDERS: Monitoring first two orders gtt orderbook status at 2025-05-09 12:46:54.282529+05:30...
2025-05-09 12:46:55,783 - INFO - STEP2 IN ORDERS: Monitoring first two orders gtt orderbook status at 2025-05-09 12:46:55.783781+05:30...
2025-05-09 12:46:57,273 - INFO - STEP2 IN ORDERS: Monitoring first two orders gtt orderbook status at 2025-05-09 12:46:57.273389+05:30...
2025-05-09 12:46:58,742 - INFO - STEP2 IN ORDERS: Monitoring first two orders gtt orderbook status at 2025-05-09 12:46:58.742165+05:30...
2025-05-09 12:47:00,201 - INFO - STEP2 IN ORDERS: Monitoring first two orders gtt orderbook status at 2025-05-09 12:47:00.201100+05:30...
2025-05-09 12:47:01,655 - INFO - STEP2 IN ORDERS: Monitoring first two orders gtt orderbook status at 2025-05-09 12:47:01.655356+05:30...
2025-05-09 12:47:03,108 - INFO - STEP2 IN ORDERS: Monitoring first two orders gtt orderbook status at 2025-05-09 12:47:03.108823+05:30...
2025-05-09 12:47:04,604 - INFO - STEP2 IN ORDERS: Monitoring first two orders gtt orderbook status at 2025-05-09 12:47:04.604179+05:30...
2025-05-09 12:47:06,056 - INFO - STEP2 IN ORDERS: Monitoring first two orders gtt orderbook status at 2025-05-09 12:47:06.056017+05:30...
2025-05-09 12:47:07,507 - INFO - STEP2 IN ORDERS: Monitoring first two orders gtt orderbook status at 2025-05-09 12:47:07.507864+05:30...
2025-05-09 12:47:09,012 - INFO - STEP2 IN ORDERS: Monitoring first two orders gtt orderbook status at 2025-05-09 12:47:09.012003+05:30...
2025-05-09 12:47:10,462 - INFO - STEP2 IN ORDERS: Monitoring first two orders gtt orderbook status at 2025-05-09 12:47:10.462166+05:30...
2025-05-09 12:47:11,938 - INFO - STEP2 IN ORDERS: Monitoring first two orders gtt orderbook status at 2025-05-09 12:47:11.938531+05:30...
2025-05-09 12:47:13,400 - INFO - STEP2 IN ORDERS: Monitoring first two orders gtt orderbook status at 2025-05-09 12:47:13.400308+05:30...
2025-05-09 12:47:14,888 - INFO - STEP2 IN ORDERS: Monitoring first two orders gtt orderbook status at 2025-05-09 12:47:14.888492+05:30...
2025-05-09 12:47:16,348 - INFO - STEP2 IN ORDERS: Monitoring first two orders gtt orderbook status at 2025-05-09 12:47:16.348076+05:30...
2025-05-09 12:47:17,856 - INFO - STEP2 IN ORDERS: Monitoring first two orders gtt orderbook status at 2025-05-09 12:47:17.856803+05:30...
2025-05-09 12:47:19,335 - INFO - STEP2 IN ORDERS: Monitoring first two orders gtt orderbook status at 2025-05-09 12:47:19.335835+05:30...
2025-05-09 12:47:20,818 - INFO - STEP2 IN ORDERS: Monitoring first two orders gtt orderbook status at 2025-05-09 12:47:20.818462+05:30...
2025-05-09 12:47:22,284 - INFO - STEP2 IN ORDERS: Monitoring first two orders gtt orderbook status at 2025-05-09 12:47:22.284166+05:30...
2025-05-09 12:47:23,749 - INFO - STEP2 IN ORDERS: Monitoring first two orders gtt orderbook status at 2025-05-09 12:47:23.749694+05:30...
2025-05-09 12:47:25,207 - INFO - STEP2 IN ORDERS: Monitoring first two orders gtt orderbook status at 2025-05-09 12:47:25.207460+05:30...
2025-05-09 12:47:26,675 - INFO - STEP2 IN ORDERS: Monitoring first two orders gtt orderbook status at 2025-05-09 12:47:26.675209+05:30...
2025-05-09 12:47:28,118 - INFO - STEP2 IN ORDERS: Monitoring first two orders gtt orderbook status at 2025-05-09 12:47:28.118407+05:30...
2025-05-09 12:47:29,603 - INFO - STEP2 IN ORDERS: Monitoring first two orders gtt orderbook status at 2025-05-09 12:47:29.603465+05:30...
2025-05-09 12:47:31,085 - INFO - STEP2 IN ORDERS: Monitoring first two orders gtt orderbook status at 2025-05-09 12:47:31.085317+05:30...
2025-05-09 12:47:32,563 - INFO - STEP2 IN ORDERS: Monitoring first two orders gtt orderbook status at 2025-05-09 12:47:32.562996+05:30...
2025-05-09 12:47:34,057 - INFO - STEP2 IN ORDERS: Monitoring first two orders gtt orderbook status at 2025-05-09 12:47:34.057506+05:30...
2025-05-09 12:47:35,526 - INFO - STEP2 IN ORDERS: Monitoring first two orders gtt orderbook status at 2025-05-09 12:47:35.526624+05:30...
2025-05-09 12:47:36,996 - INFO - STEP2 IN ORDERS: Monitoring first two orders gtt orderbook status at 2025-05-09 12:47:36.996683+05:30...
2025-05-09 12:47:38,446 - INFO - STEP2 IN ORDERS: Monitoring first two orders gtt orderbook status at 2025-05-09 12:47:38.446741+05:30...
2025-05-09 12:47:39,921 - INFO - STEP2 IN ORDERS: Monitoring first two orders gtt orderbook status at 2025-05-09 12:47:39.921158+05:30...
2025-05-09 12:47:41,397 - INFO - STEP2 IN ORDERS: Monitoring first two orders gtt orderbook status at 2025-05-09 12:47:41.397639+05:30...
2025-05-09 12:47:42,862 - INFO - STEP2 IN ORDERS: Monitoring first two orders gtt orderbook status at 2025-05-09 12:47:42.861997+05:30...
2025-05-09 12:47:44,330 - INFO - STEP2 IN ORDERS: Monitoring first two orders gtt orderbook status at 2025-05-09 12:47:44.330793+05:30...
2025-05-09 12:47:45,780 - INFO - STEP2 IN ORDERS: Monitoring first two orders gtt orderbook status at 2025-05-09 12:47:45.780029+05:30...
2025-05-09 12:47:47,251 - INFO - STEP2 IN ORDERS: Monitoring first two orders gtt orderbook status at 2025-05-09 12:47:47.251779+05:30...
2025-05-09 12:47:48,693 - INFO - STEP2 IN ORDERS: Monitoring first two orders gtt orderbook status at 2025-05-09 12:47:48.693517+05:30...
2025-05-09 12:47:50,160 - INFO - STEP2 IN ORDERS: Monitoring first two orders gtt orderbook status at 2025-05-09 12:47:50.160728+05:30...
2025-05-09 12:47:51,694 - INFO - STEP2 IN ORDERS: Monitoring first two orders gtt orderbook status at 2025-05-09 12:47:51.694730+05:30...
2025-05-09 12:47:53,204 - INFO - STEP2 IN ORDERS: Monitoring first two orders gtt orderbook status at 2025-05-09 12:47:53.204363+05:30...
2025-05-09 12:47:54,680 - INFO - STEP2 IN ORDERS: Monitoring first two orders gtt orderbook status at 2025-05-09 12:47:54.680234+05:30...
2025-05-09 12:47:56,174 - INFO - STEP2 IN ORDERS: Monitoring first two orders gtt orderbook status at 2025-05-09 12:47:56.173957+05:30...
2025-05-09 12:47:57,647 - INFO - STEP2 IN ORDERS: Monitoring first two orders gtt orderbook status at 2025-05-09 12:47:57.647364+05:30...
2025-05-09 12:47:59,123 - INFO - STEP2 IN ORDERS: Monitoring first two orders gtt orderbook status at 2025-05-09 12:47:59.123276+05:30...
2025-05-09 12:48:00,570 - INFO - STEP2 IN ORDERS: Monitoring first two orders gtt orderbook status at 2025-05-09 12:48:00.570476+05:30...
2025-05-09 12:48:02,011 - INFO - STEP2 IN ORDERS: Monitoring first two orders gtt orderbook status at 2025-05-09 12:48:02.011455+05:30...
2025-05-09 12:48:03,471 - INFO - STEP2 IN ORDERS: Monitoring first two orders gtt orderbook status at 2025-05-09 12:48:03.471294+05:30...
2025-05-09 12:48:04,933 - INFO - STEP2 IN ORDERS: Monitoring first two orders gtt orderbook status at 2025-05-09 12:48:04.933940+05:30...
2025-05-09 12:48:06,393 - INFO - STEP2 IN ORDERS: Monitoring first two orders gtt orderbook status at 2025-05-09 12:48:06.393101+05:30...
2025-05-09 12:48:07,841 - INFO - STEP2 IN ORDERS: Monitoring first two orders gtt orderbook status at 2025-05-09 12:48:07.841652+05:30...
2025-05-09 12:48:09,306 - INFO - STEP2 IN ORDERS: Monitoring first two orders gtt orderbook status at 2025-05-09 12:48:09.306290+05:30...
2025-05-09 12:48:10,785 - INFO - STEP2 IN ORDERS: Monitoring first two orders gtt orderbook status at 2025-05-09 12:48:10.785833+05:30...
2025-05-09 12:48:12,276 - INFO - STEP2 IN ORDERS: Monitoring first two orders gtt orderbook status at 2025-05-09 12:48:12.276072+05:30...
2025-05-09 12:48:13,730 - INFO - STEP2 IN ORDERS: Monitoring first two orders gtt orderbook status at 2025-05-09 12:48:13.730747+05:30...
2025-05-09 12:48:15,185 - INFO - STEP2 IN ORDERS: Monitoring first two orders gtt orderbook status at 2025-05-09 12:48:15.185032+05:30...
2025-05-09 12:48:16,634 - INFO - STEP2 IN ORDERS: Monitoring first two orders gtt orderbook status at 2025-05-09 12:48:16.634933+05:30...
2025-05-09 12:48:18,076 - INFO - STEP2 IN ORDERS: Monitoring first two orders gtt orderbook status at 2025-05-09 12:48:18.075722+05:30...
2025-05-09 12:48:19,584 - INFO - STEP2 IN ORDERS: Monitoring first two orders gtt orderbook status at 2025-05-09 12:48:19.584317+05:30...
2025-05-09 12:48:21,046 - INFO - STEP2 IN ORDERS: Monitoring first two orders gtt orderbook status at 2025-05-09 12:48:21.045973+05:30...
2025-05-09 12:48:22,491 - INFO - STEP2 IN ORDERS: Monitoring first two orders gtt orderbook status at 2025-05-09 12:48:22.491758+05:30...
2025-05-09 12:48:23,988 - INFO - STEP2 IN ORDERS: Monitoring first two orders gtt orderbook status at 2025-05-09 12:48:23.987968+05:30...
2025-05-09 12:48:25,483 - INFO - STEP2 IN ORDERS: Monitoring first two orders gtt orderbook status at 2025-05-09 12:48:25.483165+05:30...
2025-05-09 12:48:26,977 - INFO - STEP2 IN ORDERS: Monitoring first two orders gtt orderbook status at 2025-05-09 12:48:26.977526+05:30...
2025-05-09 12:48:28,453 - INFO - STEP2 IN ORDERS: Monitoring first two orders gtt orderbook status at 2025-05-09 12:48:28.453728+05:30...
2025-05-09 12:48:29,922 - INFO - STEP2 IN ORDERS: Monitoring first two orders gtt orderbook status at 2025-05-09 12:48:29.922456+05:30...
2025-05-09 12:48:31,433 - INFO - STEP2 IN ORDERS: Monitoring first two orders gtt orderbook status at 2025-05-09 12:48:31.433786+05:30...
2025-05-09 12:48:32,948 - INFO - STEP2 IN ORDERS: Monitoring first two orders gtt orderbook status at 2025-05-09 12:48:32.948504+05:30...
2025-05-09 12:48:34,419 - INFO - STEP2 IN ORDERS: Monitoring first two orders gtt orderbook status at 2025-05-09 12:48:34.419738+05:30...
2025-05-09 12:48:35,903 - INFO - STEP2 IN ORDERS: Monitoring first two orders gtt orderbook status at 2025-05-09 12:48:35.903000+05:30...
2025-05-09 12:48:37,380 - INFO - STEP2 IN ORDERS: Monitoring first two orders gtt orderbook status at 2025-05-09 12:48:37.380378+05:30...
2025-05-09 12:48:38,836 - INFO - STEP2 IN ORDERS: Monitoring first two orders gtt orderbook status at 2025-05-09 12:48:38.836912+05:30...
2025-05-09 12:48:40,308 - INFO - STEP2 IN ORDERS: Monitoring first two orders gtt orderbook status at 2025-05-09 12:48:40.308876+05:30...
2025-05-09 12:48:41,784 - INFO - STEP2 IN ORDERS: Monitoring first two orders gtt orderbook status at 2025-05-09 12:48:41.784936+05:30...
2025-05-09 12:48:43,246 - INFO - STEP2 IN ORDERS: Monitoring first two orders gtt orderbook status at 2025-05-09 12:48:43.246085+05:30...
2025-05-09 12:48:44,707 - INFO - STEP2 IN ORDERS: Monitoring first two orders gtt orderbook status at 2025-05-09 12:48:44.707059+05:30...
2025-05-09 12:48:46,169 - INFO - STEP2 IN ORDERS: Monitoring first two orders gtt orderbook status at 2025-05-09 12:48:46.169037+05:30...
2025-05-09 12:48:47,620 - INFO - STEP2 IN ORDERS: Monitoring first two orders gtt orderbook status at 2025-05-09 12:48:47.620191+05:30...
2025-05-09 12:48:49,080 - INFO - STEP2 IN ORDERS: Monitoring first two orders gtt orderbook status at 2025-05-09 12:48:49.080046+05:30...
2025-05-09 12:48:50,507 - INFO - STEP2 IN ORDERS: Monitoring first two orders gtt orderbook status at 2025-05-09 12:48:50.507737+05:30...
2025-05-09 12:48:51,959 - INFO - STEP2 IN ORDERS: Monitoring first two orders gtt orderbook status at 2025-05-09 12:48:51.959269+05:30...
2025-05-09 12:48:53,432 - INFO - STEP2 IN ORDERS: Monitoring first two orders gtt orderbook status at 2025-05-09 12:48:53.432561+05:30...
2025-05-09 12:48:54,860 - INFO - STEP2 IN ORDERS: Monitoring first two orders gtt orderbook status at 2025-05-09 12:48:54.860885+05:30...
2025-05-09 12:48:56,309 - INFO - STEP2 IN ORDERS: Monitoring first two orders gtt orderbook status at 2025-05-09 12:48:56.309891+05:30...
2025-05-09 12:48:57,752 - INFO - STEP2 IN ORDERS: Monitoring first two orders gtt orderbook status at 2025-05-09 12:48:57.752735+05:30...
2025-05-09 12:48:59,180 - INFO - STEP2 IN ORDERS: Monitoring first two orders gtt orderbook status at 2025-05-09 12:48:59.180115+05:30...
2025-05-09 12:49:00,645 - INFO - STEP2 IN ORDERS: Monitoring first two orders gtt orderbook status at 2025-05-09 12:49:00.645801+05:30...
2025-05-09 12:49:02,127 - INFO - STEP2 IN ORDERS: Monitoring first two orders gtt orderbook status at 2025-05-09 12:49:02.127110+05:30...
2025-05-09 12:49:03,599 - INFO - STEP2 IN ORDERS: Monitoring first two orders gtt orderbook status at 2025-05-09 12:49:03.599274+05:30...
2025-05-09 12:49:05,063 - INFO - STEP2 IN ORDERS: Monitoring first two orders gtt orderbook status at 2025-05-09 12:49:05.063070+05:30...
2025-05-09 12:49:06,532 - INFO - STEP2 IN ORDERS: Monitoring first two orders gtt orderbook status at 2025-05-09 12:49:06.532083+05:30...
2025-05-09 12:49:08,007 - INFO - STEP2 IN ORDERS: Monitoring first two orders gtt orderbook status at 2025-05-09 12:49:08.007014+05:30...
2025-05-09 12:49:09,477 - INFO - STEP2 IN ORDERS: Monitoring first two orders gtt orderbook status at 2025-05-09 12:49:09.477662+05:30...
2025-05-09 12:49:10,953 - INFO - STEP2 IN ORDERS: Monitoring first two orders gtt orderbook status at 2025-05-09 12:49:10.952984+05:30...
2025-05-09 12:49:12,393 - INFO - STEP2 IN ORDERS: Monitoring first two orders gtt orderbook status at 2025-05-09 12:49:12.393808+05:30...
2025-05-09 12:49:13,873 - INFO - STEP2 IN ORDERS: Monitoring first two orders gtt orderbook status at 2025-05-09 12:49:13.873261+05:30...
2025-05-09 12:49:15,345 - INFO - STEP2 IN ORDERS: Monitoring first two orders gtt orderbook status at 2025-05-09 12:49:15.345528+05:30...
2025-05-09 12:49:16,822 - INFO - STEP2 IN ORDERS: Monitoring first two orders gtt orderbook status at 2025-05-09 12:49:16.822842+05:30...
2025-05-09 12:49:18,296 - INFO - STEP2 IN ORDERS: Monitoring first two orders gtt orderbook status at 2025-05-09 12:49:18.296624+05:30...
2025-05-09 12:49:19,791 - INFO - STEP2 IN ORDERS: Monitoring first two orders gtt orderbook status at 2025-05-09 12:49:19.791869+05:30...
2025-05-09 12:49:21,282 - INFO - STEP2 IN ORDERS: Monitoring first two orders gtt orderbook status at 2025-05-09 12:49:21.282236+05:30...
2025-05-09 12:49:22,738 - INFO - STEP2 IN ORDERS: Monitoring first two orders gtt orderbook status at 2025-05-09 12:49:22.738514+05:30...
2025-05-09 12:49:24,209 - INFO - STEP2 IN ORDERS: Monitoring first two orders gtt orderbook status at 2025-05-09 12:49:24.209028+05:30...
2025-05-09 12:49:25,680 - INFO - STEP2 IN ORDERS: Monitoring first two orders gtt orderbook status at 2025-05-09 12:49:25.680253+05:30...
2025-05-09 12:49:27,152 - INFO - STEP2 IN ORDERS: Monitoring first two orders gtt orderbook status at 2025-05-09 12:49:27.152699+05:30...
2025-05-09 12:49:28,610 - INFO - STEP2 IN ORDERS: Monitoring first two orders gtt orderbook status at 2025-05-09 12:49:28.609986+05:30...
2025-05-09 12:49:30,078 - INFO - STEP2 IN ORDERS: Monitoring first two orders gtt orderbook status at 2025-05-09 12:49:30.078788+05:30...
2025-05-09 12:49:31,530 - INFO - STEP2 IN ORDERS: Monitoring first two orders gtt orderbook status at 2025-05-09 12:49:31.530538+05:30...
2025-05-09 12:49:33,040 - INFO - STEP2 IN ORDERS: Monitoring first two orders gtt orderbook status at 2025-05-09 12:49:33.040642+05:30...
2025-05-09 12:49:34,498 - INFO - STEP2 IN ORDERS: Monitoring first two orders gtt orderbook status at 2025-05-09 12:49:34.498684+05:30...
2025-05-09 12:49:35,980 - INFO - STEP2 IN ORDERS: Monitoring first two orders gtt orderbook status at 2025-05-09 12:49:35.979974+05:30...
2025-05-09 12:49:37,493 - INFO - STEP2 IN ORDERS: Monitoring first two orders gtt orderbook status at 2025-05-09 12:49:37.493039+05:30...
2025-05-09 12:49:38,961 - INFO - STEP2 IN ORDERS: Monitoring first two orders gtt orderbook status at 2025-05-09 12:49:38.961471+05:30...
2025-05-09 12:49:40,406 - INFO - STEP2 IN ORDERS: Monitoring first two orders gtt orderbook status at 2025-05-09 12:49:40.406440+05:30...
2025-05-09 12:49:41,881 - INFO - STEP2 IN ORDERS: Monitoring first two orders gtt orderbook status at 2025-05-09 12:49:41.881352+05:30...
2025-05-09 12:49:43,373 - INFO - STEP2 IN ORDERS: Monitoring first two orders gtt orderbook status at 2025-05-09 12:49:43.373706+05:30...
2025-05-09 12:49:44,869 - INFO - STEP2 IN ORDERS: Monitoring first two orders gtt orderbook status at 2025-05-09 12:49:44.869600+05:30...
2025-05-09 12:49:46,341 - INFO - STEP2 IN ORDERS: Monitoring first two orders gtt orderbook status at 2025-05-09 12:49:46.341075+05:30...
2025-05-09 12:49:47,824 - INFO - STEP2 IN ORDERS: Monitoring first two orders gtt orderbook status at 2025-05-09 12:49:47.824502+05:30...
2025-05-09 12:49:49,290 - INFO - STEP2 IN ORDERS: Monitoring first two orders gtt orderbook status at 2025-05-09 12:49:49.290765+05:30...
2025-05-09 12:49:50,761 - INFO - STEP2 IN ORDERS: Monitoring first two orders gtt orderbook status at 2025-05-09 12:49:50.761048+05:30...
2025-05-09 12:49:52,209 - INFO - STEP2 IN ORDERS: Monitoring first two orders gtt orderbook status at 2025-05-09 12:49:52.209579+05:30...
2025-05-09 12:49:53,715 - INFO - STEP2 IN ORDERS: Monitoring first two orders gtt orderbook status at 2025-05-09 12:49:53.715248+05:30...
2025-05-09 12:49:55,176 - INFO - STEP2 IN ORDERS: Monitoring first two orders gtt orderbook status at 2025-05-09 12:49:55.176091+05:30...
2025-05-09 12:49:56,663 - INFO - STEP2 IN ORDERS: Monitoring first two orders gtt orderbook status at 2025-05-09 12:49:56.663420+05:30...
2025-05-09 12:49:58,103 - INFO - STEP2 IN ORDERS: Monitoring first two orders gtt orderbook status at 2025-05-09 12:49:58.103630+05:30...
2025-05-09 12:49:59,587 - INFO - STEP2 IN ORDERS: Monitoring first two orders gtt orderbook status at 2025-05-09 12:49:59.587709+05:30...
2025-05-09 12:50:01,021 - INFO - STEP2 IN ORDERS: Monitoring first two orders gtt orderbook status at 2025-05-09 12:50:01.021096+05:30...
2025-05-09 12:50:02,494 - INFO - STEP2 IN ORDERS: Monitoring first two orders gtt orderbook status at 2025-05-09 12:50:02.494625+05:30...
2025-05-09 12:50:03,935 - INFO - STEP2 IN ORDERS: Monitoring first two orders gtt orderbook status at 2025-05-09 12:50:03.935736+05:30...
2025-05-09 12:50:05,379 - INFO - STEP2 IN ORDERS: Monitoring first two orders gtt orderbook status at 2025-05-09 12:50:05.379747+05:30...
2025-05-09 12:50:06,853 - INFO - STEP2 IN ORDERS: Monitoring first two orders gtt orderbook status at 2025-05-09 12:50:06.853271+05:30...
2025-05-09 12:50:08,348 - INFO - STEP2 IN ORDERS: Monitoring first two orders gtt orderbook status at 2025-05-09 12:50:08.348337+05:30...
2025-05-09 12:50:09,837 - INFO - STEP2 IN ORDERS: Monitoring first two orders gtt orderbook status at 2025-05-09 12:50:09.837828+05:30...
2025-05-09 12:50:11,325 - INFO - STEP2 IN ORDERS: Monitoring first two orders gtt orderbook status at 2025-05-09 12:50:11.325218+05:30...
2025-05-09 12:50:12,792 - INFO - STEP2 IN ORDERS: Monitoring first two orders gtt orderbook status at 2025-05-09 12:50:12.792308+05:30...
2025-05-09 12:50:14,251 - INFO - STEP2 IN ORDERS: Monitoring first two orders gtt orderbook status at 2025-05-09 12:50:14.251714+05:30...
2025-05-09 12:50:15,709 - INFO - STEP2 IN ORDERS: Monitoring first two orders gtt orderbook status at 2025-05-09 12:50:15.709447+05:30...
2025-05-09 12:50:17,234 - INFO - STEP2 IN ORDERS: Monitoring first two orders gtt orderbook status at 2025-05-09 12:50:17.233993+05:30...
2025-05-09 12:50:18,698 - INFO - STEP2 IN ORDERS: Monitoring first two orders gtt orderbook status at 2025-05-09 12:50:18.698897+05:30...
2025-05-09 12:50:20,173 - INFO - STEP2 IN ORDERS: Monitoring first two orders gtt orderbook status at 2025-05-09 12:50:20.173412+05:30...
2025-05-09 12:50:21,664 - INFO - STEP2 IN ORDERS: Monitoring first two orders gtt orderbook status at 2025-05-09 12:50:21.664768+05:30...
2025-05-09 12:50:23,124 - INFO - STEP2 IN ORDERS: Monitoring first two orders gtt orderbook status at 2025-05-09 12:50:23.124435+05:30...
2025-05-09 12:50:24,584 - INFO - STEP2 IN ORDERS: Monitoring first two orders gtt orderbook status at 2025-05-09 12:50:24.584224+05:30...
2025-05-09 12:50:26,075 - INFO - STEP2 IN ORDERS: Monitoring first two orders gtt orderbook status at 2025-05-09 12:50:26.075605+05:30...
2025-05-09 12:50:27,560 - INFO - STEP2 IN ORDERS: Monitoring first two orders gtt orderbook status at 2025-05-09 12:50:27.560035+05:30...
2025-05-09 12:50:29,024 - INFO - STEP2 IN ORDERS: Monitoring first two orders gtt orderbook status at 2025-05-09 12:50:29.024377+05:30...
2025-05-09 12:50:30,482 - INFO - STEP2 IN ORDERS: Monitoring first two orders gtt orderbook status at 2025-05-09 12:50:30.482115+05:30...
2025-05-09 12:50:32,015 - INFO - STEP2 IN ORDERS: Monitoring first two orders gtt orderbook status at 2025-05-09 12:50:32.015365+05:30...
2025-05-09 12:50:33,474 - INFO - STEP2 IN ORDERS: Monitoring first two orders gtt orderbook status at 2025-05-09 12:50:33.474874+05:30...
2025-05-09 12:50:34,969 - INFO - STEP2 IN ORDERS: Monitoring first two orders gtt orderbook status at 2025-05-09 12:50:34.969137+05:30...
2025-05-09 12:50:36,465 - INFO - STEP2 IN ORDERS: Monitoring first two orders gtt orderbook status at 2025-05-09 12:50:36.465288+05:30...
2025-05-09 12:50:37,927 - INFO - STEP2 IN ORDERS: Monitoring first two orders gtt orderbook status at 2025-05-09 12:50:37.927568+05:30...
2025-05-09 12:50:39,398 - INFO - STEP2 IN ORDERS: Monitoring first two orders gtt orderbook status at 2025-05-09 12:50:39.398733+05:30...
2025-05-09 12:50:40,839 - INFO - STEP2 IN ORDERS: Monitoring first two orders gtt orderbook status at 2025-05-09 12:50:40.839501+05:30...
2025-05-09 12:50:42,281 - INFO - STEP2 IN ORDERS: Monitoring first two orders gtt orderbook status at 2025-05-09 12:50:42.281035+05:30...
2025-05-09 12:50:43,788 - INFO - STEP2 IN ORDERS: Monitoring first two orders gtt orderbook status at 2025-05-09 12:50:43.788787+05:30...
2025-05-09 12:50:45,291 - INFO - STEP2 IN ORDERS: Monitoring first two orders gtt orderbook status at 2025-05-09 12:50:45.291712+05:30...
2025-05-09 12:50:46,751 - INFO - STEP2 IN ORDERS: Monitoring first two orders gtt orderbook status at 2025-05-09 12:50:46.751061+05:30...
2025-05-09 12:50:48,209 - INFO - STEP2 IN ORDERS: Monitoring first two orders gtt orderbook status at 2025-05-09 12:50:48.209114+05:30...
2025-05-09 12:50:49,669 - INFO - STEP2 IN ORDERS: Monitoring first two orders gtt orderbook status at 2025-05-09 12:50:49.669351+05:30...
2025-05-09 12:50:51,143 - INFO - STEP2 IN ORDERS: Monitoring first two orders gtt orderbook status at 2025-05-09 12:50:51.143716+05:30...
2025-05-09 12:50:52,601 - INFO - STEP2 IN ORDERS: Monitoring first two orders gtt orderbook status at 2025-05-09 12:50:52.601877+05:30...
2025-05-09 12:50:54,050 - INFO - STEP2 IN ORDERS: Monitoring first two orders gtt orderbook status at 2025-05-09 12:50:54.050164+05:30...
2025-05-09 12:50:55,489 - INFO - STEP2 IN ORDERS: Monitoring first two orders gtt orderbook status at 2025-05-09 12:50:55.489345+05:30...
2025-05-09 12:50:56,961 - INFO - STEP2 IN ORDERS: Monitoring first two orders gtt orderbook status at 2025-05-09 12:50:56.961467+05:30...
2025-05-09 12:51:57,425 - ERROR - Error occurred in order processing:
Traceback (most recent call last):
  File "/home/ec2-user/.local/lib/python3.9/site-packages/urllib3/connectionpool.py", line 536, in _make_request
    response = conn.getresponse()
  File "/home/ec2-user/.local/lib/python3.9/site-packages/urllib3/connection.py", line 454, in getresponse
    httplib_response = super().getresponse()
  File "/usr/lib64/python3.9/http/client.py", line 1377, in getresponse
    response.begin()
  File "/usr/lib64/python3.9/http/client.py", line 320, in begin
    version, status, reason = self._read_status()
  File "/usr/lib64/python3.9/http/client.py", line 281, in _read_status
    line = str(self.fp.readline(_MAXLINE + 1), "iso-8859-1")
  File "/usr/lib64/python3.9/socket.py", line 716, in readinto
    return self._sock.recv_into(b)
  File "/usr/lib64/python3.9/ssl.py", line 1275, in recv_into
    return self.read(nbytes, buffer)
  File "/usr/lib64/python3.9/ssl.py", line 1133, in read
    return self._sslobj.read(len, buffer)
socket.timeout: The read operation timed out

The above exception was the direct cause of the following exception:

Traceback (most recent call last):
  File "/home/ec2-user/.local/lib/python3.9/site-packages/requests/adapters.py", line 486, in send
    resp = conn.urlopen(
  File "/home/ec2-user/.local/lib/python3.9/site-packages/urllib3/connectionpool.py", line 844, in urlopen
    retries = retries.increment(
  File "/home/ec2-user/.local/lib/python3.9/site-packages/urllib3/util/retry.py", line 470, in increment
    raise reraise(type(error), error, _stacktrace)
  File "/home/ec2-user/.local/lib/python3.9/site-packages/urllib3/util/util.py", line 39, in reraise
    raise value
  File "/home/ec2-user/.local/lib/python3.9/site-packages/urllib3/connectionpool.py", line 790, in urlopen
    response = self._make_request(
  File "/home/ec2-user/.local/lib/python3.9/site-packages/urllib3/connectionpool.py", line 538, in _make_request
    self._raise_timeout(err=e, url=url, timeout_value=read_timeout)
  File "/home/ec2-user/.local/lib/python3.9/site-packages/urllib3/connectionpool.py", line 370, in _raise_timeout
    raise ReadTimeoutError(
urllib3.exceptions.ReadTimeoutError: HTTPSConnectionPool(host='apiconnect.angelbroking.com', port=443): Read timed out. (read timeout=60)

During handling of the above exception, another exception occurred:

Traceback (most recent call last):
  File "/home/ec2-user/REL5/src/order_manager.py", line 738, in main_order_monitoring_loop
    gtt_order_book_status = self.check_status_of_first_two_gtt_orders_in_orderbook()
  File "/home/ec2-user/REL5/src/order_manager.py", line 290, in check_status_of_first_two_gtt_orders_in_orderbook
    orderbook_response = self.smartApi.orderBook()
  File "/home/ec2-user/.local/lib/python3.9/site-packages/SmartApi/smartConnect.py", line 379, in orderBook
    orderBookResponse=self._getRequest("api.order.book")
  File "/home/ec2-user/.local/lib/python3.9/site-packages/SmartApi/smartConnect.py", line 263, in _getRequest
    return self._request(route, "GET", params)
  File "/home/ec2-user/.local/lib/python3.9/site-packages/SmartApi/smartConnect.py", line 219, in _request
    raise e
  File "/home/ec2-user/.local/lib/python3.9/site-packages/SmartApi/smartConnect.py", line 207, in _request
    r = requests.request(method,
  File "/home/ec2-user/.local/lib/python3.9/site-packages/requests/api.py", line 59, in request
    return session.request(method=method, url=url, **kwargs)
  File "/home/ec2-user/.local/lib/python3.9/site-packages/requests/sessions.py", line 589, in request
    resp = self.send(prep, **send_kwargs)
  File "/home/ec2-user/.local/lib/python3.9/site-packages/requests/sessions.py", line 703, in send
    r = adapter.send(request, **kwargs)
  File "/home/ec2-user/.local/lib/python3.9/site-packages/requests/adapters.py", line 532, in send
    raise ReadTimeout(e, request=request)
requests.exceptions.ReadTimeout: HTTPSConnectionPool(host='apiconnect.angelbroking.com', port=443): Read timed out. (read timeout=60)
2025-05-09 12:51:57,431 - INFO - ******************************** Ended: End Time is reached 2025-05-09 15:20:00+05:30 workflow is stopped*********************************************
2025-05-09 12:51:57,431 - INFO - ✅ MAIN Workflow execution completed.
2025-05-09 12:51:57,431 - INFO - ⏱️ Total time taken: 11619.65 seconds
