2025-05-17 19:42:44,541 - INFO - 🚀 Starting Trading Automation Workflow...
2025-05-17 19:42:44,558 - INFO - ✅ All Backup files are taken backup
2025-05-17 19:42:44,562 - INFO - ✅ All Order Backup files are taken backup
2025-05-17 19:42:44,581 - INFO - 📈 Stock selected: ETERNAL
2025-05-17 19:42:44,584 - INFO - 📦 Quantity selected: 5
2025-05-17 19:42:46,903 - INFO - ⬇️  Downloading latest ScripMaster...
2025-05-17 19:42:53,531 - INFO - ✅ ScripMaster downloaded and saved to c:\Users\imrum\OneDrive\Desktop\Trae\REL5\data\current\scripmaster.csv
2025-05-17 19:42:54,237 - INFO - 🎉 Logged in successfully as KOTA SAI KRISHNA KISHORE
2025-05-17 19:42:54,277 - INFO - ✅ Picked current month valid future: ETERNAL29MAY25FUT
2025-05-17 19:42:54,572 - INFO - ⏰ Target time reached! Fetching multi-option data...
2025-05-17 19:42:54,582 - INFO - CE Strike: 245, PE Strike: 245, Expiry: 29MAY25
2025-05-17 19:42:54,591 - INFO - CE Strike List: [230, 235, 240, 245, 250, 255, 260]
2025-05-17 19:42:54,592 - INFO - PE Strike List: [230, 235, 240, 245, 250, 255, 260]
2025-05-17 19:42:54,699 - INFO - CE Symbol-Token List: [('ETERNAL29MAY25230CE', 140691), ('ETERNAL29MAY25235CE', 146346), ('ETERNAL29MAY25240CE', 140695), ('ETERNAL29MAY25245CE', 146348), ('ETERNAL29MAY25250CE', 140699), ('ETERNAL29MAY25255CE', 146350), ('ETERNAL29MAY25260CE', 140769)]
2025-05-17 19:42:54,699 - INFO - PE Symbol-Token List: [('ETERNAL29MAY25230PE', 140694), ('ETERNAL29MAY25235PE', 146347), ('ETERNAL29MAY25240PE', 140698), ('ETERNAL29MAY25245PE', 146349), ('ETERNAL29MAY25250PE', 140768), ('ETERNAL29MAY25255PE', 146351), ('ETERNAL29MAY25260PE', 140770)]
2025-05-17 19:42:54,699 - INFO - ⏳ Collecting mutltiple options ltp data until 2025-05-17 19:32:53+05:30 IST...
2025-05-17 19:42:54,702 - INFO - ✅ Time reached. Stopping data collection.
2025-05-17 19:42:54,722 - INFO - ✅ Fetching of ltp for multiple options completed successfully
2025-05-17 19:42:54,872 - INFO - ❌ ERROR: No rows found for symbol: ETERNAL29MAY25245CE in c:\Users\imrum\OneDrive\Desktop\Trae\REL5\data\current\multi_options_data.csv
2025-05-17 19:42:54,886 - INFO - ❌ ERROR:: ---------There was no data in multi options file. Please Run the main.py file by enabling all parameters in flow control python file..------------
2025-05-17 19:42:54,886 - INFO - ✅ MAIN Workflow execution completed.
2025-05-17 19:42:54,892 - INFO - ⏱️ Total time taken: 10.36 seconds
