2025-05-17 19:21:02,831 - INFO - 🚀 Starting Trading Automation Workflow...
2025-05-17 19:21:02,842 - INFO - ✅ All Backup files are taken backup
2025-05-17 19:21:02,848 - INFO - ✅ All Order Backup files are taken backup
2025-05-17 19:21:02,861 - INFO - 📈 Stock selected: ETERNAL
2025-05-17 19:21:02,870 - INFO - 📦 Quantity selected: 5
2025-05-17 19:21:04,517 - INFO - ⬇️  Downloading latest ScripMaster...
2025-05-17 19:21:10,371 - INFO - ✅ ScripMaster downloaded and saved to c:\Users\imrum\OneDrive\Desktop\Trae\REL5\data\current\scripmaster.csv
2025-05-17 19:21:11,060 - INFO - 🎉 Logged in successfully as KOTA SAI KRISHNA KISHORE
2025-05-17 19:21:11,103 - INFO - ✅ Picked current month valid future: ETERNAL29MAY25FUT
2025-05-17 19:21:11,391 - INFO - ⏰ Target time reached! Fetching multi-option data...
2025-05-17 19:21:11,401 - INFO - CE Strike: 245, PE Strike: 245, Expiry: 29MAY25
2025-05-17 19:21:11,401 - INFO - CE Strike List: [230, 235, 240, 245, 250, 255, 260]
2025-05-17 19:21:11,401 - INFO - PE Strike List: [230, 235, 240, 245, 250, 255, 260]
2025-05-17 19:21:11,490 - INFO - CE Symbol-Token List: [('ETERNAL29MAY25230CE', 140691), ('ETERNAL29MAY25235CE', 146346), ('ETERNAL29MAY25240CE', 140695), ('ETERNAL29MAY25245CE', 146348), ('ETERNAL29MAY25250CE', 140699), ('ETERNAL29MAY25255CE', 146350), ('ETERNAL29MAY25260CE', 140769)]
2025-05-17 19:21:11,491 - INFO - PE Symbol-Token List: [('ETERNAL29MAY25230PE', 140694), ('ETERNAL29MAY25235PE', 146347), ('ETERNAL29MAY25240PE', 140698), ('ETERNAL29MAY25245PE', 146349), ('ETERNAL29MAY25250PE', 140768), ('ETERNAL29MAY25255PE', 146351), ('ETERNAL29MAY25260PE', 140770)]
2025-05-17 19:21:11,491 - INFO - ⏳ Collecting mutltiple options ltp data until 2025-05-17 19:22:53+05:30 IST...
2025-05-17 19:22:56,840 - INFO - ✅ Time reached. Stopping data collection.
2025-05-17 19:22:56,841 - INFO - ✅ Fetching of ltp for multiple options completed successfully
2025-05-17 19:22:57,141 - INFO - Before calculation CE High value is ETERNAL29MAY25245CE --> 6.45 and PE High value is ETERNAL29MAY25245PE--> 6.15
2025-05-17 19:22:57,141 - INFO - 📁 Entry data saved to c:\Users\imrum\OneDrive\Desktop\Trae\REL5\data\current\entry_values.csv
2025-05-17 19:22:57,141 - INFO - Entry value calculation time taken  2025-05-17 19:22:57
2025-05-17 19:22:57,141 - INFO - ✅ MAIN Workflow execution completed.
2025-05-17 19:22:57,149 - INFO - ⏱️ Total time taken: 114.32 seconds
