2025-05-09 09:16:27,622 - INFO - 🚀 Starting Trading Automation Workflow...
2025-05-09 09:16:27,623 - INFO - ✅ All Backup files are taken backup
2025-05-09 09:16:27,623 - INFO - ✅ All Order Backup files are taken backup
2025-05-09 09:16:27,626 - INFO - 📈 Stock selected: POLYCAB
2025-05-09 09:16:27,626 - INFO - 📦 Quantity selected: 5
2025-05-09 09:16:27,739 - INFO - ⬇️  Downloading latest ScripMaster...
2025-05-09 09:16:34,549 - INFO - ✅ ScripMaster downloaded and saved to /home/ec2-user/REL5/data/current/scripmaster.csv
2025-05-09 09:16:36,556 - INFO - 🎉 Logged in successfully as KOTA SAI KRISHNA KISHORE
2025-05-09 09:16:36,563 - INFO - ✅ Picked current month valid future: POLYCAB29MAY25FUT
2025-05-09 09:16:37,272 - INFO - ⏰ Target time reached! Fetching multi-option data...
2025-05-09 09:16:37,277 - INFO - CE Strike: 5700, PE Strike: 5800, Expiry: 29MAY25
2025-05-09 09:16:37,277 - INFO - CE Strike List: [5400, 5500, 5600, 5700, 5800, 5900, 6000]
2025-05-09 09:16:37,277 - INFO - PE Strike List: [5500, 5600, 5700, 5800, 5900, 6000, 6100]
2025-05-09 09:16:37,301 - INFO - CE Symbol-Token List: [('POLYCAB29MAY255400CE', 117930), ('POLYCAB29MAY255500CE', 131657), ('POLYCAB29MAY255600CE', 117939), ('POLYCAB29MAY255700CE', 131659), ('POLYCAB29MAY255800CE', 117941), ('POLYCAB29MAY255900CE', 131661), ('POLYCAB29MAY256000CE', 117943)]
2025-05-09 09:16:37,301 - INFO - PE Symbol-Token List: [('POLYCAB29MAY255500PE', 131658), ('POLYCAB29MAY255600PE', 117940), ('POLYCAB29MAY255700PE', 131660), ('POLYCAB29MAY255800PE', 117942), ('POLYCAB29MAY255900PE', 131662), ('POLYCAB29MAY256000PE', 117944), ('POLYCAB29MAY256100PE', 131664)]
2025-05-09 09:16:37,301 - INFO - ⏳ Collecting mutltiple options ltp data until 2025-05-09 09:19:53+05:30 IST...
2025-05-09 09:19:53,183 - INFO - ✅ Time reached. Stopping data collection.
2025-05-09 09:19:53,186 - INFO - ✅ Fetching of ltp for multiple options completed successfully
2025-05-09 09:19:53,874 - INFO - Before calculation CE High value is POLYCAB29MAY255700CE --> 247.0 and PE High value is POLYCAB29MAY255800PE--> 250.95
2025-05-09 09:19:53,875 - INFO - 📁 Entry data saved to /home/ec2-user/REL5/data/current/entry_values.csv
2025-05-09 09:19:53,875 - INFO - *********************** Started orders Monitoring from main_order_monitoring_loop at 2025-05-09 09:19:53.875671+05:30 *********************************
2025-05-09 09:19:53,876 - INFO - STEP1 IN ORDERS: Placing First set of orders at 2025-05-09 09:19:53.876089+05:30...
2025-05-09 09:19:54,509 - INFO - Error fetching order book.
2025-05-09 09:19:54,509 - INFO - Current Pending Orders: 0
2025-05-09 09:19:55,161 - INFO - Current GTT Pending Orders: 0
2025-05-09 09:19:56,605 - INFO - Condition is met PE Current LTP: 230.0  is less than 252.7 and CE Current LTP: 240.0  is less than 248.75
2025-05-09 09:19:57,266 - INFO - GTT Order 'ce_order1' created successfully. Rule ID: 5409734
2025-05-09 09:19:57,266 - INFO - CE Order Rule ID: 5409734
2025-05-09 09:19:57,924 - INFO - GTT Order 'pe_order1' created successfully. Rule ID: 5409735
2025-05-09 09:19:57,925 - INFO - PE Order Rule ID: 5409735
2025-05-09 09:19:57,926 - INFO - ✅ 2 orders saved successfully to /home/ec2-user/REL5/data/orders/first_orders.csv
2025-05-09 09:19:57,926 - INFO - CE Order sent
2025-05-09 09:19:57,927 - INFO - PE Order Sent
2025-05-09 09:19:57,927 - INFO - --------------First order created successfully------------------
2025-05-09 09:19:58,428 - INFO - STEP2 IN ORDERS: Monitoring first two orders gtt orderbook status at 2025-05-09 09:19:58.427962+05:30...
2025-05-09 09:19:59,877 - INFO - STEP2 IN ORDERS: Monitoring first two orders gtt orderbook status at 2025-05-09 09:19:59.877756+05:30...
2025-05-09 09:20:01,330 - INFO - STEP2 IN ORDERS: Monitoring first two orders gtt orderbook status at 2025-05-09 09:20:01.329996+05:30...
2025-05-09 09:20:02,772 - INFO - STEP2 IN ORDERS: Monitoring first two orders gtt orderbook status at 2025-05-09 09:20:02.772629+05:30...
2025-05-09 09:20:04,248 - INFO - STEP2 IN ORDERS: Monitoring first two orders gtt orderbook status at 2025-05-09 09:20:04.248860+05:30...
2025-05-09 09:20:05,696 - INFO - STEP2 IN ORDERS: Monitoring first two orders gtt orderbook status at 2025-05-09 09:20:05.696237+05:30...
2025-05-09 09:20:07,157 - INFO - STEP2 IN ORDERS: Monitoring first two orders gtt orderbook status at 2025-05-09 09:20:07.157299+05:30...
2025-05-09 09:20:08,614 - INFO - STEP2 IN ORDERS: Monitoring first two orders gtt orderbook status at 2025-05-09 09:20:08.614330+05:30...
2025-05-09 09:20:10,079 - INFO - STEP2 IN ORDERS: Monitoring first two orders gtt orderbook status at 2025-05-09 09:20:10.079468+05:30...
2025-05-09 09:20:11,517 - INFO - STEP2 IN ORDERS: Monitoring first two orders gtt orderbook status at 2025-05-09 09:20:11.517114+05:30...
2025-05-09 09:20:13,077 - INFO - STEP2 IN ORDERS: Monitoring first two orders gtt orderbook status at 2025-05-09 09:20:13.077703+05:30...
2025-05-09 09:20:14,556 - INFO - STEP2 IN ORDERS: Monitoring first two orders gtt orderbook status at 2025-05-09 09:20:14.556598+05:30...
2025-05-09 09:20:16,013 - INFO - STEP2 IN ORDERS: Monitoring first two orders gtt orderbook status at 2025-05-09 09:20:16.013341+05:30...
2025-05-09 09:20:17,479 - INFO - STEP2 IN ORDERS: Monitoring first two orders gtt orderbook status at 2025-05-09 09:20:17.479622+05:30...
2025-05-09 09:20:18,925 - INFO - STEP2 IN ORDERS: Monitoring first two orders gtt orderbook status at 2025-05-09 09:20:18.925077+05:30...
2025-05-09 09:20:20,417 - INFO - STEP2 IN ORDERS: Monitoring first two orders gtt orderbook status at 2025-05-09 09:20:20.417116+05:30...
2025-05-09 09:20:21,923 - INFO - STEP2 IN ORDERS: Monitoring first two orders gtt orderbook status at 2025-05-09 09:20:21.923900+05:30...
2025-05-09 09:20:23,383 - INFO - STEP2 IN ORDERS: Monitoring first two orders gtt orderbook status at 2025-05-09 09:20:23.383800+05:30...
2025-05-09 09:20:24,833 - INFO - STEP2 IN ORDERS: Monitoring first two orders gtt orderbook status at 2025-05-09 09:20:24.833842+05:30...
2025-05-09 09:20:26,296 - INFO - STEP2 IN ORDERS: Monitoring first two orders gtt orderbook status at 2025-05-09 09:20:26.296903+05:30...
2025-05-09 09:20:27,761 - INFO - STEP2 IN ORDERS: Monitoring first two orders gtt orderbook status at 2025-05-09 09:20:27.761870+05:30...
2025-05-09 09:20:29,209 - INFO - STEP2 IN ORDERS: Monitoring first two orders gtt orderbook status at 2025-05-09 09:20:29.209460+05:30...
2025-05-09 09:20:30,652 - INFO - STEP2 IN ORDERS: Monitoring first two orders gtt orderbook status at 2025-05-09 09:20:30.652741+05:30...
2025-05-09 09:20:32,101 - INFO - STEP2 IN ORDERS: Monitoring first two orders gtt orderbook status at 2025-05-09 09:20:32.101113+05:30...
2025-05-09 09:20:33,523 - INFO - STEP2 IN ORDERS: Monitoring first two orders gtt orderbook status at 2025-05-09 09:20:33.523208+05:30...
2025-05-09 09:20:34,999 - INFO - STEP2 IN ORDERS: Monitoring first two orders gtt orderbook status at 2025-05-09 09:20:34.999639+05:30...
2025-05-09 09:20:36,443 - INFO - STEP2 IN ORDERS: Monitoring first two orders gtt orderbook status at 2025-05-09 09:20:36.443304+05:30...
2025-05-09 09:20:37,898 - INFO - STEP2 IN ORDERS: Monitoring first two orders gtt orderbook status at 2025-05-09 09:20:37.898856+05:30...
2025-05-09 09:20:39,354 - INFO - STEP2 IN ORDERS: Monitoring first two orders gtt orderbook status at 2025-05-09 09:20:39.354812+05:30...
2025-05-09 09:20:40,802 - INFO - STEP2 IN ORDERS: Monitoring first two orders gtt orderbook status at 2025-05-09 09:20:40.802586+05:30...
2025-05-09 09:20:42,257 - INFO - STEP2 IN ORDERS: Monitoring first two orders gtt orderbook status at 2025-05-09 09:20:42.256955+05:30...
2025-05-09 09:20:43,709 - INFO - STEP2 IN ORDERS: Monitoring first two orders gtt orderbook status at 2025-05-09 09:20:43.709857+05:30...
2025-05-09 09:20:45,204 - INFO - STEP2 IN ORDERS: Monitoring first two orders gtt orderbook status at 2025-05-09 09:20:45.203987+05:30...
2025-05-09 09:20:46,672 - INFO - STEP2 IN ORDERS: Monitoring first two orders gtt orderbook status at 2025-05-09 09:20:46.672352+05:30...
2025-05-09 09:20:48,110 - INFO - STEP2 IN ORDERS: Monitoring first two orders gtt orderbook status at 2025-05-09 09:20:48.110552+05:30...
2025-05-09 09:20:49,552 - INFO - STEP2 IN ORDERS: Monitoring first two orders gtt orderbook status at 2025-05-09 09:20:49.552607+05:30...
2025-05-09 09:20:50,989 - INFO - STEP2 IN ORDERS: Monitoring first two orders gtt orderbook status at 2025-05-09 09:20:50.989425+05:30...
2025-05-09 09:20:52,445 - INFO - STEP2 IN ORDERS: Monitoring first two orders gtt orderbook status at 2025-05-09 09:20:52.445874+05:30...
2025-05-09 09:20:53,908 - INFO - STEP2 IN ORDERS: Monitoring first two orders gtt orderbook status at 2025-05-09 09:20:53.908830+05:30...
2025-05-09 09:20:55,345 - INFO - STEP2 IN ORDERS: Monitoring first two orders gtt orderbook status at 2025-05-09 09:20:55.345646+05:30...
2025-05-09 09:20:56,801 - INFO - STEP2 IN ORDERS: Monitoring first two orders gtt orderbook status at 2025-05-09 09:20:56.800984+05:30...
2025-05-09 09:20:58,288 - INFO - STEP2 IN ORDERS: Monitoring first two orders gtt orderbook status at 2025-05-09 09:20:58.288434+05:30...
2025-05-09 09:20:59,740 - INFO - STEP2 IN ORDERS: Monitoring first two orders gtt orderbook status at 2025-05-09 09:20:59.740146+05:30...
2025-05-09 09:21:01,179 - INFO - STEP2 IN ORDERS: Monitoring first two orders gtt orderbook status at 2025-05-09 09:21:01.179087+05:30...
2025-05-09 09:21:02,634 - INFO - STEP2 IN ORDERS: Monitoring first two orders gtt orderbook status at 2025-05-09 09:21:02.634406+05:30...
2025-05-09 09:21:04,105 - INFO - STEP2 IN ORDERS: Monitoring first two orders gtt orderbook status at 2025-05-09 09:21:04.105131+05:30...
2025-05-09 09:21:05,535 - INFO - STEP2 IN ORDERS: Monitoring first two orders gtt orderbook status at 2025-05-09 09:21:05.535089+05:30...
2025-05-09 09:21:06,996 - INFO - STEP2 IN ORDERS: Monitoring first two orders gtt orderbook status at 2025-05-09 09:21:06.995986+05:30...
2025-05-09 09:21:08,486 - INFO - STEP2 IN ORDERS: Monitoring first two orders gtt orderbook status at 2025-05-09 09:21:08.486176+05:30...
2025-05-09 09:21:09,924 - INFO - STEP2 IN ORDERS: Monitoring first two orders gtt orderbook status at 2025-05-09 09:21:09.924477+05:30...
2025-05-09 09:21:11,397 - INFO - STEP2 IN ORDERS: Monitoring first two orders gtt orderbook status at 2025-05-09 09:21:11.397413+05:30...
2025-05-09 09:21:12,841 - INFO - STEP2 IN ORDERS: Monitoring first two orders gtt orderbook status at 2025-05-09 09:21:12.841023+05:30...
2025-05-09 09:21:14,299 - INFO - STEP2 IN ORDERS: Monitoring first two orders gtt orderbook status at 2025-05-09 09:21:14.299144+05:30...
2025-05-09 09:21:15,751 - INFO - STEP2 IN ORDERS: Monitoring first two orders gtt orderbook status at 2025-05-09 09:21:15.751854+05:30...
2025-05-09 09:21:17,216 - INFO - STEP2 IN ORDERS: Monitoring first two orders gtt orderbook status at 2025-05-09 09:21:17.216337+05:30...
2025-05-09 09:21:18,654 - INFO - STEP2 IN ORDERS: Monitoring first two orders gtt orderbook status at 2025-05-09 09:21:18.654768+05:30...
2025-05-09 09:21:20,117 - INFO - STEP2 IN ORDERS: Monitoring first two orders gtt orderbook status at 2025-05-09 09:21:20.116966+05:30...
2025-05-09 09:21:21,565 - INFO - STEP2 IN ORDERS: Monitoring first two orders gtt orderbook status at 2025-05-09 09:21:21.565118+05:30...
2025-05-09 09:21:22,999 - INFO - STEP2 IN ORDERS: Monitoring first two orders gtt orderbook status at 2025-05-09 09:21:22.999316+05:30...
2025-05-09 09:21:24,444 - INFO - STEP2 IN ORDERS: Monitoring first two orders gtt orderbook status at 2025-05-09 09:21:24.444404+05:30...
2025-05-09 09:21:25,932 - INFO - STEP2 IN ORDERS: Monitoring first two orders gtt orderbook status at 2025-05-09 09:21:25.932855+05:30...
2025-05-09 09:21:27,365 - INFO - STEP2 IN ORDERS: Monitoring first two orders gtt orderbook status at 2025-05-09 09:21:27.365078+05:30...
2025-05-09 09:21:28,814 - INFO - STEP2 IN ORDERS: Monitoring first two orders gtt orderbook status at 2025-05-09 09:21:28.814172+05:30...
2025-05-09 09:21:30,261 - INFO - STEP2 IN ORDERS: Monitoring first two orders gtt orderbook status at 2025-05-09 09:21:30.261407+05:30...
2025-05-09 09:21:31,706 - INFO - STEP2 IN ORDERS: Monitoring first two orders gtt orderbook status at 2025-05-09 09:21:31.706314+05:30...
2025-05-09 09:21:33,144 - INFO - STEP2 IN ORDERS: Monitoring first two orders gtt orderbook status at 2025-05-09 09:21:33.144251+05:30...
2025-05-09 09:21:34,582 - INFO - STEP2 IN ORDERS: Monitoring first two orders gtt orderbook status at 2025-05-09 09:21:34.582317+05:30...
2025-05-09 09:21:36,036 - INFO - STEP2 IN ORDERS: Monitoring first two orders gtt orderbook status at 2025-05-09 09:21:36.036329+05:30...
2025-05-09 09:21:37,504 - INFO - STEP2 IN ORDERS: Monitoring first two orders gtt orderbook status at 2025-05-09 09:21:37.504179+05:30...
2025-05-09 09:21:38,963 - INFO - STEP2 IN ORDERS: Monitoring first two orders gtt orderbook status at 2025-05-09 09:21:38.963078+05:30...
2025-05-09 09:21:40,400 - INFO - STEP2 IN ORDERS: Monitoring first two orders gtt orderbook status at 2025-05-09 09:21:40.399955+05:30...
2025-05-09 09:21:41,859 - INFO - STEP2 IN ORDERS: Monitoring first two orders gtt orderbook status at 2025-05-09 09:21:41.859232+05:30...
2025-05-09 09:21:43,303 - INFO - STEP2 IN ORDERS: Monitoring first two orders gtt orderbook status at 2025-05-09 09:21:43.303734+05:30...
2025-05-09 09:21:44,756 - INFO - STEP2 IN ORDERS: Monitoring first two orders gtt orderbook status at 2025-05-09 09:21:44.756442+05:30...
2025-05-09 09:21:46,244 - INFO - STEP2 IN ORDERS: Monitoring first two orders gtt orderbook status at 2025-05-09 09:21:46.243985+05:30...
2025-05-09 09:21:47,716 - INFO - STEP2 IN ORDERS: Monitoring first two orders gtt orderbook status at 2025-05-09 09:21:47.716068+05:30...
2025-05-09 09:21:49,160 - INFO - STEP2 IN ORDERS: Monitoring first two orders gtt orderbook status at 2025-05-09 09:21:49.159955+05:30...
2025-05-09 09:21:50,623 - INFO - STEP2 IN ORDERS: Monitoring first two orders gtt orderbook status at 2025-05-09 09:21:50.623564+05:30...
2025-05-09 09:21:52,079 - INFO - STEP2 IN ORDERS: Monitoring first two orders gtt orderbook status at 2025-05-09 09:21:52.079801+05:30...
2025-05-09 09:21:53,517 - INFO - STEP2 IN ORDERS: Monitoring first two orders gtt orderbook status at 2025-05-09 09:21:53.517561+05:30...
2025-05-09 09:21:54,979 - INFO - STEP2 IN ORDERS: Monitoring first two orders gtt orderbook status at 2025-05-09 09:21:54.979826+05:30...
2025-05-09 09:21:56,423 - INFO - STEP2 IN ORDERS: Monitoring first two orders gtt orderbook status at 2025-05-09 09:21:56.423378+05:30...
2025-05-09 09:21:57,854 - INFO - STEP2 IN ORDERS: Monitoring first two orders gtt orderbook status at 2025-05-09 09:21:57.854531+05:30...
2025-05-09 09:21:59,288 - INFO - STEP2 IN ORDERS: Monitoring first two orders gtt orderbook status at 2025-05-09 09:21:59.288791+05:30...
2025-05-09 09:22:00,741 - INFO - STEP2 IN ORDERS: Monitoring first two orders gtt orderbook status at 2025-05-09 09:22:00.741924+05:30...
2025-05-09 09:22:02,187 - INFO - STEP2 IN ORDERS: Monitoring first two orders gtt orderbook status at 2025-05-09 09:22:02.187248+05:30...
2025-05-09 09:22:03,646 - INFO - STEP2 IN ORDERS: Monitoring first two orders gtt orderbook status at 2025-05-09 09:22:03.646044+05:30...
2025-05-09 09:22:05,093 - INFO - STEP2 IN ORDERS: Monitoring first two orders gtt orderbook status at 2025-05-09 09:22:05.093668+05:30...
2025-05-09 09:22:06,555 - INFO - STEP2 IN ORDERS: Monitoring first two orders gtt orderbook status at 2025-05-09 09:22:06.555198+05:30...
2025-05-09 09:22:08,022 - INFO - STEP2 IN ORDERS: Monitoring first two orders gtt orderbook status at 2025-05-09 09:22:08.022040+05:30...
2025-05-09 09:22:09,480 - INFO - STEP2 IN ORDERS: Monitoring first two orders gtt orderbook status at 2025-05-09 09:22:09.480571+05:30...
2025-05-09 09:22:10,950 - INFO - STEP2 IN ORDERS: Monitoring first two orders gtt orderbook status at 2025-05-09 09:22:10.950908+05:30...
2025-05-09 09:22:12,481 - INFO - STEP2 IN ORDERS: Monitoring first two orders gtt orderbook status at 2025-05-09 09:22:12.481628+05:30...
2025-05-09 09:22:13,927 - INFO - STEP2 IN ORDERS: Monitoring first two orders gtt orderbook status at 2025-05-09 09:22:13.927174+05:30...
2025-05-09 09:22:15,397 - INFO - STEP2 IN ORDERS: Monitoring first two orders gtt orderbook status at 2025-05-09 09:22:15.397665+05:30...
2025-05-09 09:22:16,856 - INFO - STEP2 IN ORDERS: Monitoring first two orders gtt orderbook status at 2025-05-09 09:22:16.856374+05:30...
2025-05-09 09:22:18,295 - INFO - STEP2 IN ORDERS: Monitoring first two orders gtt orderbook status at 2025-05-09 09:22:18.295638+05:30...
2025-05-09 09:22:19,742 - INFO - STEP2 IN ORDERS: Monitoring first two orders gtt orderbook status at 2025-05-09 09:22:19.742010+05:30...
2025-05-09 09:22:21,182 - INFO - STEP2 IN ORDERS: Monitoring first two orders gtt orderbook status at 2025-05-09 09:22:21.182889+05:30...
2025-05-09 09:22:22,644 - INFO - STEP2 IN ORDERS: Monitoring first two orders gtt orderbook status at 2025-05-09 09:22:22.644183+05:30...
2025-05-09 09:22:24,089 - INFO - STEP2 IN ORDERS: Monitoring first two orders gtt orderbook status at 2025-05-09 09:22:24.089300+05:30...
2025-05-09 09:22:25,563 - INFO - STEP2 IN ORDERS: Monitoring first two orders gtt orderbook status at 2025-05-09 09:22:25.563864+05:30...
2025-05-09 09:22:27,034 - INFO - STEP2 IN ORDERS: Monitoring first two orders gtt orderbook status at 2025-05-09 09:22:27.034620+05:30...
2025-05-09 09:22:28,491 - INFO - STEP2 IN ORDERS: Monitoring first two orders gtt orderbook status at 2025-05-09 09:22:28.491064+05:30...
2025-05-09 09:22:29,943 - INFO - STEP2 IN ORDERS: Monitoring first two orders gtt orderbook status at 2025-05-09 09:22:29.943734+05:30...
2025-05-09 09:22:31,399 - INFO - STEP2 IN ORDERS: Monitoring first two orders gtt orderbook status at 2025-05-09 09:22:31.399882+05:30...
2025-05-09 09:22:32,862 - INFO - STEP2 IN ORDERS: Monitoring first two orders gtt orderbook status at 2025-05-09 09:22:32.862121+05:30...
2025-05-09 09:22:34,334 - INFO - STEP2 IN ORDERS: Monitoring first two orders gtt orderbook status at 2025-05-09 09:22:34.334925+05:30...
2025-05-09 09:22:35,786 - INFO - STEP2 IN ORDERS: Monitoring first two orders gtt orderbook status at 2025-05-09 09:22:35.785971+05:30...
2025-05-09 09:22:37,231 - INFO - STEP2 IN ORDERS: Monitoring first two orders gtt orderbook status at 2025-05-09 09:22:37.231063+05:30...
2025-05-09 09:22:38,688 - INFO - STEP2 IN ORDERS: Monitoring first two orders gtt orderbook status at 2025-05-09 09:22:38.687852+05:30...
2025-05-09 09:22:40,177 - INFO - STEP2 IN ORDERS: Monitoring first two orders gtt orderbook status at 2025-05-09 09:22:40.177490+05:30...
2025-05-09 09:22:41,636 - INFO - STEP2 IN ORDERS: Monitoring first two orders gtt orderbook status at 2025-05-09 09:22:41.636056+05:30...
2025-05-09 09:22:43,072 - INFO - STEP2 IN ORDERS: Monitoring first two orders gtt orderbook status at 2025-05-09 09:22:43.072004+05:30...
2025-05-09 09:22:44,537 - INFO - STEP2 IN ORDERS: Monitoring first two orders gtt orderbook status at 2025-05-09 09:22:44.537653+05:30...
2025-05-09 09:22:45,990 - INFO - STEP2 IN ORDERS: Monitoring first two orders gtt orderbook status at 2025-05-09 09:22:45.990312+05:30...
2025-05-09 09:22:47,453 - INFO - STEP2 IN ORDERS: Monitoring first two orders gtt orderbook status at 2025-05-09 09:22:47.453145+05:30...
2025-05-09 09:22:48,904 - INFO - STEP2 IN ORDERS: Monitoring first two orders gtt orderbook status at 2025-05-09 09:22:48.904848+05:30...
2025-05-09 09:22:50,352 - INFO - STEP2 IN ORDERS: Monitoring first two orders gtt orderbook status at 2025-05-09 09:22:50.352135+05:30...
2025-05-09 09:22:51,797 - INFO - STEP2 IN ORDERS: Monitoring first two orders gtt orderbook status at 2025-05-09 09:22:51.797116+05:30...
2025-05-09 09:22:53,272 - INFO - STEP2 IN ORDERS: Monitoring first two orders gtt orderbook status at 2025-05-09 09:22:53.272577+05:30...
2025-05-09 09:22:54,698 - INFO - STEP2 IN ORDERS: Monitoring first two orders gtt orderbook status at 2025-05-09 09:22:54.698536+05:30...
2025-05-09 09:22:56,132 - INFO - STEP2 IN ORDERS: Monitoring first two orders gtt orderbook status at 2025-05-09 09:22:56.132510+05:30...
2025-05-09 09:22:57,576 - INFO - STEP2 IN ORDERS: Monitoring first two orders gtt orderbook status at 2025-05-09 09:22:57.576584+05:30...
2025-05-09 09:22:59,021 - INFO - STEP2 IN ORDERS: Monitoring first two orders gtt orderbook status at 2025-05-09 09:22:59.021577+05:30...
2025-05-09 09:23:00,456 - INFO - STEP2 IN ORDERS: Monitoring first two orders gtt orderbook status at 2025-05-09 09:23:00.456048+05:30...
2025-05-09 09:23:01,903 - INFO - STEP2 IN ORDERS: Monitoring first two orders gtt orderbook status at 2025-05-09 09:23:01.903775+05:30...
2025-05-09 09:23:03,337 - INFO - STEP2 IN ORDERS: Monitoring first two orders gtt orderbook status at 2025-05-09 09:23:03.337549+05:30...
2025-05-09 09:23:04,850 - INFO - STEP2 IN ORDERS: Monitoring first two orders gtt orderbook status at 2025-05-09 09:23:04.850537+05:30...
2025-05-09 09:23:06,296 - INFO - STEP2 IN ORDERS: Monitoring first two orders gtt orderbook status at 2025-05-09 09:23:06.296828+05:30...
2025-05-09 09:23:07,752 - INFO - STEP2 IN ORDERS: Monitoring first two orders gtt orderbook status at 2025-05-09 09:23:07.752335+05:30...
2025-05-09 09:23:09,228 - INFO - STEP2 IN ORDERS: Monitoring first two orders gtt orderbook status at 2025-05-09 09:23:09.228067+05:30...
2025-05-09 09:23:10,714 - INFO - STEP2 IN ORDERS: Monitoring first two orders gtt orderbook status at 2025-05-09 09:23:10.714860+05:30...
2025-05-09 09:23:12,192 - INFO - STEP2 IN ORDERS: Monitoring first two orders gtt orderbook status at 2025-05-09 09:23:12.191977+05:30...
2025-05-09 09:23:13,660 - INFO - STEP2 IN ORDERS: Monitoring first two orders gtt orderbook status at 2025-05-09 09:23:13.660948+05:30...
2025-05-09 09:23:15,085 - INFO - STEP2 IN ORDERS: Monitoring first two orders gtt orderbook status at 2025-05-09 09:23:15.085865+05:30...
2025-05-09 09:23:16,543 - INFO - STEP2 IN ORDERS: Monitoring first two orders gtt orderbook status at 2025-05-09 09:23:16.543450+05:30...
2025-05-09 09:23:18,026 - INFO - STEP2 IN ORDERS: Monitoring first two orders gtt orderbook status at 2025-05-09 09:23:18.026884+05:30...
2025-05-09 09:23:19,483 - INFO - STEP2 IN ORDERS: Monitoring first two orders gtt orderbook status at 2025-05-09 09:23:19.483480+05:30...
2025-05-09 09:23:20,930 - INFO - STEP2 IN ORDERS: Monitoring first two orders gtt orderbook status at 2025-05-09 09:23:20.930339+05:30...
2025-05-09 09:23:22,377 - INFO - STEP2 IN ORDERS: Monitoring first two orders gtt orderbook status at 2025-05-09 09:23:22.377086+05:30...
2025-05-09 09:23:23,866 - INFO - STEP2 IN ORDERS: Monitoring first two orders gtt orderbook status at 2025-05-09 09:23:23.866427+05:30...
2025-05-09 09:23:25,350 - INFO - STEP2 IN ORDERS: Monitoring first two orders gtt orderbook status at 2025-05-09 09:23:25.350261+05:30...
2025-05-09 09:23:26,805 - INFO - STEP2 IN ORDERS: Monitoring first two orders gtt orderbook status at 2025-05-09 09:23:26.805615+05:30...
2025-05-09 09:23:28,259 - INFO - STEP2 IN ORDERS: Monitoring first two orders gtt orderbook status at 2025-05-09 09:23:28.259919+05:30...
2025-05-09 09:23:29,725 - INFO - STEP2 IN ORDERS: Monitoring first two orders gtt orderbook status at 2025-05-09 09:23:29.725695+05:30...
2025-05-09 09:23:31,196 - INFO - STEP2 IN ORDERS: Monitoring first two orders gtt orderbook status at 2025-05-09 09:23:31.196374+05:30...
2025-05-09 09:23:32,641 - INFO - STEP2 IN ORDERS: Monitoring first two orders gtt orderbook status at 2025-05-09 09:23:32.641746+05:30...
2025-05-09 09:23:34,091 - INFO - STEP2 IN ORDERS: Monitoring first two orders gtt orderbook status at 2025-05-09 09:23:34.091351+05:30...
2025-05-09 09:23:35,538 - INFO - STEP2 IN ORDERS: Monitoring first two orders gtt orderbook status at 2025-05-09 09:23:35.537987+05:30...
2025-05-09 09:23:37,010 - INFO - STEP2 IN ORDERS: Monitoring first two orders gtt orderbook status at 2025-05-09 09:23:37.010129+05:30...
2025-05-09 09:23:38,454 - INFO - STEP2 IN ORDERS: Monitoring first two orders gtt orderbook status at 2025-05-09 09:23:38.454701+05:30...
2025-05-09 09:23:39,907 - INFO - STEP2 IN ORDERS: Monitoring first two orders gtt orderbook status at 2025-05-09 09:23:39.907792+05:30...
2025-05-09 09:23:41,363 - INFO - STEP2 IN ORDERS: Monitoring first two orders gtt orderbook status at 2025-05-09 09:23:41.363447+05:30...
2025-05-09 09:23:43,089 - INFO - Cancelled GTT: 5409734
2025-05-09 09:23:43,091 - INFO - ✅ 1 orders saved successfully to /home/ec2-user/REL5/data/orders/first_success_orders.csv
2025-05-09 09:23:43,091 - INFO - --------------First PE order status was success and cancelled CE order 5409734----------------------------
2025-05-09 09:23:43,592 - INFO - STEP3 IN ORDERS: Placing second set of gtt orders at 2025-05-09 09:23:43.592642+05:30...
2025-05-09 09:23:43,593 - INFO - Target 1: Trigger =265.35 Price=262.7,Qty=250
2025-05-09 09:23:43,593 - INFO - Stop-loss price:238.05, Stop-loss trigger: 240.05
2025-05-09 09:23:44,296 - INFO - GTT Order 'gtt_order1' created successfully. Rule ID: 5409930
2025-05-09 09:23:44,979 - INFO - GTT Order 'gtt_sl_order1' created successfully. Rule ID: 5409933
2025-05-09 09:23:45,764 - INFO - GTT Order 'gtt_sl_order2' created successfully. Rule ID: 5409934
2025-05-09 09:23:46,446 - INFO - GTT Order 'gtt_sl_order3' created successfully. Rule ID: 5409936
2025-05-09 09:23:46,448 - INFO - ✅ 4 orders saved successfully to /home/ec2-user/REL5/data/orders/second_orders_placed.csv
2025-05-09 09:23:46,448 - INFO - -----------Second set of orders was created successfully-------------------
2025-05-09 09:23:46,448 - INFO - --------------------------------------------------------------------------------------------------------------------------------------------------------------------------------------------------------
2025-05-09 09:23:46,949 - INFO - STEP4 IN ORDERS: Monitoring second set of gtt order check status at 2025-05-09 09:23:46.949769+05:30...
2025-05-09 09:23:46,950 - INFO - STEP4 in Orders: Monitoring second set of gtt order check status at 2025-05-09 09:23:46.950268+05:30...
2025-05-09 09:23:50,103 - INFO - STEP4 in Orders: Monitoring second set of gtt order check status at 2025-05-09 09:23:50.103745+05:30...
2025-05-09 09:23:53,227 - INFO - STEP4 in Orders: Monitoring second set of gtt order check status at 2025-05-09 09:23:53.227843+05:30...
2025-05-09 09:23:56,410 - INFO - STEP4 in Orders: Monitoring second set of gtt order check status at 2025-05-09 09:23:56.410685+05:30...
2025-05-09 09:23:59,557 - INFO - STEP4 in Orders: Monitoring second set of gtt order check status at 2025-05-09 09:23:59.557491+05:30...
2025-05-09 09:24:02,708 - INFO - STEP4 in Orders: Monitoring second set of gtt order check status at 2025-05-09 09:24:02.708564+05:30...
2025-05-09 09:24:05,847 - INFO - STEP4 in Orders: Monitoring second set of gtt order check status at 2025-05-09 09:24:05.847823+05:30...
2025-05-09 09:24:09,721 - INFO - STEP4 in Orders: Monitoring second set of gtt order check status at 2025-05-09 09:24:09.721213+05:30...
2025-05-09 09:24:12,903 - INFO - STEP4 in Orders: Monitoring second set of gtt order check status at 2025-05-09 09:24:12.903956+05:30...
2025-05-09 09:24:16,050 - INFO - STEP4 in Orders: Monitoring second set of gtt order check status at 2025-05-09 09:24:16.050661+05:30...
2025-05-09 09:24:19,249 - INFO - STEP4 in Orders: Monitoring second set of gtt order check status at 2025-05-09 09:24:19.249519+05:30...
2025-05-09 09:24:22,483 - INFO - STEP4 in Orders: Monitoring second set of gtt order check status at 2025-05-09 09:24:22.482829+05:30...
2025-05-09 09:24:25,623 - INFO - STEP4 in Orders: Monitoring second set of gtt order check status at 2025-05-09 09:24:25.623563+05:30...
2025-05-09 09:24:28,762 - INFO - STEP4 in Orders: Monitoring second set of gtt order check status at 2025-05-09 09:24:28.762731+05:30...
2025-05-09 09:24:31,894 - INFO - STEP4 in Orders: Monitoring second set of gtt order check status at 2025-05-09 09:24:31.894729+05:30...
2025-05-09 09:24:35,046 - INFO - STEP4 in Orders: Monitoring second set of gtt order check status at 2025-05-09 09:24:35.046251+05:30...
2025-05-09 09:24:38,202 - INFO - STEP4 in Orders: Monitoring second set of gtt order check status at 2025-05-09 09:24:38.202147+05:30...
2025-05-09 09:24:41,398 - INFO - STEP4 in Orders: Monitoring second set of gtt order check status at 2025-05-09 09:24:41.398433+05:30...
2025-05-09 09:24:44,513 - INFO - STEP4 in Orders: Monitoring second set of gtt order check status at 2025-05-09 09:24:44.513499+05:30...
2025-05-09 09:24:47,632 - INFO - STEP4 in Orders: Monitoring second set of gtt order check status at 2025-05-09 09:24:47.632489+05:30...
2025-05-09 09:24:50,759 - INFO - STEP4 in Orders: Monitoring second set of gtt order check status at 2025-05-09 09:24:50.759038+05:30...
2025-05-09 09:24:53,890 - INFO - STEP4 in Orders: Monitoring second set of gtt order check status at 2025-05-09 09:24:53.890587+05:30...
2025-05-09 09:24:57,165 - INFO - STEP4 in Orders: Monitoring second set of gtt order check status at 2025-05-09 09:24:57.165176+05:30...
2025-05-09 09:25:00,287 - INFO - STEP4 in Orders: Monitoring second set of gtt order check status at 2025-05-09 09:25:00.287591+05:30...
2025-05-09 09:25:03,499 - INFO - STEP4 in Orders: Monitoring second set of gtt order check status at 2025-05-09 09:25:03.499739+05:30...
2025-05-09 09:25:07,736 - INFO - STEP4 in Orders: Monitoring second set of gtt order check status at 2025-05-09 09:25:07.736022+05:30...
2025-05-09 09:25:10,921 - INFO - STEP4 in Orders: Monitoring second set of gtt order check status at 2025-05-09 09:25:10.921104+05:30...
2025-05-09 09:25:14,097 - INFO - STEP4 in Orders: Monitoring second set of gtt order check status at 2025-05-09 09:25:14.097540+05:30...
2025-05-09 09:25:17,197 - INFO - STEP4 in Orders: Monitoring second set of gtt order check status at 2025-05-09 09:25:17.197557+05:30...
2025-05-09 09:25:20,359 - INFO - STEP4 in Orders: Monitoring second set of gtt order check status at 2025-05-09 09:25:20.359081+05:30...
2025-05-09 09:25:23,506 - INFO - STEP4 in Orders: Monitoring second set of gtt order check status at 2025-05-09 09:25:23.506143+05:30...
2025-05-09 09:25:26,644 - INFO - STEP4 in Orders: Monitoring second set of gtt order check status at 2025-05-09 09:25:26.644183+05:30...
2025-05-09 09:25:29,747 - INFO - STEP4 in Orders: Monitoring second set of gtt order check status at 2025-05-09 09:25:29.747669+05:30...
2025-05-09 09:25:32,913 - INFO - STEP4 in Orders: Monitoring second set of gtt order check status at 2025-05-09 09:25:32.913790+05:30...
2025-05-09 09:25:36,099 - INFO - STEP4 in Orders: Monitoring second set of gtt order check status at 2025-05-09 09:25:36.099241+05:30...
2025-05-09 09:25:39,302 - INFO - STEP4 in Orders: Monitoring second set of gtt order check status at 2025-05-09 09:25:39.302072+05:30...
2025-05-09 09:25:42,430 - INFO - STEP4 in Orders: Monitoring second set of gtt order check status at 2025-05-09 09:25:42.430419+05:30...
2025-05-09 09:25:45,550 - INFO - STEP4 in Orders: Monitoring second set of gtt order check status at 2025-05-09 09:25:45.550315+05:30...
2025-05-09 09:25:48,806 - INFO - STEP4 in Orders: Monitoring second set of gtt order check status at 2025-05-09 09:25:48.806697+05:30...
2025-05-09 09:25:51,938 - INFO - STEP4 in Orders: Monitoring second set of gtt order check status at 2025-05-09 09:25:51.938126+05:30...
2025-05-09 09:25:55,126 - INFO - STEP4 in Orders: Monitoring second set of gtt order check status at 2025-05-09 09:25:55.126494+05:30...
2025-05-09 09:25:58,255 - INFO - STEP4 in Orders: Monitoring second set of gtt order check status at 2025-05-09 09:25:58.254973+05:30...
2025-05-09 09:26:01,348 - INFO - STEP4 in Orders: Monitoring second set of gtt order check status at 2025-05-09 09:26:01.348610+05:30...
2025-05-09 09:26:05,146 - INFO - Cancelled GTT: 5409930
2025-05-09 09:26:05,146 - INFO - -----GTT SL Order1 is executed so cancelled GTT Order1 and assuming SL Order2 and SL Order3 is also existed BY ANGLE One Broker APP---
2025-05-09 09:26:05,147 - INFO - --------------------------------------------------------------------------------------------------------------------------------------------------------------------------------------------------------
2025-05-09 09:26:05,147 - INFO - ******************************* Ended: GTT SL Order1 Executed So restarting the orders again ******************************
2025-05-09 09:26:05,147 - INFO - All orders flag values reset for next iteration
2025-05-09 09:26:05,147 - INFO - ✅ All Order Backup files are taken backup
2025-05-09 09:26:05,648 - INFO - STEP1 IN ORDERS: Placing First set of orders at 2025-05-09 09:26:05.648667+05:30...
2025-05-09 09:26:06,290 - INFO - Current Pending Orders: 0
2025-05-09 09:26:06,960 - INFO - Current GTT Pending Orders: 0
2025-05-09 09:26:08,279 - INFO - Condition is met PE Current LTP: 238.05  is less than 252.7 and CE Current LTP: 227.1  is less than 248.75
2025-05-09 09:26:08,955 - INFO - GTT Order 'ce_order1' created successfully. Rule ID: 5410049
2025-05-09 09:26:08,955 - INFO - CE Order Rule ID: 5410049
2025-05-09 09:26:09,646 - INFO - GTT Order 'pe_order1' created successfully. Rule ID: 5410050
2025-05-09 09:26:09,648 - INFO - PE Order Rule ID: 5410050
2025-05-09 09:26:09,649 - INFO - ✅ 2 orders saved successfully to /home/ec2-user/REL5/data/orders/first_orders.csv
2025-05-09 09:26:09,650 - INFO - CE Order sent
2025-05-09 09:26:09,650 - INFO - PE Order Sent
2025-05-09 09:26:09,650 - INFO - --------------First order created successfully------------------
2025-05-09 09:26:10,151 - INFO - STEP2 IN ORDERS: Monitoring first two orders gtt orderbook status at 2025-05-09 09:26:10.151067+05:30...
2025-05-09 09:26:11,598 - INFO - STEP2 IN ORDERS: Monitoring first two orders gtt orderbook status at 2025-05-09 09:26:11.598705+05:30...
2025-05-09 09:26:13,041 - INFO - STEP2 IN ORDERS: Monitoring first two orders gtt orderbook status at 2025-05-09 09:26:13.041127+05:30...
2025-05-09 09:26:14,501 - INFO - STEP2 IN ORDERS: Monitoring first two orders gtt orderbook status at 2025-05-09 09:26:14.501784+05:30...
2025-05-09 09:26:15,958 - INFO - STEP2 IN ORDERS: Monitoring first two orders gtt orderbook status at 2025-05-09 09:26:15.958054+05:30...
2025-05-09 09:26:17,413 - INFO - STEP2 IN ORDERS: Monitoring first two orders gtt orderbook status at 2025-05-09 09:26:17.413025+05:30...
2025-05-09 09:26:18,904 - INFO - STEP2 IN ORDERS: Monitoring first two orders gtt orderbook status at 2025-05-09 09:26:18.904005+05:30...
2025-05-09 09:26:20,362 - INFO - STEP2 IN ORDERS: Monitoring first two orders gtt orderbook status at 2025-05-09 09:26:20.362110+05:30...
2025-05-09 09:26:21,809 - INFO - STEP2 IN ORDERS: Monitoring first two orders gtt orderbook status at 2025-05-09 09:26:21.809075+05:30...
2025-05-09 09:26:23,257 - INFO - STEP2 IN ORDERS: Monitoring first two orders gtt orderbook status at 2025-05-09 09:26:23.257389+05:30...
2025-05-09 09:26:24,716 - INFO - STEP2 IN ORDERS: Monitoring first two orders gtt orderbook status at 2025-05-09 09:26:24.716565+05:30...
2025-05-09 09:26:26,162 - INFO - STEP2 IN ORDERS: Monitoring first two orders gtt orderbook status at 2025-05-09 09:26:26.162085+05:30...
2025-05-09 09:26:27,626 - INFO - STEP2 IN ORDERS: Monitoring first two orders gtt orderbook status at 2025-05-09 09:26:27.625971+05:30...
2025-05-09 09:26:29,095 - INFO - STEP2 IN ORDERS: Monitoring first two orders gtt orderbook status at 2025-05-09 09:26:29.095312+05:30...
2025-05-09 09:26:30,547 - INFO - STEP2 IN ORDERS: Monitoring first two orders gtt orderbook status at 2025-05-09 09:26:30.547001+05:30...
2025-05-09 09:26:32,037 - INFO - STEP2 IN ORDERS: Monitoring first two orders gtt orderbook status at 2025-05-09 09:26:32.037200+05:30...
2025-05-09 09:26:33,492 - INFO - STEP2 IN ORDERS: Monitoring first two orders gtt orderbook status at 2025-05-09 09:26:33.492202+05:30...
2025-05-09 09:26:34,981 - INFO - STEP2 IN ORDERS: Monitoring first two orders gtt orderbook status at 2025-05-09 09:26:34.981343+05:30...
2025-05-09 09:26:36,473 - INFO - STEP2 IN ORDERS: Monitoring first two orders gtt orderbook status at 2025-05-09 09:26:36.473410+05:30...
2025-05-09 09:26:37,908 - INFO - STEP2 IN ORDERS: Monitoring first two orders gtt orderbook status at 2025-05-09 09:26:37.908161+05:30...
2025-05-09 09:26:39,362 - INFO - STEP2 IN ORDERS: Monitoring first two orders gtt orderbook status at 2025-05-09 09:26:39.362320+05:30...
2025-05-09 09:26:40,827 - INFO - STEP2 IN ORDERS: Monitoring first two orders gtt orderbook status at 2025-05-09 09:26:40.827206+05:30...
2025-05-09 09:26:42,250 - INFO - STEP2 IN ORDERS: Monitoring first two orders gtt orderbook status at 2025-05-09 09:26:42.250863+05:30...
2025-05-09 09:26:43,706 - INFO - STEP2 IN ORDERS: Monitoring first two orders gtt orderbook status at 2025-05-09 09:26:43.706361+05:30...
2025-05-09 09:26:45,164 - INFO - STEP2 IN ORDERS: Monitoring first two orders gtt orderbook status at 2025-05-09 09:26:45.164666+05:30...
2025-05-09 09:26:46,607 - INFO - STEP2 IN ORDERS: Monitoring first two orders gtt orderbook status at 2025-05-09 09:26:46.607120+05:30...
2025-05-09 09:26:48,060 - INFO - STEP2 IN ORDERS: Monitoring first two orders gtt orderbook status at 2025-05-09 09:26:48.060388+05:30...
2025-05-09 09:26:49,494 - INFO - STEP2 IN ORDERS: Monitoring first two orders gtt orderbook status at 2025-05-09 09:26:49.494167+05:30...
2025-05-09 09:26:50,960 - INFO - STEP2 IN ORDERS: Monitoring first two orders gtt orderbook status at 2025-05-09 09:26:50.959954+05:30...
2025-05-09 09:26:52,405 - INFO - STEP2 IN ORDERS: Monitoring first two orders gtt orderbook status at 2025-05-09 09:26:52.405367+05:30...
2025-05-09 09:26:53,860 - INFO - STEP2 IN ORDERS: Monitoring first two orders gtt orderbook status at 2025-05-09 09:26:53.859959+05:30...
2025-05-09 09:26:55,319 - INFO - STEP2 IN ORDERS: Monitoring first two orders gtt orderbook status at 2025-05-09 09:26:55.319870+05:30...
2025-05-09 09:26:56,784 - INFO - STEP2 IN ORDERS: Monitoring first two orders gtt orderbook status at 2025-05-09 09:26:56.784362+05:30...
2025-05-09 09:26:58,230 - INFO - STEP2 IN ORDERS: Monitoring first two orders gtt orderbook status at 2025-05-09 09:26:58.230646+05:30...
2025-05-09 09:26:59,684 - INFO - STEP2 IN ORDERS: Monitoring first two orders gtt orderbook status at 2025-05-09 09:26:59.684497+05:30...
2025-05-09 09:27:01,139 - INFO - STEP2 IN ORDERS: Monitoring first two orders gtt orderbook status at 2025-05-09 09:27:01.139006+05:30...
2025-05-09 09:27:02,569 - INFO - STEP2 IN ORDERS: Monitoring first two orders gtt orderbook status at 2025-05-09 09:27:02.569285+05:30...
2025-05-09 09:27:04,025 - INFO - STEP2 IN ORDERS: Monitoring first two orders gtt orderbook status at 2025-05-09 09:27:04.025341+05:30...
2025-05-09 09:27:05,515 - INFO - STEP2 IN ORDERS: Monitoring first two orders gtt orderbook status at 2025-05-09 09:27:05.515197+05:30...
2025-05-09 09:27:06,986 - INFO - STEP2 IN ORDERS: Monitoring first two orders gtt orderbook status at 2025-05-09 09:27:06.986124+05:30...
2025-05-09 09:27:08,447 - INFO - STEP2 IN ORDERS: Monitoring first two orders gtt orderbook status at 2025-05-09 09:27:08.447461+05:30...
2025-05-09 09:27:09,942 - INFO - STEP2 IN ORDERS: Monitoring first two orders gtt orderbook status at 2025-05-09 09:27:09.941969+05:30...
2025-05-09 09:27:11,390 - INFO - STEP2 IN ORDERS: Monitoring first two orders gtt orderbook status at 2025-05-09 09:27:11.390502+05:30...
2025-05-09 09:27:12,858 - INFO - STEP2 IN ORDERS: Monitoring first two orders gtt orderbook status at 2025-05-09 09:27:12.858064+05:30...
2025-05-09 09:27:14,307 - INFO - STEP2 IN ORDERS: Monitoring first two orders gtt orderbook status at 2025-05-09 09:27:14.307332+05:30...
2025-05-09 09:27:15,764 - INFO - STEP2 IN ORDERS: Monitoring first two orders gtt orderbook status at 2025-05-09 09:27:15.764552+05:30...
2025-05-09 09:27:17,221 - INFO - STEP2 IN ORDERS: Monitoring first two orders gtt orderbook status at 2025-05-09 09:27:17.220956+05:30...
2025-05-09 09:27:18,677 - INFO - STEP2 IN ORDERS: Monitoring first two orders gtt orderbook status at 2025-05-09 09:27:18.677571+05:30...
2025-05-09 09:27:20,144 - INFO - STEP2 IN ORDERS: Monitoring first two orders gtt orderbook status at 2025-05-09 09:27:20.144436+05:30...
2025-05-09 09:27:21,600 - INFO - STEP2 IN ORDERS: Monitoring first two orders gtt orderbook status at 2025-05-09 09:27:21.600006+05:30...
2025-05-09 09:27:23,042 - INFO - STEP2 IN ORDERS: Monitoring first two orders gtt orderbook status at 2025-05-09 09:27:23.042911+05:30...
2025-05-09 09:27:24,478 - INFO - STEP2 IN ORDERS: Monitoring first two orders gtt orderbook status at 2025-05-09 09:27:24.478282+05:30...
2025-05-09 09:27:25,916 - INFO - STEP2 IN ORDERS: Monitoring first two orders gtt orderbook status at 2025-05-09 09:27:25.916010+05:30...
2025-05-09 09:27:27,383 - INFO - STEP2 IN ORDERS: Monitoring first two orders gtt orderbook status at 2025-05-09 09:27:27.383520+05:30...
2025-05-09 09:27:28,820 - INFO - STEP2 IN ORDERS: Monitoring first two orders gtt orderbook status at 2025-05-09 09:27:28.820592+05:30...
2025-05-09 09:27:30,281 - INFO - STEP2 IN ORDERS: Monitoring first two orders gtt orderbook status at 2025-05-09 09:27:30.281836+05:30...
2025-05-09 09:27:31,737 - INFO - STEP2 IN ORDERS: Monitoring first two orders gtt orderbook status at 2025-05-09 09:27:31.737943+05:30...
2025-05-09 09:27:33,192 - INFO - STEP2 IN ORDERS: Monitoring first two orders gtt orderbook status at 2025-05-09 09:27:33.192472+05:30...
2025-05-09 09:27:34,627 - INFO - STEP2 IN ORDERS: Monitoring first two orders gtt orderbook status at 2025-05-09 09:27:34.627569+05:30...
2025-05-09 09:27:36,144 - INFO - STEP2 IN ORDERS: Monitoring first two orders gtt orderbook status at 2025-05-09 09:27:36.144358+05:30...
2025-05-09 09:27:37,599 - INFO - STEP2 IN ORDERS: Monitoring first two orders gtt orderbook status at 2025-05-09 09:27:37.599680+05:30...
2025-05-09 09:27:39,037 - INFO - STEP2 IN ORDERS: Monitoring first two orders gtt orderbook status at 2025-05-09 09:27:39.037408+05:30...
2025-05-09 09:27:40,467 - INFO - STEP2 IN ORDERS: Monitoring first two orders gtt orderbook status at 2025-05-09 09:27:40.467806+05:30...
2025-05-09 09:27:41,940 - INFO - STEP2 IN ORDERS: Monitoring first two orders gtt orderbook status at 2025-05-09 09:27:41.940132+05:30...
2025-05-09 09:27:43,419 - INFO - STEP2 IN ORDERS: Monitoring first two orders gtt orderbook status at 2025-05-09 09:27:43.419152+05:30...
2025-05-09 09:27:44,871 - INFO - STEP2 IN ORDERS: Monitoring first two orders gtt orderbook status at 2025-05-09 09:27:44.871115+05:30...
2025-05-09 09:27:46,321 - INFO - STEP2 IN ORDERS: Monitoring first two orders gtt orderbook status at 2025-05-09 09:27:46.321228+05:30...
2025-05-09 09:27:47,796 - INFO - STEP2 IN ORDERS: Monitoring first two orders gtt orderbook status at 2025-05-09 09:27:47.795968+05:30...
2025-05-09 09:27:49,288 - INFO - STEP2 IN ORDERS: Monitoring first two orders gtt orderbook status at 2025-05-09 09:27:49.288556+05:30...
2025-05-09 09:27:50,751 - INFO - STEP2 IN ORDERS: Monitoring first two orders gtt orderbook status at 2025-05-09 09:27:50.751895+05:30...
2025-05-09 09:27:52,204 - INFO - STEP2 IN ORDERS: Monitoring first two orders gtt orderbook status at 2025-05-09 09:27:52.204797+05:30...
2025-05-09 09:27:53,659 - INFO - STEP2 IN ORDERS: Monitoring first two orders gtt orderbook status at 2025-05-09 09:27:53.659254+05:30...
2025-05-09 09:27:55,109 - INFO - STEP2 IN ORDERS: Monitoring first two orders gtt orderbook status at 2025-05-09 09:27:55.109279+05:30...
2025-05-09 09:27:56,554 - INFO - STEP2 IN ORDERS: Monitoring first two orders gtt orderbook status at 2025-05-09 09:27:56.554166+05:30...
2025-05-09 09:27:57,977 - INFO - STEP2 IN ORDERS: Monitoring first two orders gtt orderbook status at 2025-05-09 09:27:57.977502+05:30...
2025-05-09 09:27:59,462 - INFO - STEP2 IN ORDERS: Monitoring first two orders gtt orderbook status at 2025-05-09 09:27:59.462698+05:30...
2025-05-09 09:28:00,908 - INFO - STEP2 IN ORDERS: Monitoring first two orders gtt orderbook status at 2025-05-09 09:28:00.908286+05:30...
2025-05-09 09:28:02,354 - INFO - STEP2 IN ORDERS: Monitoring first two orders gtt orderbook status at 2025-05-09 09:28:02.354882+05:30...
2025-05-09 09:28:03,803 - INFO - STEP2 IN ORDERS: Monitoring first two orders gtt orderbook status at 2025-05-09 09:28:03.803415+05:30...
2025-05-09 09:28:05,273 - INFO - STEP2 IN ORDERS: Monitoring first two orders gtt orderbook status at 2025-05-09 09:28:05.273187+05:30...
2025-05-09 09:28:06,732 - INFO - STEP2 IN ORDERS: Monitoring first two orders gtt orderbook status at 2025-05-09 09:28:06.732298+05:30...
2025-05-09 09:28:08,165 - INFO - STEP2 IN ORDERS: Monitoring first two orders gtt orderbook status at 2025-05-09 09:28:08.165515+05:30...
2025-05-09 09:28:09,668 - INFO - STEP2 IN ORDERS: Monitoring first two orders gtt orderbook status at 2025-05-09 09:28:09.668773+05:30...
2025-05-09 09:28:11,123 - INFO - STEP2 IN ORDERS: Monitoring first two orders gtt orderbook status at 2025-05-09 09:28:11.123801+05:30...
2025-05-09 09:28:12,570 - INFO - STEP2 IN ORDERS: Monitoring first two orders gtt orderbook status at 2025-05-09 09:28:12.570754+05:30...
2025-05-09 09:28:14,044 - INFO - STEP2 IN ORDERS: Monitoring first two orders gtt orderbook status at 2025-05-09 09:28:14.044154+05:30...
2025-05-09 09:28:15,495 - INFO - STEP2 IN ORDERS: Monitoring first two orders gtt orderbook status at 2025-05-09 09:28:15.495872+05:30...
2025-05-09 09:28:16,940 - INFO - STEP2 IN ORDERS: Monitoring first two orders gtt orderbook status at 2025-05-09 09:28:16.940371+05:30...
2025-05-09 09:28:18,438 - INFO - STEP2 IN ORDERS: Monitoring first two orders gtt orderbook status at 2025-05-09 09:28:18.438687+05:30...
2025-05-09 09:28:19,874 - INFO - STEP2 IN ORDERS: Monitoring first two orders gtt orderbook status at 2025-05-09 09:28:19.874709+05:30...
2025-05-09 09:28:21,311 - INFO - STEP2 IN ORDERS: Monitoring first two orders gtt orderbook status at 2025-05-09 09:28:21.311731+05:30...
2025-05-09 09:28:22,769 - INFO - STEP2 IN ORDERS: Monitoring first two orders gtt orderbook status at 2025-05-09 09:28:22.769411+05:30...
2025-05-09 09:28:24,217 - INFO - STEP2 IN ORDERS: Monitoring first two orders gtt orderbook status at 2025-05-09 09:28:24.217102+05:30...
2025-05-09 09:28:25,703 - INFO - STEP2 IN ORDERS: Monitoring first two orders gtt orderbook status at 2025-05-09 09:28:25.703837+05:30...
2025-05-09 09:28:27,146 - INFO - STEP2 IN ORDERS: Monitoring first two orders gtt orderbook status at 2025-05-09 09:28:27.146059+05:30...
2025-05-09 09:28:28,599 - INFO - STEP2 IN ORDERS: Monitoring first two orders gtt orderbook status at 2025-05-09 09:28:28.599923+05:30...
2025-05-09 09:28:30,038 - INFO - STEP2 IN ORDERS: Monitoring first two orders gtt orderbook status at 2025-05-09 09:28:30.037983+05:30...
2025-05-09 09:28:31,469 - INFO - STEP2 IN ORDERS: Monitoring first two orders gtt orderbook status at 2025-05-09 09:28:31.469114+05:30...
2025-05-09 09:28:32,984 - INFO - STEP2 IN ORDERS: Monitoring first two orders gtt orderbook status at 2025-05-09 09:28:32.984199+05:30...
2025-05-09 09:28:34,429 - INFO - STEP2 IN ORDERS: Monitoring first two orders gtt orderbook status at 2025-05-09 09:28:34.429446+05:30...
2025-05-09 09:28:35,872 - INFO - STEP2 IN ORDERS: Monitoring first two orders gtt orderbook status at 2025-05-09 09:28:35.872715+05:30...
2025-05-09 09:28:37,321 - INFO - STEP2 IN ORDERS: Monitoring first two orders gtt orderbook status at 2025-05-09 09:28:37.321061+05:30...
2025-05-09 09:28:38,758 - INFO - STEP2 IN ORDERS: Monitoring first two orders gtt orderbook status at 2025-05-09 09:28:38.758437+05:30...
2025-05-09 09:28:40,202 - INFO - STEP2 IN ORDERS: Monitoring first two orders gtt orderbook status at 2025-05-09 09:28:40.202054+05:30...
2025-05-09 09:28:41,647 - INFO - STEP2 IN ORDERS: Monitoring first two orders gtt orderbook status at 2025-05-09 09:28:41.647508+05:30...
2025-05-09 09:28:43,101 - INFO - STEP2 IN ORDERS: Monitoring first two orders gtt orderbook status at 2025-05-09 09:28:43.101457+05:30...
2025-05-09 09:28:44,545 - INFO - STEP2 IN ORDERS: Monitoring first two orders gtt orderbook status at 2025-05-09 09:28:44.545266+05:30...
2025-05-09 09:28:46,000 - INFO - STEP2 IN ORDERS: Monitoring first two orders gtt orderbook status at 2025-05-09 09:28:46.000805+05:30...
2025-05-09 09:28:47,443 - INFO - STEP2 IN ORDERS: Monitoring first two orders gtt orderbook status at 2025-05-09 09:28:47.443167+05:30...
2025-05-09 09:28:48,921 - INFO - STEP2 IN ORDERS: Monitoring first two orders gtt orderbook status at 2025-05-09 09:28:48.921541+05:30...
2025-05-09 09:28:50,370 - INFO - STEP2 IN ORDERS: Monitoring first two orders gtt orderbook status at 2025-05-09 09:28:50.370354+05:30...
2025-05-09 09:28:51,823 - INFO - STEP2 IN ORDERS: Monitoring first two orders gtt orderbook status at 2025-05-09 09:28:51.823578+05:30...
2025-05-09 09:28:53,273 - INFO - STEP2 IN ORDERS: Monitoring first two orders gtt orderbook status at 2025-05-09 09:28:53.273665+05:30...
2025-05-09 09:28:54,746 - INFO - STEP2 IN ORDERS: Monitoring first two orders gtt orderbook status at 2025-05-09 09:28:54.746489+05:30...
2025-05-09 09:28:56,219 - INFO - STEP2 IN ORDERS: Monitoring first two orders gtt orderbook status at 2025-05-09 09:28:56.219480+05:30...
2025-05-09 09:28:57,663 - INFO - STEP2 IN ORDERS: Monitoring first two orders gtt orderbook status at 2025-05-09 09:28:57.663838+05:30...
2025-05-09 09:28:59,153 - INFO - STEP2 IN ORDERS: Monitoring first two orders gtt orderbook status at 2025-05-09 09:28:59.153639+05:30...
2025-05-09 09:29:00,601 - INFO - STEP2 IN ORDERS: Monitoring first two orders gtt orderbook status at 2025-05-09 09:29:00.601585+05:30...
2025-05-09 09:29:02,077 - INFO - STEP2 IN ORDERS: Monitoring first two orders gtt orderbook status at 2025-05-09 09:29:02.077812+05:30...
2025-05-09 09:29:03,525 - INFO - STEP2 IN ORDERS: Monitoring first two orders gtt orderbook status at 2025-05-09 09:29:03.525700+05:30...
2025-05-09 09:29:04,965 - INFO - STEP2 IN ORDERS: Monitoring first two orders gtt orderbook status at 2025-05-09 09:29:04.965386+05:30...
2025-05-09 09:29:06,411 - INFO - STEP2 IN ORDERS: Monitoring first two orders gtt orderbook status at 2025-05-09 09:29:06.411045+05:30...
2025-05-09 09:29:07,857 - INFO - STEP2 IN ORDERS: Monitoring first two orders gtt orderbook status at 2025-05-09 09:29:07.857208+05:30...
2025-05-09 09:29:09,304 - INFO - STEP2 IN ORDERS: Monitoring first two orders gtt orderbook status at 2025-05-09 09:29:09.304394+05:30...
2025-05-09 09:29:10,766 - INFO - STEP2 IN ORDERS: Monitoring first two orders gtt orderbook status at 2025-05-09 09:29:10.766449+05:30...
2025-05-09 09:29:12,225 - INFO - STEP2 IN ORDERS: Monitoring first two orders gtt orderbook status at 2025-05-09 09:29:12.225427+05:30...
2025-05-09 09:29:13,671 - INFO - STEP2 IN ORDERS: Monitoring first two orders gtt orderbook status at 2025-05-09 09:29:13.671004+05:30...
2025-05-09 09:29:15,114 - INFO - STEP2 IN ORDERS: Monitoring first two orders gtt orderbook status at 2025-05-09 09:29:15.114946+05:30...
2025-05-09 09:29:16,563 - INFO - STEP2 IN ORDERS: Monitoring first two orders gtt orderbook status at 2025-05-09 09:29:16.563180+05:30...
2025-05-09 09:29:17,998 - INFO - STEP2 IN ORDERS: Monitoring first two orders gtt orderbook status at 2025-05-09 09:29:17.998213+05:30...
2025-05-09 09:29:19,434 - INFO - STEP2 IN ORDERS: Monitoring first two orders gtt orderbook status at 2025-05-09 09:29:19.434000+05:30...
2025-05-09 09:29:20,888 - INFO - STEP2 IN ORDERS: Monitoring first two orders gtt orderbook status at 2025-05-09 09:29:20.888910+05:30...
2025-05-09 09:29:22,332 - INFO - STEP2 IN ORDERS: Monitoring first two orders gtt orderbook status at 2025-05-09 09:29:22.332747+05:30...
2025-05-09 09:29:23,794 - INFO - STEP2 IN ORDERS: Monitoring first two orders gtt orderbook status at 2025-05-09 09:29:23.794018+05:30...
2025-05-09 09:29:25,227 - INFO - STEP2 IN ORDERS: Monitoring first two orders gtt orderbook status at 2025-05-09 09:29:25.227601+05:30...
2025-05-09 09:29:26,671 - INFO - STEP2 IN ORDERS: Monitoring first two orders gtt orderbook status at 2025-05-09 09:29:26.671635+05:30...
2025-05-09 09:29:28,123 - INFO - STEP2 IN ORDERS: Monitoring first two orders gtt orderbook status at 2025-05-09 09:29:28.123640+05:30...
2025-05-09 09:29:29,563 - INFO - STEP2 IN ORDERS: Monitoring first two orders gtt orderbook status at 2025-05-09 09:29:29.563868+05:30...
2025-05-09 09:29:31,013 - INFO - STEP2 IN ORDERS: Monitoring first two orders gtt orderbook status at 2025-05-09 09:29:31.013193+05:30...
2025-05-09 09:29:32,455 - INFO - STEP2 IN ORDERS: Monitoring first two orders gtt orderbook status at 2025-05-09 09:29:32.455386+05:30...
2025-05-09 09:29:33,912 - INFO - STEP2 IN ORDERS: Monitoring first two orders gtt orderbook status at 2025-05-09 09:29:33.912907+05:30...
2025-05-09 09:29:35,364 - INFO - STEP2 IN ORDERS: Monitoring first two orders gtt orderbook status at 2025-05-09 09:29:35.364183+05:30...
2025-05-09 09:29:36,829 - INFO - STEP2 IN ORDERS: Monitoring first two orders gtt orderbook status at 2025-05-09 09:29:36.829296+05:30...
2025-05-09 09:29:38,272 - INFO - STEP2 IN ORDERS: Monitoring first two orders gtt orderbook status at 2025-05-09 09:29:38.272091+05:30...
2025-05-09 09:29:39,719 - INFO - STEP2 IN ORDERS: Monitoring first two orders gtt orderbook status at 2025-05-09 09:29:39.719664+05:30...
2025-05-09 09:29:41,169 - INFO - STEP2 IN ORDERS: Monitoring first two orders gtt orderbook status at 2025-05-09 09:29:41.169875+05:30...
2025-05-09 09:29:42,664 - INFO - STEP2 IN ORDERS: Monitoring first two orders gtt orderbook status at 2025-05-09 09:29:42.664461+05:30...
2025-05-09 09:29:44,119 - INFO - STEP2 IN ORDERS: Monitoring first two orders gtt orderbook status at 2025-05-09 09:29:44.119765+05:30...
2025-05-09 09:29:45,574 - INFO - STEP2 IN ORDERS: Monitoring first two orders gtt orderbook status at 2025-05-09 09:29:45.574166+05:30...
2025-05-09 09:29:47,029 - INFO - STEP2 IN ORDERS: Monitoring first two orders gtt orderbook status at 2025-05-09 09:29:47.029131+05:30...
2025-05-09 09:29:48,473 - INFO - STEP2 IN ORDERS: Monitoring first two orders gtt orderbook status at 2025-05-09 09:29:48.473836+05:30...
2025-05-09 09:29:49,910 - INFO - STEP2 IN ORDERS: Monitoring first two orders gtt orderbook status at 2025-05-09 09:29:49.910223+05:30...
2025-05-09 09:29:51,379 - INFO - STEP2 IN ORDERS: Monitoring first two orders gtt orderbook status at 2025-05-09 09:29:51.379802+05:30...
2025-05-09 09:29:52,824 - INFO - STEP2 IN ORDERS: Monitoring first two orders gtt orderbook status at 2025-05-09 09:29:52.824637+05:30...
2025-05-09 09:29:54,304 - INFO - STEP2 IN ORDERS: Monitoring first two orders gtt orderbook status at 2025-05-09 09:29:54.304365+05:30...
2025-05-09 09:29:55,742 - INFO - STEP2 IN ORDERS: Monitoring first two orders gtt orderbook status at 2025-05-09 09:29:55.742423+05:30...
2025-05-09 09:29:57,197 - INFO - STEP2 IN ORDERS: Monitoring first two orders gtt orderbook status at 2025-05-09 09:29:57.197657+05:30...
2025-05-09 09:29:58,645 - INFO - STEP2 IN ORDERS: Monitoring first two orders gtt orderbook status at 2025-05-09 09:29:58.645734+05:30...
2025-05-09 09:30:00,099 - INFO - STEP2 IN ORDERS: Monitoring first two orders gtt orderbook status at 2025-05-09 09:30:00.099855+05:30...
2025-05-09 09:30:01,562 - INFO - STEP2 IN ORDERS: Monitoring first two orders gtt orderbook status at 2025-05-09 09:30:01.562676+05:30...
2025-05-09 09:30:03,025 - INFO - STEP2 IN ORDERS: Monitoring first two orders gtt orderbook status at 2025-05-09 09:30:03.025554+05:30...
2025-05-09 09:30:04,594 - INFO - STEP2 IN ORDERS: Monitoring first two orders gtt orderbook status at 2025-05-09 09:30:04.594806+05:30...
2025-05-09 09:30:06,030 - INFO - STEP2 IN ORDERS: Monitoring first two orders gtt orderbook status at 2025-05-09 09:30:06.030632+05:30...
2025-05-09 09:30:07,469 - INFO - STEP2 IN ORDERS: Monitoring first two orders gtt orderbook status at 2025-05-09 09:30:07.469721+05:30...
2025-05-09 09:30:08,931 - INFO - STEP2 IN ORDERS: Monitoring first two orders gtt orderbook status at 2025-05-09 09:30:08.931491+05:30...
2025-05-09 09:30:10,371 - INFO - STEP2 IN ORDERS: Monitoring first two orders gtt orderbook status at 2025-05-09 09:30:10.371428+05:30...
2025-05-09 09:30:11,835 - INFO - STEP2 IN ORDERS: Monitoring first two orders gtt orderbook status at 2025-05-09 09:30:11.835897+05:30...
2025-05-09 09:30:13,290 - INFO - STEP2 IN ORDERS: Monitoring first two orders gtt orderbook status at 2025-05-09 09:30:13.290093+05:30...
2025-05-09 09:30:14,752 - INFO - STEP2 IN ORDERS: Monitoring first two orders gtt orderbook status at 2025-05-09 09:30:14.752345+05:30...
2025-05-09 09:30:16,208 - INFO - STEP2 IN ORDERS: Monitoring first two orders gtt orderbook status at 2025-05-09 09:30:16.208846+05:30...
2025-05-09 09:30:17,653 - INFO - STEP2 IN ORDERS: Monitoring first two orders gtt orderbook status at 2025-05-09 09:30:17.653946+05:30...
2025-05-09 09:30:19,113 - INFO - STEP2 IN ORDERS: Monitoring first two orders gtt orderbook status at 2025-05-09 09:30:19.113949+05:30...
2025-05-09 09:30:20,566 - INFO - STEP2 IN ORDERS: Monitoring first two orders gtt orderbook status at 2025-05-09 09:30:20.566821+05:30...
2025-05-09 09:30:22,021 - INFO - STEP2 IN ORDERS: Monitoring first two orders gtt orderbook status at 2025-05-09 09:30:22.021376+05:30...
2025-05-09 09:30:23,488 - INFO - STEP2 IN ORDERS: Monitoring first two orders gtt orderbook status at 2025-05-09 09:30:23.488552+05:30...
2025-05-09 09:30:24,944 - INFO - STEP2 IN ORDERS: Monitoring first two orders gtt orderbook status at 2025-05-09 09:30:24.944218+05:30...
2025-05-09 09:30:26,390 - INFO - STEP2 IN ORDERS: Monitoring first two orders gtt orderbook status at 2025-05-09 09:30:26.390245+05:30...
2025-05-09 09:30:27,878 - INFO - STEP2 IN ORDERS: Monitoring first two orders gtt orderbook status at 2025-05-09 09:30:27.878587+05:30...
2025-05-09 09:30:29,333 - INFO - STEP2 IN ORDERS: Monitoring first two orders gtt orderbook status at 2025-05-09 09:30:29.333660+05:30...
2025-05-09 09:30:30,797 - INFO - STEP2 IN ORDERS: Monitoring first two orders gtt orderbook status at 2025-05-09 09:30:30.797432+05:30...
2025-05-09 09:30:32,256 - INFO - STEP2 IN ORDERS: Monitoring first two orders gtt orderbook status at 2025-05-09 09:30:32.256187+05:30...
2025-05-09 09:30:33,723 - INFO - STEP2 IN ORDERS: Monitoring first two orders gtt orderbook status at 2025-05-09 09:30:33.722990+05:30...
2025-05-09 09:30:35,170 - INFO - STEP2 IN ORDERS: Monitoring first two orders gtt orderbook status at 2025-05-09 09:30:35.170893+05:30...
2025-05-09 09:30:36,614 - INFO - STEP2 IN ORDERS: Monitoring first two orders gtt orderbook status at 2025-05-09 09:30:36.614193+05:30...
2025-05-09 09:30:38,079 - INFO - STEP2 IN ORDERS: Monitoring first two orders gtt orderbook status at 2025-05-09 09:30:38.079712+05:30...
2025-05-09 09:30:39,548 - INFO - STEP2 IN ORDERS: Monitoring first two orders gtt orderbook status at 2025-05-09 09:30:39.548271+05:30...
2025-05-09 09:30:41,002 - INFO - STEP2 IN ORDERS: Monitoring first two orders gtt orderbook status at 2025-05-09 09:30:41.002658+05:30...
2025-05-09 09:30:42,457 - INFO - STEP2 IN ORDERS: Monitoring first two orders gtt orderbook status at 2025-05-09 09:30:42.457146+05:30...
2025-05-09 09:30:43,918 - INFO - STEP2 IN ORDERS: Monitoring first two orders gtt orderbook status at 2025-05-09 09:30:43.918769+05:30...
2025-05-09 09:30:45,391 - INFO - STEP2 IN ORDERS: Monitoring first two orders gtt orderbook status at 2025-05-09 09:30:45.391329+05:30...
2025-05-09 09:30:46,828 - INFO - STEP2 IN ORDERS: Monitoring first two orders gtt orderbook status at 2025-05-09 09:30:46.828275+05:30...
2025-05-09 09:30:48,303 - INFO - STEP2 IN ORDERS: Monitoring first two orders gtt orderbook status at 2025-05-09 09:30:48.303700+05:30...
2025-05-09 09:30:49,742 - INFO - STEP2 IN ORDERS: Monitoring first two orders gtt orderbook status at 2025-05-09 09:30:49.742664+05:30...
2025-05-09 09:30:51,209 - INFO - STEP2 IN ORDERS: Monitoring first two orders gtt orderbook status at 2025-05-09 09:30:51.209088+05:30...
2025-05-09 09:30:52,661 - INFO - STEP2 IN ORDERS: Monitoring first two orders gtt orderbook status at 2025-05-09 09:30:52.661663+05:30...
2025-05-09 09:30:54,089 - INFO - STEP2 IN ORDERS: Monitoring first two orders gtt orderbook status at 2025-05-09 09:30:54.089251+05:30...
2025-05-09 09:30:55,531 - INFO - STEP2 IN ORDERS: Monitoring first two orders gtt orderbook status at 2025-05-09 09:30:55.531369+05:30...
2025-05-09 09:30:56,996 - INFO - STEP2 IN ORDERS: Monitoring first two orders gtt orderbook status at 2025-05-09 09:30:56.996284+05:30...
2025-05-09 09:30:58,439 - INFO - STEP2 IN ORDERS: Monitoring first two orders gtt orderbook status at 2025-05-09 09:30:58.439765+05:30...
2025-05-09 09:30:59,892 - INFO - STEP2 IN ORDERS: Monitoring first two orders gtt orderbook status at 2025-05-09 09:30:59.892033+05:30...
2025-05-09 09:31:01,340 - INFO - STEP2 IN ORDERS: Monitoring first two orders gtt orderbook status at 2025-05-09 09:31:01.339991+05:30...
2025-05-09 09:31:02,775 - INFO - STEP2 IN ORDERS: Monitoring first two orders gtt orderbook status at 2025-05-09 09:31:02.775615+05:30...
2025-05-09 09:31:04,240 - INFO - STEP2 IN ORDERS: Monitoring first two orders gtt orderbook status at 2025-05-09 09:31:04.240601+05:30...
2025-05-09 09:31:05,701 - INFO - STEP2 IN ORDERS: Monitoring first two orders gtt orderbook status at 2025-05-09 09:31:05.701267+05:30...
2025-05-09 09:31:07,151 - INFO - STEP2 IN ORDERS: Monitoring first two orders gtt orderbook status at 2025-05-09 09:31:07.151196+05:30...
2025-05-09 09:31:08,615 - INFO - STEP2 IN ORDERS: Monitoring first two orders gtt orderbook status at 2025-05-09 09:31:08.615720+05:30...
2025-05-09 09:31:10,120 - INFO - STEP2 IN ORDERS: Monitoring first two orders gtt orderbook status at 2025-05-09 09:31:10.119989+05:30...
2025-05-09 09:31:11,576 - INFO - STEP2 IN ORDERS: Monitoring first two orders gtt orderbook status at 2025-05-09 09:31:11.576264+05:30...
2025-05-09 09:31:13,025 - INFO - STEP2 IN ORDERS: Monitoring first two orders gtt orderbook status at 2025-05-09 09:31:13.025160+05:30...
2025-05-09 09:31:14,483 - INFO - STEP2 IN ORDERS: Monitoring first two orders gtt orderbook status at 2025-05-09 09:31:14.483180+05:30...
2025-05-09 09:31:15,946 - INFO - STEP2 IN ORDERS: Monitoring first two orders gtt orderbook status at 2025-05-09 09:31:15.945983+05:30...
2025-05-09 09:31:17,434 - INFO - STEP2 IN ORDERS: Monitoring first two orders gtt orderbook status at 2025-05-09 09:31:17.434169+05:30...
2025-05-09 09:31:18,887 - INFO - STEP2 IN ORDERS: Monitoring first two orders gtt orderbook status at 2025-05-09 09:31:18.887113+05:30...
2025-05-09 09:31:20,324 - INFO - STEP2 IN ORDERS: Monitoring first two orders gtt orderbook status at 2025-05-09 09:31:20.324468+05:30...
2025-05-09 09:31:21,782 - INFO - STEP2 IN ORDERS: Monitoring first two orders gtt orderbook status at 2025-05-09 09:31:21.782050+05:30...
2025-05-09 09:31:23,239 - INFO - STEP2 IN ORDERS: Monitoring first two orders gtt orderbook status at 2025-05-09 09:31:23.239802+05:30...
2025-05-09 09:31:24,716 - INFO - STEP2 IN ORDERS: Monitoring first two orders gtt orderbook status at 2025-05-09 09:31:24.716082+05:30...
2025-05-09 09:31:26,161 - INFO - STEP2 IN ORDERS: Monitoring first two orders gtt orderbook status at 2025-05-09 09:31:26.161416+05:30...
2025-05-09 09:31:27,621 - INFO - STEP2 IN ORDERS: Monitoring first two orders gtt orderbook status at 2025-05-09 09:31:27.621708+05:30...
2025-05-09 09:31:29,079 - INFO - STEP2 IN ORDERS: Monitoring first two orders gtt orderbook status at 2025-05-09 09:31:29.079934+05:30...
2025-05-09 09:31:30,566 - INFO - STEP2 IN ORDERS: Monitoring first two orders gtt orderbook status at 2025-05-09 09:31:30.566784+05:30...
2025-05-09 09:31:32,042 - INFO - STEP2 IN ORDERS: Monitoring first two orders gtt orderbook status at 2025-05-09 09:31:32.042767+05:30...
2025-05-09 09:31:33,497 - INFO - STEP2 IN ORDERS: Monitoring first two orders gtt orderbook status at 2025-05-09 09:31:33.497880+05:30...
2025-05-09 09:31:34,930 - INFO - STEP2 IN ORDERS: Monitoring first two orders gtt orderbook status at 2025-05-09 09:31:34.930721+05:30...
2025-05-09 09:31:36,368 - INFO - STEP2 IN ORDERS: Monitoring first two orders gtt orderbook status at 2025-05-09 09:31:36.368016+05:30...
2025-05-09 09:31:37,826 - INFO - STEP2 IN ORDERS: Monitoring first two orders gtt orderbook status at 2025-05-09 09:31:37.826779+05:30...
2025-05-09 09:31:39,270 - INFO - STEP2 IN ORDERS: Monitoring first two orders gtt orderbook status at 2025-05-09 09:31:39.270759+05:30...
2025-05-09 09:31:40,712 - INFO - STEP2 IN ORDERS: Monitoring first two orders gtt orderbook status at 2025-05-09 09:31:40.712382+05:30...
2025-05-09 09:31:42,156 - INFO - STEP2 IN ORDERS: Monitoring first two orders gtt orderbook status at 2025-05-09 09:31:42.156780+05:30...
2025-05-09 09:31:43,609 - INFO - STEP2 IN ORDERS: Monitoring first two orders gtt orderbook status at 2025-05-09 09:31:43.609874+05:30...
2025-05-09 09:31:45,054 - INFO - STEP2 IN ORDERS: Monitoring first two orders gtt orderbook status at 2025-05-09 09:31:45.054019+05:30...
2025-05-09 09:31:46,523 - INFO - STEP2 IN ORDERS: Monitoring first two orders gtt orderbook status at 2025-05-09 09:31:46.523613+05:30...
2025-05-09 09:31:47,977 - INFO - STEP2 IN ORDERS: Monitoring first two orders gtt orderbook status at 2025-05-09 09:31:47.977501+05:30...
2025-05-09 09:31:49,434 - INFO - STEP2 IN ORDERS: Monitoring first two orders gtt orderbook status at 2025-05-09 09:31:49.434164+05:30...
2025-05-09 09:31:50,864 - INFO - STEP2 IN ORDERS: Monitoring first two orders gtt orderbook status at 2025-05-09 09:31:50.864472+05:30...
2025-05-09 09:31:52,301 - INFO - STEP2 IN ORDERS: Monitoring first two orders gtt orderbook status at 2025-05-09 09:31:52.301266+05:30...
2025-05-09 09:31:53,725 - INFO - STEP2 IN ORDERS: Monitoring first two orders gtt orderbook status at 2025-05-09 09:31:53.725522+05:30...
2025-05-09 09:31:55,178 - INFO - STEP2 IN ORDERS: Monitoring first two orders gtt orderbook status at 2025-05-09 09:31:55.178861+05:30...
2025-05-09 09:31:56,633 - INFO - STEP2 IN ORDERS: Monitoring first two orders gtt orderbook status at 2025-05-09 09:31:56.633715+05:30...
2025-05-09 09:31:58,104 - INFO - STEP2 IN ORDERS: Monitoring first two orders gtt orderbook status at 2025-05-09 09:31:58.104369+05:30...
2025-05-09 09:31:59,558 - INFO - STEP2 IN ORDERS: Monitoring first two orders gtt orderbook status at 2025-05-09 09:31:59.558090+05:30...
2025-05-09 09:32:01,002 - INFO - STEP2 IN ORDERS: Monitoring first two orders gtt orderbook status at 2025-05-09 09:32:01.002790+05:30...
2025-05-09 09:32:02,461 - INFO - STEP2 IN ORDERS: Monitoring first two orders gtt orderbook status at 2025-05-09 09:32:02.461332+05:30...
2025-05-09 09:32:03,912 - INFO - STEP2 IN ORDERS: Monitoring first two orders gtt orderbook status at 2025-05-09 09:32:03.911961+05:30...
2025-05-09 09:32:05,397 - INFO - STEP2 IN ORDERS: Monitoring first two orders gtt orderbook status at 2025-05-09 09:32:05.397547+05:30...
2025-05-09 09:32:06,837 - INFO - STEP2 IN ORDERS: Monitoring first two orders gtt orderbook status at 2025-05-09 09:32:06.837810+05:30...
2025-05-09 09:32:08,286 - INFO - STEP2 IN ORDERS: Monitoring first two orders gtt orderbook status at 2025-05-09 09:32:08.286323+05:30...
2025-05-09 09:32:09,745 - INFO - STEP2 IN ORDERS: Monitoring first two orders gtt orderbook status at 2025-05-09 09:32:09.745799+05:30...
2025-05-09 09:32:11,184 - INFO - STEP2 IN ORDERS: Monitoring first two orders gtt orderbook status at 2025-05-09 09:32:11.184248+05:30...
2025-05-09 09:32:12,627 - INFO - STEP2 IN ORDERS: Monitoring first two orders gtt orderbook status at 2025-05-09 09:32:12.627576+05:30...
2025-05-09 09:32:14,081 - INFO - STEP2 IN ORDERS: Monitoring first two orders gtt orderbook status at 2025-05-09 09:32:14.081116+05:30...
2025-05-09 09:32:15,517 - INFO - STEP2 IN ORDERS: Monitoring first two orders gtt orderbook status at 2025-05-09 09:32:15.517625+05:30...
2025-05-09 09:32:16,985 - INFO - STEP2 IN ORDERS: Monitoring first two orders gtt orderbook status at 2025-05-09 09:32:16.985225+05:30...
2025-05-09 09:32:18,408 - INFO - STEP2 IN ORDERS: Monitoring first two orders gtt orderbook status at 2025-05-09 09:32:18.408716+05:30...
2025-05-09 09:32:19,897 - INFO - STEP2 IN ORDERS: Monitoring first two orders gtt orderbook status at 2025-05-09 09:32:19.897864+05:30...
2025-05-09 09:32:21,341 - INFO - STEP2 IN ORDERS: Monitoring first two orders gtt orderbook status at 2025-05-09 09:32:21.341127+05:30...
2025-05-09 09:32:22,787 - INFO - STEP2 IN ORDERS: Monitoring first two orders gtt orderbook status at 2025-05-09 09:32:22.787398+05:30...
2025-05-09 09:32:24,278 - INFO - STEP2 IN ORDERS: Monitoring first two orders gtt orderbook status at 2025-05-09 09:32:24.278473+05:30...
2025-05-09 09:32:25,734 - INFO - STEP2 IN ORDERS: Monitoring first two orders gtt orderbook status at 2025-05-09 09:32:25.734022+05:30...
2025-05-09 09:32:27,187 - INFO - STEP2 IN ORDERS: Monitoring first two orders gtt orderbook status at 2025-05-09 09:32:27.187810+05:30...
2025-05-09 09:32:28,631 - INFO - STEP2 IN ORDERS: Monitoring first two orders gtt orderbook status at 2025-05-09 09:32:28.631437+05:30...
2025-05-09 09:32:30,064 - INFO - STEP2 IN ORDERS: Monitoring first two orders gtt orderbook status at 2025-05-09 09:32:30.064158+05:30...
2025-05-09 09:32:31,495 - INFO - STEP2 IN ORDERS: Monitoring first two orders gtt orderbook status at 2025-05-09 09:32:31.495298+05:30...
2025-05-09 09:32:32,952 - INFO - STEP2 IN ORDERS: Monitoring first two orders gtt orderbook status at 2025-05-09 09:32:32.952794+05:30...
2025-05-09 09:32:34,406 - INFO - STEP2 IN ORDERS: Monitoring first two orders gtt orderbook status at 2025-05-09 09:32:34.406807+05:30...
2025-05-09 09:32:35,875 - INFO - STEP2 IN ORDERS: Monitoring first two orders gtt orderbook status at 2025-05-09 09:32:35.875668+05:30...
2025-05-09 09:32:37,423 - INFO - STEP2 IN ORDERS: Monitoring first two orders gtt orderbook status at 2025-05-09 09:32:37.423698+05:30...
2025-05-09 09:32:38,861 - INFO - STEP2 IN ORDERS: Monitoring first two orders gtt orderbook status at 2025-05-09 09:32:38.861103+05:30...
2025-05-09 09:32:40,333 - INFO - STEP2 IN ORDERS: Monitoring first two orders gtt orderbook status at 2025-05-09 09:32:40.333666+05:30...
2025-05-09 09:32:41,894 - INFO - STEP2 IN ORDERS: Monitoring first two orders gtt orderbook status at 2025-05-09 09:32:41.894004+05:30...
2025-05-09 09:32:43,348 - INFO - STEP2 IN ORDERS: Monitoring first two orders gtt orderbook status at 2025-05-09 09:32:43.348147+05:30...
2025-05-09 09:32:44,813 - INFO - STEP2 IN ORDERS: Monitoring first two orders gtt orderbook status at 2025-05-09 09:32:44.813287+05:30...
2025-05-09 09:32:46,247 - INFO - STEP2 IN ORDERS: Monitoring first two orders gtt orderbook status at 2025-05-09 09:32:46.247195+05:30...
2025-05-09 09:32:47,669 - INFO - STEP2 IN ORDERS: Monitoring first two orders gtt orderbook status at 2025-05-09 09:32:47.669763+05:30...
2025-05-09 09:32:49,125 - INFO - STEP2 IN ORDERS: Monitoring first two orders gtt orderbook status at 2025-05-09 09:32:49.125093+05:30...
2025-05-09 09:32:50,586 - INFO - STEP2 IN ORDERS: Monitoring first two orders gtt orderbook status at 2025-05-09 09:32:50.586767+05:30...
2025-05-09 09:32:52,029 - INFO - STEP2 IN ORDERS: Monitoring first two orders gtt orderbook status at 2025-05-09 09:32:52.029100+05:30...
2025-05-09 09:32:53,461 - INFO - STEP2 IN ORDERS: Monitoring first two orders gtt orderbook status at 2025-05-09 09:32:53.461438+05:30...
2025-05-09 09:32:54,893 - INFO - STEP2 IN ORDERS: Monitoring first two orders gtt orderbook status at 2025-05-09 09:32:54.893726+05:30...
2025-05-09 09:32:56,353 - INFO - STEP2 IN ORDERS: Monitoring first two orders gtt orderbook status at 2025-05-09 09:32:56.353257+05:30...
2025-05-09 09:32:57,829 - INFO - STEP2 IN ORDERS: Monitoring first two orders gtt orderbook status at 2025-05-09 09:32:57.829283+05:30...
2025-05-09 09:32:59,285 - INFO - STEP2 IN ORDERS: Monitoring first two orders gtt orderbook status at 2025-05-09 09:32:59.285119+05:30...
2025-05-09 09:33:00,743 - INFO - STEP2 IN ORDERS: Monitoring first two orders gtt orderbook status at 2025-05-09 09:33:00.743144+05:30...
2025-05-09 09:33:02,224 - INFO - STEP2 IN ORDERS: Monitoring first two orders gtt orderbook status at 2025-05-09 09:33:02.224864+05:30...
2025-05-09 09:33:03,704 - INFO - STEP2 IN ORDERS: Monitoring first two orders gtt orderbook status at 2025-05-09 09:33:03.704501+05:30...
2025-05-09 09:33:05,156 - INFO - STEP2 IN ORDERS: Monitoring first two orders gtt orderbook status at 2025-05-09 09:33:05.156574+05:30...
2025-05-09 09:33:06,127 - INFO - PE Order Status: False
2025-05-09 09:33:06,628 - INFO - STEP2 IN ORDERS: Monitoring first two orders gtt orderbook status at 2025-05-09 09:33:06.628372+05:30...
2025-05-09 09:33:07,574 - INFO - PE Order Status: False
2025-05-09 09:33:08,075 - INFO - STEP2 IN ORDERS: Monitoring first two orders gtt orderbook status at 2025-05-09 09:33:08.075330+05:30...
2025-05-09 09:33:09,038 - INFO - PE Order Status: False
2025-05-09 09:33:09,539 - INFO - STEP2 IN ORDERS: Monitoring first two orders gtt orderbook status at 2025-05-09 09:33:09.539287+05:30...
2025-05-09 09:33:10,533 - INFO - PE Order Status: False
2025-05-09 09:33:11,035 - INFO - STEP2 IN ORDERS: Monitoring first two orders gtt orderbook status at 2025-05-09 09:33:11.035004+05:30...
2025-05-09 09:33:11,989 - INFO - PE Order Status: False
2025-05-09 09:33:12,490 - INFO - STEP2 IN ORDERS: Monitoring first two orders gtt orderbook status at 2025-05-09 09:33:12.490918+05:30...
2025-05-09 09:33:13,455 - INFO - PE Order Status: False
2025-05-09 09:33:13,956 - INFO - STEP2 IN ORDERS: Monitoring first two orders gtt orderbook status at 2025-05-09 09:33:13.956055+05:30...
2025-05-09 09:33:14,912 - INFO - PE Order Status: False
2025-05-09 09:33:15,414 - INFO - STEP2 IN ORDERS: Monitoring first two orders gtt orderbook status at 2025-05-09 09:33:15.414029+05:30...
2025-05-09 09:33:16,373 - INFO - PE Order Status: False
2025-05-09 09:33:16,874 - INFO - STEP2 IN ORDERS: Monitoring first two orders gtt orderbook status at 2025-05-09 09:33:16.874909+05:30...
2025-05-09 09:33:17,840 - INFO - PE Order Status: False
2025-05-09 09:33:18,341 - INFO - STEP2 IN ORDERS: Monitoring first two orders gtt orderbook status at 2025-05-09 09:33:18.341838+05:30...
2025-05-09 09:33:19,277 - INFO - PE Order Status: False
2025-05-09 09:33:19,779 - INFO - STEP2 IN ORDERS: Monitoring first two orders gtt orderbook status at 2025-05-09 09:33:19.779122+05:30...
2025-05-09 09:33:20,731 - INFO - PE Order Status: False
2025-05-09 09:33:21,232 - INFO - STEP2 IN ORDERS: Monitoring first two orders gtt orderbook status at 2025-05-09 09:33:21.232095+05:30...
2025-05-09 09:33:22,187 - INFO - PE Order Status: False
2025-05-09 09:33:22,688 - INFO - STEP2 IN ORDERS: Monitoring first two orders gtt orderbook status at 2025-05-09 09:33:22.688642+05:30...
2025-05-09 09:33:23,648 - INFO - PE Order Status: False
2025-05-09 09:33:24,149 - INFO - STEP2 IN ORDERS: Monitoring first two orders gtt orderbook status at 2025-05-09 09:33:24.149094+05:30...
2025-05-09 09:33:25,106 - INFO - PE Order Status: False
2025-05-09 09:33:25,607 - INFO - STEP2 IN ORDERS: Monitoring first two orders gtt orderbook status at 2025-05-09 09:33:25.607362+05:30...
2025-05-09 09:33:26,599 - INFO - PE Order Status: False
2025-05-09 09:33:27,100 - INFO - STEP2 IN ORDERS: Monitoring first two orders gtt orderbook status at 2025-05-09 09:33:27.100439+05:30...
2025-05-09 09:33:28,034 - INFO - PE Order Status: False
2025-05-09 09:33:28,535 - INFO - STEP2 IN ORDERS: Monitoring first two orders gtt orderbook status at 2025-05-09 09:33:28.535823+05:30...
2025-05-09 09:33:29,487 - INFO - PE Order Status: False
2025-05-09 09:33:29,988 - INFO - STEP2 IN ORDERS: Monitoring first two orders gtt orderbook status at 2025-05-09 09:33:29.988180+05:30...
2025-05-09 09:33:30,941 - INFO - PE Order Status: False
2025-05-09 09:33:31,442 - INFO - STEP2 IN ORDERS: Monitoring first two orders gtt orderbook status at 2025-05-09 09:33:31.442516+05:30...
2025-05-09 09:33:32,398 - INFO - PE Order Status: False
2025-05-09 09:33:32,899 - INFO - STEP2 IN ORDERS: Monitoring first two orders gtt orderbook status at 2025-05-09 09:33:32.899379+05:30...
2025-05-09 09:33:33,833 - INFO - PE Order Status: False
2025-05-09 09:33:34,334 - INFO - STEP2 IN ORDERS: Monitoring first two orders gtt orderbook status at 2025-05-09 09:33:34.334840+05:30...
2025-05-09 09:33:35,319 - INFO - PE Order Status: False
2025-05-09 09:33:35,820 - INFO - STEP2 IN ORDERS: Monitoring first two orders gtt orderbook status at 2025-05-09 09:33:35.820613+05:30...
2025-05-09 09:33:36,811 - INFO - PE Order Status: False
2025-05-09 09:33:37,312 - INFO - STEP2 IN ORDERS: Monitoring first two orders gtt orderbook status at 2025-05-09 09:33:37.312597+05:30...
2025-05-09 09:33:38,267 - INFO - PE Order Status: False
2025-05-09 09:33:38,768 - INFO - STEP2 IN ORDERS: Monitoring first two orders gtt orderbook status at 2025-05-09 09:33:38.768447+05:30...
2025-05-09 09:33:39,707 - INFO - PE Order Status: False
2025-05-09 09:33:40,209 - INFO - STEP2 IN ORDERS: Monitoring first two orders gtt orderbook status at 2025-05-09 09:33:40.208988+05:30...
2025-05-09 09:33:41,164 - INFO - PE Order Status: False
2025-05-09 09:33:41,666 - INFO - STEP2 IN ORDERS: Monitoring first two orders gtt orderbook status at 2025-05-09 09:33:41.666561+05:30...
2025-05-09 09:33:42,619 - INFO - PE Order Status: False
2025-05-09 09:33:43,120 - INFO - STEP2 IN ORDERS: Monitoring first two orders gtt orderbook status at 2025-05-09 09:33:43.120774+05:30...
2025-05-09 09:33:44,066 - INFO - PE Order Status: False
2025-05-09 09:33:44,567 - INFO - STEP2 IN ORDERS: Monitoring first two orders gtt orderbook status at 2025-05-09 09:33:44.567635+05:30...
2025-05-09 09:33:45,522 - INFO - PE Order Status: False
2025-05-09 09:33:46,023 - INFO - STEP2 IN ORDERS: Monitoring first two orders gtt orderbook status at 2025-05-09 09:33:46.023538+05:30...
2025-05-09 09:33:46,975 - INFO - PE Order Status: False
2025-05-09 09:33:47,476 - INFO - STEP2 IN ORDERS: Monitoring first two orders gtt orderbook status at 2025-05-09 09:33:47.476134+05:30...
2025-05-09 09:33:48,434 - INFO - PE Order Status: False
2025-05-09 09:33:48,935 - INFO - STEP2 IN ORDERS: Monitoring first two orders gtt orderbook status at 2025-05-09 09:33:48.935178+05:30...
2025-05-09 09:33:49,884 - INFO - PE Order Status: False
2025-05-09 09:33:50,385 - INFO - STEP2 IN ORDERS: Monitoring first two orders gtt orderbook status at 2025-05-09 09:33:50.385566+05:30...
2025-05-09 09:33:51,370 - INFO - PE Order Status: False
2025-05-09 09:33:51,871 - INFO - STEP2 IN ORDERS: Monitoring first two orders gtt orderbook status at 2025-05-09 09:33:51.871398+05:30...
2025-05-09 09:33:52,831 - INFO - PE Order Status: False
2025-05-09 09:33:53,332 - INFO - STEP2 IN ORDERS: Monitoring first two orders gtt orderbook status at 2025-05-09 09:33:53.332808+05:30...
2025-05-09 09:33:54,291 - INFO - PE Order Status: False
2025-05-09 09:33:54,792 - INFO - STEP2 IN ORDERS: Monitoring first two orders gtt orderbook status at 2025-05-09 09:33:54.792260+05:30...
2025-05-09 09:33:55,747 - INFO - PE Order Status: False
2025-05-09 09:33:56,248 - INFO - STEP2 IN ORDERS: Monitoring first two orders gtt orderbook status at 2025-05-09 09:33:56.248842+05:30...
2025-05-09 09:33:57,237 - INFO - PE Order Status: False
2025-05-09 09:33:57,738 - INFO - STEP2 IN ORDERS: Monitoring first two orders gtt orderbook status at 2025-05-09 09:33:57.738750+05:30...
2025-05-09 09:33:58,683 - INFO - PE Order Status: False
2025-05-09 09:33:59,184 - INFO - STEP2 IN ORDERS: Monitoring first two orders gtt orderbook status at 2025-05-09 09:33:59.184580+05:30...
2025-05-09 09:34:00,118 - INFO - PE Order Status: False
2025-05-09 09:34:00,619 - INFO - STEP2 IN ORDERS: Monitoring first two orders gtt orderbook status at 2025-05-09 09:34:00.619574+05:30...
2025-05-09 09:34:01,556 - INFO - PE Order Status: False
2025-05-09 09:34:02,057 - INFO - STEP2 IN ORDERS: Monitoring first two orders gtt orderbook status at 2025-05-09 09:34:02.057433+05:30...
2025-05-09 09:34:03,064 - INFO - PE Order Status: False
2025-05-09 09:34:03,565 - INFO - STEP2 IN ORDERS: Monitoring first two orders gtt orderbook status at 2025-05-09 09:34:03.565518+05:30...
2025-05-09 09:34:04,529 - INFO - PE Order Status: False
2025-05-09 09:34:05,030 - INFO - STEP2 IN ORDERS: Monitoring first two orders gtt orderbook status at 2025-05-09 09:34:05.030787+05:30...
2025-05-09 09:34:05,988 - INFO - PE Order Status: False
2025-05-09 09:34:06,490 - INFO - STEP2 IN ORDERS: Monitoring first two orders gtt orderbook status at 2025-05-09 09:34:06.490033+05:30...
2025-05-09 09:34:07,468 - INFO - PE Order Status: False
2025-05-09 09:34:07,969 - INFO - STEP2 IN ORDERS: Monitoring first two orders gtt orderbook status at 2025-05-09 09:34:07.969733+05:30...
2025-05-09 09:34:08,903 - INFO - PE Order Status: False
2025-05-09 09:34:09,404 - INFO - STEP2 IN ORDERS: Monitoring first two orders gtt orderbook status at 2025-05-09 09:34:09.404170+05:30...
2025-05-09 09:34:10,368 - INFO - PE Order Status: False
2025-05-09 09:34:10,869 - INFO - STEP2 IN ORDERS: Monitoring first two orders gtt orderbook status at 2025-05-09 09:34:10.869708+05:30...
2025-05-09 09:34:11,817 - INFO - PE Order Status: False
2025-05-09 09:34:12,318 - INFO - STEP2 IN ORDERS: Monitoring first two orders gtt orderbook status at 2025-05-09 09:34:12.318776+05:30...
2025-05-09 09:34:13,251 - INFO - PE Order Status: False
2025-05-09 09:34:13,752 - INFO - STEP2 IN ORDERS: Monitoring first two orders gtt orderbook status at 2025-05-09 09:34:13.752092+05:30...
2025-05-09 09:34:14,719 - INFO - PE Order Status: False
2025-05-09 09:34:15,220 - INFO - STEP2 IN ORDERS: Monitoring first two orders gtt orderbook status at 2025-05-09 09:34:15.220891+05:30...
2025-05-09 09:34:16,170 - INFO - PE Order Status: False
2025-05-09 09:34:16,671 - INFO - STEP2 IN ORDERS: Monitoring first two orders gtt orderbook status at 2025-05-09 09:34:16.671193+05:30...
2025-05-09 09:34:17,625 - INFO - PE Order Status: False
2025-05-09 09:34:18,126 - INFO - STEP2 IN ORDERS: Monitoring first two orders gtt orderbook status at 2025-05-09 09:34:18.126435+05:30...
2025-05-09 09:34:19,080 - INFO - PE Order Status: False
2025-05-09 09:34:19,581 - INFO - STEP2 IN ORDERS: Monitoring first two orders gtt orderbook status at 2025-05-09 09:34:19.581086+05:30...
2025-05-09 09:34:20,514 - INFO - PE Order Status: False
2025-05-09 09:34:21,015 - INFO - STEP2 IN ORDERS: Monitoring first two orders gtt orderbook status at 2025-05-09 09:34:21.015884+05:30...
2025-05-09 09:34:21,949 - INFO - PE Order Status: False
2025-05-09 09:34:22,451 - INFO - STEP2 IN ORDERS: Monitoring first two orders gtt orderbook status at 2025-05-09 09:34:22.450988+05:30...
2025-05-09 09:34:23,405 - INFO - PE Order Status: False
2025-05-09 09:34:23,906 - INFO - STEP2 IN ORDERS: Monitoring first two orders gtt orderbook status at 2025-05-09 09:34:23.906490+05:30...
2025-05-09 09:34:24,860 - INFO - PE Order Status: False
2025-05-09 09:34:25,361 - INFO - STEP2 IN ORDERS: Monitoring first two orders gtt orderbook status at 2025-05-09 09:34:25.361173+05:30...
2025-05-09 09:34:26,319 - INFO - PE Order Status: False
2025-05-09 09:34:26,820 - INFO - STEP2 IN ORDERS: Monitoring first two orders gtt orderbook status at 2025-05-09 09:34:26.820278+05:30...
2025-05-09 09:34:27,772 - INFO - PE Order Status: False
2025-05-09 09:34:28,273 - INFO - STEP2 IN ORDERS: Monitoring first two orders gtt orderbook status at 2025-05-09 09:34:28.273195+05:30...
2025-05-09 09:34:29,264 - INFO - PE Order Status: False
2025-05-09 09:34:29,765 - INFO - STEP2 IN ORDERS: Monitoring first two orders gtt orderbook status at 2025-05-09 09:34:29.765249+05:30...
2025-05-09 09:34:30,708 - INFO - PE Order Status: False
2025-05-09 09:34:31,209 - INFO - STEP2 IN ORDERS: Monitoring first two orders gtt orderbook status at 2025-05-09 09:34:31.209850+05:30...
2025-05-09 09:34:32,173 - INFO - PE Order Status: False
2025-05-09 09:34:32,674 - INFO - STEP2 IN ORDERS: Monitoring first two orders gtt orderbook status at 2025-05-09 09:34:32.674296+05:30...
2025-05-09 09:34:33,619 - INFO - PE Order Status: False
2025-05-09 09:34:34,120 - INFO - STEP2 IN ORDERS: Monitoring first two orders gtt orderbook status at 2025-05-09 09:34:34.120937+05:30...
2025-05-09 09:34:35,064 - INFO - PE Order Status: False
2025-05-09 09:34:35,565 - INFO - STEP2 IN ORDERS: Monitoring first two orders gtt orderbook status at 2025-05-09 09:34:35.565523+05:30...
2025-05-09 09:34:36,546 - INFO - PE Order Status: False
2025-05-09 09:34:37,047 - INFO - STEP2 IN ORDERS: Monitoring first two orders gtt orderbook status at 2025-05-09 09:34:37.047152+05:30...
2025-05-09 09:34:37,998 - INFO - PE Order Status: False
2025-05-09 09:34:38,500 - INFO - STEP2 IN ORDERS: Monitoring first two orders gtt orderbook status at 2025-05-09 09:34:38.500258+05:30...
2025-05-09 09:34:39,440 - INFO - PE Order Status: False
2025-05-09 09:34:39,941 - INFO - STEP2 IN ORDERS: Monitoring first two orders gtt orderbook status at 2025-05-09 09:34:39.941691+05:30...
2025-05-09 09:34:40,894 - INFO - PE Order Status: False
2025-05-09 09:34:41,395 - INFO - STEP2 IN ORDERS: Monitoring first two orders gtt orderbook status at 2025-05-09 09:34:41.395730+05:30...
2025-05-09 09:34:42,372 - INFO - PE Order Status: False
2025-05-09 09:34:42,874 - INFO - STEP2 IN ORDERS: Monitoring first two orders gtt orderbook status at 2025-05-09 09:34:42.874024+05:30...
2025-05-09 09:34:43,796 - INFO - PE Order Status: False
2025-05-09 09:34:44,297 - INFO - STEP2 IN ORDERS: Monitoring first two orders gtt orderbook status at 2025-05-09 09:34:44.297645+05:30...
2025-05-09 09:34:45,231 - INFO - PE Order Status: False
2025-05-09 09:34:45,732 - INFO - STEP2 IN ORDERS: Monitoring first two orders gtt orderbook status at 2025-05-09 09:34:45.732408+05:30...
2025-05-09 09:34:46,698 - INFO - PE Order Status: False
2025-05-09 09:34:47,200 - INFO - STEP2 IN ORDERS: Monitoring first two orders gtt orderbook status at 2025-05-09 09:34:47.199976+05:30...
2025-05-09 09:34:48,155 - INFO - PE Order Status: False
2025-05-09 09:34:48,656 - INFO - STEP2 IN ORDERS: Monitoring first two orders gtt orderbook status at 2025-05-09 09:34:48.656577+05:30...
2025-05-09 09:34:49,611 - INFO - PE Order Status: False
2025-05-09 09:34:50,112 - INFO - STEP2 IN ORDERS: Monitoring first two orders gtt orderbook status at 2025-05-09 09:34:50.112502+05:30...
2025-05-09 09:34:51,059 - INFO - PE Order Status: False
2025-05-09 09:34:51,560 - INFO - STEP2 IN ORDERS: Monitoring first two orders gtt orderbook status at 2025-05-09 09:34:51.560300+05:30...
2025-05-09 09:34:52,528 - INFO - PE Order Status: False
2025-05-09 09:34:53,029 - INFO - STEP2 IN ORDERS: Monitoring first two orders gtt orderbook status at 2025-05-09 09:34:53.029667+05:30...
2025-05-09 09:34:53,997 - INFO - PE Order Status: False
2025-05-09 09:34:54,498 - INFO - STEP2 IN ORDERS: Monitoring first two orders gtt orderbook status at 2025-05-09 09:34:54.498376+05:30...
2025-05-09 09:34:55,460 - INFO - PE Order Status: False
2025-05-09 09:34:55,961 - INFO - STEP2 IN ORDERS: Monitoring first two orders gtt orderbook status at 2025-05-09 09:34:55.961811+05:30...
2025-05-09 09:34:56,913 - INFO - PE Order Status: False
2025-05-09 09:34:57,414 - INFO - STEP2 IN ORDERS: Monitoring first two orders gtt orderbook status at 2025-05-09 09:34:57.414838+05:30...
2025-05-09 09:34:58,410 - INFO - PE Order Status: False
2025-05-09 09:34:58,911 - INFO - STEP2 IN ORDERS: Monitoring first two orders gtt orderbook status at 2025-05-09 09:34:58.911387+05:30...
2025-05-09 09:34:59,848 - INFO - PE Order Status: False
2025-05-09 09:35:00,349 - INFO - STEP2 IN ORDERS: Monitoring first two orders gtt orderbook status at 2025-05-09 09:35:00.349556+05:30...
2025-05-09 09:35:01,310 - INFO - PE Order Status: False
2025-05-09 09:35:01,811 - INFO - STEP2 IN ORDERS: Monitoring first two orders gtt orderbook status at 2025-05-09 09:35:01.811270+05:30...
2025-05-09 09:35:02,760 - INFO - PE Order Status: False
2025-05-09 09:35:03,261 - INFO - STEP2 IN ORDERS: Monitoring first two orders gtt orderbook status at 2025-05-09 09:35:03.261758+05:30...
2025-05-09 09:35:04,213 - INFO - PE Order Status: False
2025-05-09 09:35:04,714 - INFO - STEP2 IN ORDERS: Monitoring first two orders gtt orderbook status at 2025-05-09 09:35:04.714183+05:30...
2025-05-09 09:35:05,714 - INFO - PE Order Status: False
2025-05-09 09:35:06,215 - INFO - STEP2 IN ORDERS: Monitoring first two orders gtt orderbook status at 2025-05-09 09:35:06.215077+05:30...
2025-05-09 09:35:07,137 - INFO - PE Order Status: False
2025-05-09 09:35:07,639 - INFO - STEP2 IN ORDERS: Monitoring first two orders gtt orderbook status at 2025-05-09 09:35:07.639216+05:30...
2025-05-09 09:35:08,593 - INFO - PE Order Status: False
2025-05-09 09:35:09,094 - INFO - STEP2 IN ORDERS: Monitoring first two orders gtt orderbook status at 2025-05-09 09:35:09.094475+05:30...
2025-05-09 09:35:10,055 - INFO - PE Order Status: False
2025-05-09 09:35:10,557 - INFO - STEP2 IN ORDERS: Monitoring first two orders gtt orderbook status at 2025-05-09 09:35:10.556960+05:30...
2025-05-09 09:35:11,526 - INFO - PE Order Status: False
2025-05-09 09:35:12,028 - INFO - STEP2 IN ORDERS: Monitoring first two orders gtt orderbook status at 2025-05-09 09:35:12.027970+05:30...
2025-05-09 09:35:12,987 - INFO - PE Order Status: False
2025-05-09 09:35:13,488 - INFO - STEP2 IN ORDERS: Monitoring first two orders gtt orderbook status at 2025-05-09 09:35:13.488344+05:30...
2025-05-09 09:35:14,446 - INFO - PE Order Status: False
2025-05-09 09:35:14,947 - INFO - STEP2 IN ORDERS: Monitoring first two orders gtt orderbook status at 2025-05-09 09:35:14.947301+05:30...
2025-05-09 09:35:15,903 - INFO - PE Order Status: False
2025-05-09 09:35:16,404 - INFO - STEP2 IN ORDERS: Monitoring first two orders gtt orderbook status at 2025-05-09 09:35:16.404856+05:30...
2025-05-09 09:35:17,337 - INFO - PE Order Status: False
2025-05-09 09:35:17,838 - INFO - STEP2 IN ORDERS: Monitoring first two orders gtt orderbook status at 2025-05-09 09:35:17.838131+05:30...
2025-05-09 09:35:18,781 - INFO - PE Order Status: False
2025-05-09 09:35:19,282 - INFO - STEP2 IN ORDERS: Monitoring first two orders gtt orderbook status at 2025-05-09 09:35:19.282359+05:30...
2025-05-09 09:35:20,235 - INFO - PE Order Status: False
2025-05-09 09:35:20,736 - INFO - STEP2 IN ORDERS: Monitoring first two orders gtt orderbook status at 2025-05-09 09:35:20.736805+05:30...
2025-05-09 09:35:21,686 - INFO - PE Order Status: False
2025-05-09 09:35:22,187 - INFO - STEP2 IN ORDERS: Monitoring first two orders gtt orderbook status at 2025-05-09 09:35:22.187167+05:30...
2025-05-09 09:35:23,141 - INFO - PE Order Status: False
2025-05-09 09:35:23,642 - INFO - STEP2 IN ORDERS: Monitoring first two orders gtt orderbook status at 2025-05-09 09:35:23.642429+05:30...
2025-05-09 09:35:24,622 - INFO - PE Order Status: False
2025-05-09 09:35:25,123 - INFO - STEP2 IN ORDERS: Monitoring first two orders gtt orderbook status at 2025-05-09 09:35:25.123131+05:30...
2025-05-09 09:35:26,115 - INFO - PE Order Status: False
2025-05-09 09:35:26,617 - INFO - STEP2 IN ORDERS: Monitoring first two orders gtt orderbook status at 2025-05-09 09:35:26.616950+05:30...
2025-05-09 09:35:27,610 - INFO - PE Order Status: False
2025-05-09 09:35:28,111 - INFO - STEP2 IN ORDERS: Monitoring first two orders gtt orderbook status at 2025-05-09 09:35:28.111638+05:30...
2025-05-09 09:35:29,095 - INFO - PE Order Status: False
2025-05-09 09:35:29,596 - INFO - STEP2 IN ORDERS: Monitoring first two orders gtt orderbook status at 2025-05-09 09:35:29.596914+05:30...
2025-05-09 09:35:30,548 - INFO - PE Order Status: False
2025-05-09 09:35:31,049 - INFO - STEP2 IN ORDERS: Monitoring first two orders gtt orderbook status at 2025-05-09 09:35:31.049673+05:30...
2025-05-09 09:35:32,005 - INFO - PE Order Status: False
2025-05-09 09:35:32,506 - INFO - STEP2 IN ORDERS: Monitoring first two orders gtt orderbook status at 2025-05-09 09:35:32.506314+05:30...
2025-05-09 09:35:33,466 - INFO - PE Order Status: False
2025-05-09 09:35:33,967 - INFO - STEP2 IN ORDERS: Monitoring first two orders gtt orderbook status at 2025-05-09 09:35:33.967817+05:30...
2025-05-09 09:35:34,902 - INFO - PE Order Status: False
2025-05-09 09:35:35,403 - INFO - STEP2 IN ORDERS: Monitoring first two orders gtt orderbook status at 2025-05-09 09:35:35.403176+05:30...
2025-05-09 09:35:36,359 - INFO - PE Order Status: False
2025-05-09 09:35:36,860 - INFO - STEP2 IN ORDERS: Monitoring first two orders gtt orderbook status at 2025-05-09 09:35:36.860928+05:30...
2025-05-09 09:35:37,824 - INFO - PE Order Status: False
2025-05-09 09:35:38,325 - INFO - STEP2 IN ORDERS: Monitoring first two orders gtt orderbook status at 2025-05-09 09:35:38.325413+05:30...
2025-05-09 09:35:39,344 - INFO - PE Order Status: False
2025-05-09 09:35:39,845 - INFO - STEP2 IN ORDERS: Monitoring first two orders gtt orderbook status at 2025-05-09 09:35:39.845315+05:30...
2025-05-09 09:35:40,804 - INFO - PE Order Status: False
2025-05-09 09:35:41,305 - INFO - STEP2 IN ORDERS: Monitoring first two orders gtt orderbook status at 2025-05-09 09:35:41.305141+05:30...
2025-05-09 09:35:42,240 - INFO - PE Order Status: False
2025-05-09 09:35:42,741 - INFO - STEP2 IN ORDERS: Monitoring first two orders gtt orderbook status at 2025-05-09 09:35:42.741849+05:30...
2025-05-09 09:35:43,731 - INFO - PE Order Status: False
2025-05-09 09:35:44,232 - INFO - STEP2 IN ORDERS: Monitoring first two orders gtt orderbook status at 2025-05-09 09:35:44.232469+05:30...
2025-05-09 09:35:45,212 - INFO - PE Order Status: False
2025-05-09 09:35:45,713 - INFO - STEP2 IN ORDERS: Monitoring first two orders gtt orderbook status at 2025-05-09 09:35:45.713435+05:30...
2025-05-09 09:35:46,659 - INFO - PE Order Status: False
2025-05-09 09:35:47,160 - INFO - STEP2 IN ORDERS: Monitoring first two orders gtt orderbook status at 2025-05-09 09:35:47.160676+05:30...
2025-05-09 09:35:48,121 - INFO - PE Order Status: False
