2025-05-12 22:32:40,048 - INFO - 🚀 Starting Trading Automation Workflow...
2025-05-12 22:32:40,108 - INFO - ******** Started orders Monitoring from main_order_monitoring_loop at 2025-05-12 22:32:40.108********
2025-05-12 22:32:40,109 - INFO - STEP1 IN ORDERS: Placing First set of orders at 2025-05-12 22:32:40.109
2025-05-12 22:32:40,110 - INFO - Current Pending Orders: 0
2025-05-12 22:32:40,110 - INFO - Current GTT Pending Orders: 0
2025-05-12 22:32:40,111 - INFO - PE Current LTP: 27.67  is greater than 28.2. Not placing the PE Order
2025-05-12 22:32:40,112 - INFO - CE Current LTP: 35.63  is greater than 35.25. Not placing the CE Order
2025-05-12 22:32:40,613 - INFO - STEP1 IN ORDERS: Placing First set of orders at 2025-05-12 22:32:40.613
2025-05-12 22:32:40,623 - INFO - Current Pending Orders: 0
2025-05-12 22:32:40,624 - INFO - Current GTT Pending Orders: 0
2025-05-12 22:32:40,624 - INFO - Condition is met PE Current LTP: 28.08  is less than 28.2 and CE Current LTP: 34.65  is less than 35.25
2025-05-12 22:32:40,624 - INFO - GTT Order 'ce_order1' created successfully. Rule ID: 5794521
2025-05-12 22:32:40,625 - INFO - CE Order Rule ID: 5794521
2025-05-12 22:32:40,626 - INFO - GTT Order 'pe_order1' created successfully. Rule ID: 5433537
2025-05-12 22:32:40,626 - INFO - PE Order Rule ID: 5433537
2025-05-12 22:32:40,637 - INFO - ✅ 2 orders saved successfully to C:\Users\imrum\OneDrive\Desktop\Trae\REL5\data\orders\first_orders.csv
2025-05-12 22:32:40,639 - INFO - CE Order sent
2025-05-12 22:32:40,640 - INFO - PE Order Sent
2025-05-12 22:32:40,641 - INFO - --------------First order created successfully------------------
2025-05-12 22:32:41,142 - INFO - STEP2 IN ORDERS: Monitoring CE and PE orders, time is: 2025-05-12 22:32:41.142
2025-05-12 22:32:41,545 - INFO - Cancelled GTT: 5433537
2025-05-12 22:32:41,550 - INFO - ✅ 1 orders saved successfully to C:\Users\imrum\OneDrive\Desktop\Trae\REL5\data\orders\first_success_orders.csv
2025-05-12 22:32:41,551 - INFO - --------------First CE order status was success and cancelled PE order 5433537----------------------------
2025-05-12 22:32:42,052 - INFO - STEP3 IN ORDERS: Placing second set of gtt orders at 2025-05-12 22:32:42.052
2025-05-12 22:32:42,052 - INFO - Target 1: Trigger =36.75 Price=36.4,Qty=200
2025-05-12 22:32:42,053 - INFO - Stop-loss price:32.95, Stop-loss trigger: 33.25
2025-05-12 22:32:42,054 - INFO - GTT Order 'gtt_order1' created successfully. Rule ID: 5853984
2025-05-12 22:32:42,054 - INFO - GTT Order 'gtt_sl_order1' created successfully. Rule ID: 5454918
2025-05-12 22:32:42,055 - INFO - GTT Order 'gtt_sl_order2' created successfully. Rule ID: 5191132
2025-05-12 22:32:42,055 - INFO - GTT Order 'gtt_sl_order3' created successfully. Rule ID: 5639452
2025-05-12 22:32:42,057 - INFO - ✅ 4 orders saved successfully to C:\Users\imrum\OneDrive\Desktop\Trae\REL5\data\orders\second_orders_placed.csv
2025-05-12 22:32:42,058 - INFO - -----------Second set of orders was created successfully-------------------
2025-05-12 22:32:42,060 - INFO - --------------------------------------------------------------------------------------------------------------------------------------------------------------------------------------------------------
2025-05-12 22:32:42,561 - INFO - STEP4 IN ORDERS: Monitoring second set, at: 2025-05-12 22:32:42.561
2025-05-12 22:32:42,561 - INFO - STEP4 in Orders: Monitoring second set of gtt order check status at 2025-05-12 22:32:42.561
2025-05-12 22:32:43,064 - INFO - STEP4 in Orders: Monitoring second set of gtt order check status at 2025-05-12 22:32:43.064
2025-05-12 22:32:43,567 - INFO - STEP4 in Orders: Monitoring second set of gtt order check status at 2025-05-12 22:32:43.567
2025-05-12 22:32:44,074 - INFO - STEP4 in Orders: Monitoring second set of gtt order check status at 2025-05-12 22:32:44.074
2025-05-12 22:32:44,579 - INFO - STEP4 in Orders: Monitoring second set of gtt order check status at 2025-05-12 22:32:44.579
2025-05-12 22:32:45,082 - INFO - STEP4 in Orders: Monitoring second set of gtt order check status at 2025-05-12 22:32:45.082
2025-05-12 22:32:45,589 - INFO - STEP4 in Orders: Monitoring second set of gtt order check status at 2025-05-12 22:32:45.589
2025-05-12 22:32:46,098 - INFO - STEP4 in Orders: Monitoring second set of gtt order check status at 2025-05-12 22:32:46.097
2025-05-12 22:32:46,602 - INFO - STEP4 in Orders: Monitoring second set of gtt order check status at 2025-05-12 22:32:46.602
2025-05-12 22:32:47,105 - INFO - STEP4 in Orders: Monitoring second set of gtt order check status at 2025-05-12 22:32:47.105
2025-05-12 22:32:47,609 - INFO - STEP4 in Orders: Monitoring second set of gtt order check status at 2025-05-12 22:32:47.609
2025-05-12 22:32:48,115 - INFO - STEP4 in Orders: Monitoring second set of gtt order check status at 2025-05-12 22:32:48.115
2025-05-12 22:32:48,624 - INFO - STEP4 in Orders: Monitoring second set of gtt order check status at 2025-05-12 22:32:48.624
2025-05-12 22:32:49,128 - INFO - STEP4 in Orders: Monitoring second set of gtt order check status at 2025-05-12 22:32:49.128
2025-05-12 22:32:49,631 - INFO - STEP4 in Orders: Monitoring second set of gtt order check status at 2025-05-12 22:32:49.631
2025-05-12 22:32:50,136 - INFO - STEP4 in Orders: Monitoring second set of gtt order check status at 2025-05-12 22:32:50.135
2025-05-12 22:32:50,643 - INFO - STEP4 in Orders: Monitoring second set of gtt order check status at 2025-05-12 22:32:50.643
2025-05-12 22:32:51,148 - INFO - STEP4 in Orders: Monitoring second set of gtt order check status at 2025-05-12 22:32:51.148
2025-05-12 22:32:51,651 - INFO - STEP4 in Orders: Monitoring second set of gtt order check status at 2025-05-12 22:32:51.651
2025-05-12 22:32:52,155 - INFO - STEP4 in Orders: Monitoring second set of gtt order check status at 2025-05-12 22:32:52.155
2025-05-12 22:32:52,660 - INFO - STEP4 in Orders: Monitoring second set of gtt order check status at 2025-05-12 22:32:52.660
2025-05-12 22:32:53,174 - INFO - STEP4 in Orders: Monitoring second set of gtt order check status at 2025-05-12 22:32:53.174
2025-05-12 22:32:53,677 - INFO - STEP4 in Orders: Monitoring second set of gtt order check status at 2025-05-12 22:32:53.677
2025-05-12 22:32:54,181 - INFO - STEP4 in Orders: Monitoring second set of gtt order check status at 2025-05-12 22:32:54.181
2025-05-12 22:32:54,685 - INFO - STEP4 in Orders: Monitoring second set of gtt order check status at 2025-05-12 22:32:54.685
2025-05-12 22:32:55,190 - INFO - STEP4 in Orders: Monitoring second set of gtt order check status at 2025-05-12 22:32:55.190
2025-05-12 22:32:55,696 - INFO - STEP4 in Orders: Monitoring second set of gtt order check status at 2025-05-12 22:32:55.696
2025-05-12 22:32:56,199 - INFO - STEP4 in Orders: Monitoring second set of gtt order check status at 2025-05-12 22:32:56.199
2025-05-12 22:32:56,703 - INFO - STEP4 in Orders: Monitoring second set of gtt order check status at 2025-05-12 22:32:56.703
2025-05-12 22:32:57,208 - INFO - STEP4 in Orders: Monitoring second set of gtt order check status at 2025-05-12 22:32:57.208
2025-05-12 22:32:57,711 - INFO - STEP4 in Orders: Monitoring second set of gtt order check status at 2025-05-12 22:32:57.711
2025-05-12 22:32:58,219 - INFO - STEP4 in Orders: Monitoring second set of gtt order check status at 2025-05-12 22:32:58.219
2025-05-12 22:32:58,722 - INFO - STEP4 in Orders: Monitoring second set of gtt order check status at 2025-05-12 22:32:58.722
2025-05-12 22:32:59,225 - INFO - STEP4 in Orders: Monitoring second set of gtt order check status at 2025-05-12 22:32:59.225
2025-05-12 22:32:59,728 - INFO - STEP4 in Orders: Monitoring second set of gtt order check status at 2025-05-12 22:32:59.728
2025-05-12 22:33:00,232 - INFO - STEP4 in Orders: Monitoring second set of gtt order check status at 2025-05-12 22:33:00.232
2025-05-12 22:33:00,735 - INFO - STEP4 in Orders: Monitoring second set of gtt order check status at 2025-05-12 22:33:00.735
2025-05-12 22:33:01,238 - INFO - STEP4 in Orders: Monitoring second set of gtt order check status at 2025-05-12 22:33:01.238
2025-05-12 22:33:01,741 - INFO - STEP4 in Orders: Monitoring second set of gtt order check status at 2025-05-12 22:33:01.741
2025-05-12 22:33:02,243 - INFO - STEP4 in Orders: Monitoring second set of gtt order check status at 2025-05-12 22:33:02.243
2025-05-12 22:33:02,751 - INFO - STEP4 in Orders: Monitoring second set of gtt order check status at 2025-05-12 22:33:02.750
2025-05-12 22:33:03,257 - INFO - STEP4 in Orders: Monitoring second set of gtt order check status at 2025-05-12 22:33:03.257
2025-05-12 22:33:03,760 - INFO - STEP4 in Orders: Monitoring second set of gtt order check status at 2025-05-12 22:33:03.760
2025-05-12 22:33:04,263 - INFO - STEP4 in Orders: Monitoring second set of gtt order check status at 2025-05-12 22:33:04.263
2025-05-12 22:33:04,767 - INFO - STEP4 in Orders: Monitoring second set of gtt order check status at 2025-05-12 22:33:04.767
2025-05-12 22:33:05,275 - INFO - STEP4 in Orders: Monitoring second set of gtt order check status at 2025-05-12 22:33:05.275
2025-05-12 22:33:05,780 - INFO - STEP4 in Orders: Monitoring second set of gtt order check status at 2025-05-12 22:33:05.779
2025-05-12 22:33:06,284 - INFO - STEP4 in Orders: Monitoring second set of gtt order check status at 2025-05-12 22:33:06.284
2025-05-12 22:33:06,787 - INFO - STEP4 in Orders: Monitoring second set of gtt order check status at 2025-05-12 22:33:06.787
2025-05-12 22:33:07,294 - INFO - STEP4 in Orders: Monitoring second set of gtt order check status at 2025-05-12 22:33:07.294
2025-05-12 22:33:07,802 - INFO - STEP4 in Orders: Monitoring second set of gtt order check status at 2025-05-12 22:33:07.802
2025-05-12 22:33:08,306 - INFO - STEP4 in Orders: Monitoring second set of gtt order check status at 2025-05-12 22:33:08.306
2025-05-12 22:33:08,810 - INFO - STEP4 in Orders: Monitoring second set of gtt order check status at 2025-05-12 22:33:08.809
2025-05-12 22:33:09,318 - INFO - STEP4 in Orders: Monitoring second set of gtt order check status at 2025-05-12 22:33:09.318
2025-05-12 22:33:09,826 - INFO - STEP4 in Orders: Monitoring second set of gtt order check status at 2025-05-12 22:33:09.826
2025-05-12 22:33:10,329 - INFO - STEP4 in Orders: Monitoring second set of gtt order check status at 2025-05-12 22:33:10.329
2025-05-12 22:33:10,832 - INFO - STEP4 in Orders: Monitoring second set of gtt order check status at 2025-05-12 22:33:10.832
2025-05-12 22:33:11,337 - INFO - STEP4 in Orders: Monitoring second set of gtt order check status at 2025-05-12 22:33:11.337
2025-05-12 22:33:11,845 - INFO - STEP4 in Orders: Monitoring second set of gtt order check status at 2025-05-12 22:33:11.845
2025-05-12 22:33:12,349 - INFO - STEP4 in Orders: Monitoring second set of gtt order check status at 2025-05-12 22:33:12.349
2025-05-12 22:33:12,853 - INFO - STEP4 in Orders: Monitoring second set of gtt order check status at 2025-05-12 22:33:12.853
2025-05-12 22:33:13,355 - INFO - STEP4 in Orders: Monitoring second set of gtt order check status at 2025-05-12 22:33:13.355
2025-05-12 22:33:13,863 - INFO - STEP4 in Orders: Monitoring second set of gtt order check status at 2025-05-12 22:33:13.863
2025-05-12 22:33:14,368 - INFO - STEP4 in Orders: Monitoring second set of gtt order check status at 2025-05-12 22:33:14.368
2025-05-12 22:33:14,871 - INFO - STEP4 in Orders: Monitoring second set of gtt order check status at 2025-05-12 22:33:14.871
2025-05-12 22:33:15,373 - INFO - STEP4 in Orders: Monitoring second set of gtt order check status at 2025-05-12 22:33:15.373
2025-05-12 22:33:15,880 - INFO - STEP4 in Orders: Monitoring second set of gtt order check status at 2025-05-12 22:33:15.880
2025-05-12 22:33:16,388 - INFO - STEP4 in Orders: Monitoring second set of gtt order check status at 2025-05-12 22:33:16.388
2025-05-12 22:33:16,892 - INFO - STEP4 in Orders: Monitoring second set of gtt order check status at 2025-05-12 22:33:16.892
2025-05-12 22:33:17,396 - INFO - STEP4 in Orders: Monitoring second set of gtt order check status at 2025-05-12 22:33:17.396
2025-05-12 22:33:17,899 - INFO - STEP4 in Orders: Monitoring second set of gtt order check status at 2025-05-12 22:33:17.899
2025-05-12 22:33:18,406 - INFO - STEP4 in Orders: Monitoring second set of gtt order check status at 2025-05-12 22:33:18.406
2025-05-12 22:33:18,913 - INFO - STEP4 in Orders: Monitoring second set of gtt order check status at 2025-05-12 22:33:18.913
2025-05-12 22:33:19,418 - INFO - STEP4 in Orders: Monitoring second set of gtt order check status at 2025-05-12 22:33:19.418
2025-05-12 22:33:19,921 - INFO - STEP4 in Orders: Monitoring second set of gtt order check status at 2025-05-12 22:33:19.921
2025-05-12 22:33:20,425 - INFO - STEP4 in Orders: Monitoring second set of gtt order check status at 2025-05-12 22:33:20.425
2025-05-12 22:33:20,933 - INFO - STEP4 in Orders: Monitoring second set of gtt order check status at 2025-05-12 22:33:20.933
2025-05-12 22:33:21,441 - INFO - STEP4 in Orders: Monitoring second set of gtt order check status at 2025-05-12 22:33:21.441
2025-05-12 22:33:21,946 - INFO - STEP4 in Orders: Monitoring second set of gtt order check status at 2025-05-12 22:33:21.946
2025-05-12 22:33:22,448 - INFO - STEP4 in Orders: Monitoring second set of gtt order check status at 2025-05-12 22:33:22.448
2025-05-12 22:33:22,955 - INFO - STEP4 in Orders: Monitoring second set of gtt order check status at 2025-05-12 22:33:22.955
2025-05-12 22:33:23,460 - INFO - STEP4 in Orders: Monitoring second set of gtt order check status at 2025-05-12 22:33:23.460
2025-05-12 22:33:23,963 - INFO - STEP4 in Orders: Monitoring second set of gtt order check status at 2025-05-12 22:33:23.963
2025-05-12 22:33:24,468 - INFO - STEP4 in Orders: Monitoring second set of gtt order check status at 2025-05-12 22:33:24.468
2025-05-12 22:33:24,970 - INFO - STEP4 in Orders: Monitoring second set of gtt order check status at 2025-05-12 22:33:24.970
2025-05-12 22:33:25,478 - INFO - STEP4 in Orders: Monitoring second set of gtt order check status at 2025-05-12 22:33:25.478
2025-05-12 22:33:25,985 - INFO - STEP4 in Orders: Monitoring second set of gtt order check status at 2025-05-12 22:33:25.985
2025-05-12 22:33:26,489 - INFO - STEP4 in Orders: Monitoring second set of gtt order check status at 2025-05-12 22:33:26.489
2025-05-12 22:33:26,993 - INFO - STEP4 in Orders: Monitoring second set of gtt order check status at 2025-05-12 22:33:26.993
2025-05-12 22:33:27,499 - INFO - STEP4 in Orders: Monitoring second set of gtt order check status at 2025-05-12 22:33:27.498
2025-05-12 22:33:28,006 - INFO - STEP4 in Orders: Monitoring second set of gtt order check status at 2025-05-12 22:33:28.006
2025-05-12 22:33:28,512 - INFO - STEP4 in Orders: Monitoring second set of gtt order check status at 2025-05-12 22:33:28.512
2025-05-12 22:33:29,015 - INFO - STEP4 in Orders: Monitoring second set of gtt order check status at 2025-05-12 22:33:29.015
2025-05-12 22:33:29,519 - INFO - STEP4 in Orders: Monitoring second set of gtt order check status at 2025-05-12 22:33:29.519
2025-05-12 22:33:30,027 - INFO - STEP4 in Orders: Monitoring second set of gtt order check status at 2025-05-12 22:33:30.026
2025-05-12 22:33:30,531 - INFO - STEP4 in Orders: Monitoring second set of gtt order check status at 2025-05-12 22:33:30.531
2025-05-12 22:33:31,034 - INFO - STEP4 in Orders: Monitoring second set of gtt order check status at 2025-05-12 22:33:31.034
2025-05-12 22:33:31,539 - INFO - STEP4 in Orders: Monitoring second set of gtt order check status at 2025-05-12 22:33:31.539
2025-05-12 22:33:32,046 - INFO - STEP4 in Orders: Monitoring second set of gtt order check status at 2025-05-12 22:33:32.046
2025-05-12 22:33:32,553 - INFO - STEP4 in Orders: Monitoring second set of gtt order check status at 2025-05-12 22:33:32.553
2025-05-12 22:33:33,058 - INFO - STEP4 in Orders: Monitoring second set of gtt order check status at 2025-05-12 22:33:33.058
2025-05-12 22:33:33,561 - INFO - STEP4 in Orders: Monitoring second set of gtt order check status at 2025-05-12 22:33:33.561
2025-05-12 22:33:34,069 - INFO - STEP4 in Orders: Monitoring second set of gtt order check status at 2025-05-12 22:33:34.069
2025-05-12 22:33:34,577 - INFO - STEP4 in Orders: Monitoring second set of gtt order check status at 2025-05-12 22:33:34.577
2025-05-12 22:33:35,080 - INFO - STEP4 in Orders: Monitoring second set of gtt order check status at 2025-05-12 22:33:35.080
2025-05-12 22:33:35,583 - INFO - STEP4 in Orders: Monitoring second set of gtt order check status at 2025-05-12 22:33:35.583
2025-05-12 22:33:36,091 - INFO - STEP4 in Orders: Monitoring second set of gtt order check status at 2025-05-12 22:33:36.091
2025-05-12 22:33:36,597 - INFO - STEP4 in Orders: Monitoring second set of gtt order check status at 2025-05-12 22:33:36.597
2025-05-12 22:33:37,101 - INFO - STEP4 in Orders: Monitoring second set of gtt order check status at 2025-05-12 22:33:37.100
2025-05-12 22:33:37,605 - INFO - STEP4 in Orders: Monitoring second set of gtt order check status at 2025-05-12 22:33:37.605
2025-05-12 22:33:38,108 - INFO - STEP4 in Orders: Monitoring second set of gtt order check status at 2025-05-12 22:33:38.108
2025-05-12 22:33:38,616 - INFO - STEP4 in Orders: Monitoring second set of gtt order check status at 2025-05-12 22:33:38.616
2025-05-12 22:33:39,123 - INFO - STEP4 in Orders: Monitoring second set of gtt order check status at 2025-05-12 22:33:39.123
2025-05-12 22:33:39,626 - INFO - STEP4 in Orders: Monitoring second set of gtt order check status at 2025-05-12 22:33:39.626
2025-05-12 22:33:40,129 - INFO - STEP4 in Orders: Monitoring second set of gtt order check status at 2025-05-12 22:33:40.129
2025-05-12 22:33:40,632 - INFO - STEP4 in Orders: Monitoring second set of gtt order check status at 2025-05-12 22:33:40.632
2025-05-12 22:33:41,137 - INFO - STEP4 in Orders: Monitoring second set of gtt order check status at 2025-05-12 22:33:41.137
2025-05-12 22:33:41,647 - INFO - STEP4 in Orders: Monitoring second set of gtt order check status at 2025-05-12 22:33:41.647
2025-05-12 22:33:42,150 - INFO - STEP4 in Orders: Monitoring second set of gtt order check status at 2025-05-12 22:33:42.150
2025-05-12 22:33:42,654 - INFO - STEP4 in Orders: Monitoring second set of gtt order check status at 2025-05-12 22:33:42.654
2025-05-12 22:33:43,158 - INFO - STEP4 in Orders: Monitoring second set of gtt order check status at 2025-05-12 22:33:43.158
2025-05-12 22:33:43,665 - INFO - STEP4 in Orders: Monitoring second set of gtt order check status at 2025-05-12 22:33:43.665
2025-05-12 22:33:44,173 - INFO - STEP4 in Orders: Monitoring second set of gtt order check status at 2025-05-12 22:33:44.172
2025-05-12 22:33:44,676 - INFO - STEP4 in Orders: Monitoring second set of gtt order check status at 2025-05-12 22:33:44.676
2025-05-12 22:33:45,180 - INFO - STEP4 in Orders: Monitoring second set of gtt order check status at 2025-05-12 22:33:45.180
2025-05-12 22:33:45,688 - INFO - STEP4 in Orders: Monitoring second set of gtt order check status at 2025-05-12 22:33:45.688
2025-05-12 22:33:46,197 - INFO - STEP4 in Orders: Monitoring second set of gtt order check status at 2025-05-12 22:33:46.197
2025-05-12 22:33:46,700 - INFO - STEP4 in Orders: Monitoring second set of gtt order check status at 2025-05-12 22:33:46.700
2025-05-12 22:33:47,204 - INFO - STEP4 in Orders: Monitoring second set of gtt order check status at 2025-05-12 22:33:47.204
2025-05-12 22:33:47,708 - INFO - STEP4 in Orders: Monitoring second set of gtt order check status at 2025-05-12 22:33:47.708
2025-05-12 22:33:48,214 - INFO - STEP4 in Orders: Monitoring second set of gtt order check status at 2025-05-12 22:33:48.214
2025-05-12 22:33:48,718 - INFO - STEP4 in Orders: Monitoring second set of gtt order check status at 2025-05-12 22:33:48.718
2025-05-12 22:33:49,222 - INFO - STEP4 in Orders: Monitoring second set of gtt order check status at 2025-05-12 22:33:49.222
2025-05-12 22:33:49,726 - INFO - STEP4 in Orders: Monitoring second set of gtt order check status at 2025-05-12 22:33:49.726
2025-05-12 22:33:50,233 - INFO - STEP4 in Orders: Monitoring second set of gtt order check status at 2025-05-12 22:33:50.233
2025-05-12 22:33:50,741 - INFO - STEP4 in Orders: Monitoring second set of gtt order check status at 2025-05-12 22:33:50.741
2025-05-12 22:33:51,245 - INFO - STEP4 in Orders: Monitoring second set of gtt order check status at 2025-05-12 22:33:51.245
2025-05-12 22:33:51,749 - INFO - STEP4 in Orders: Monitoring second set of gtt order check status at 2025-05-12 22:33:51.749
2025-05-12 22:33:52,252 - INFO - STEP4 in Orders: Monitoring second set of gtt order check status at 2025-05-12 22:33:52.252
2025-05-12 22:33:52,758 - INFO - STEP4 in Orders: Monitoring second set of gtt order check status at 2025-05-12 22:33:52.758
2025-05-12 22:33:53,262 - INFO - STEP4 in Orders: Monitoring second set of gtt order check status at 2025-05-12 22:33:53.262
2025-05-12 22:33:53,766 - INFO - STEP4 in Orders: Monitoring second set of gtt order check status at 2025-05-12 22:33:53.766
2025-05-12 22:33:54,271 - INFO - STEP4 in Orders: Monitoring second set of gtt order check status at 2025-05-12 22:33:54.271
2025-05-12 22:33:54,778 - INFO - STEP4 in Orders: Monitoring second set of gtt order check status at 2025-05-12 22:33:54.777
2025-05-12 22:33:55,284 - INFO - STEP4 in Orders: Monitoring second set of gtt order check status at 2025-05-12 22:33:55.284
2025-05-12 22:33:55,788 - INFO - STEP4 in Orders: Monitoring second set of gtt order check status at 2025-05-12 22:33:55.788
2025-05-12 22:33:56,291 - INFO - STEP4 in Orders: Monitoring second set of gtt order check status at 2025-05-12 22:33:56.291
2025-05-12 22:33:56,795 - INFO - STEP4 in Orders: Monitoring second set of gtt order check status at 2025-05-12 22:33:56.795
2025-05-12 22:33:57,302 - INFO - STEP4 in Orders: Monitoring second set of gtt order check status at 2025-05-12 22:33:57.302
2025-05-12 22:33:57,806 - INFO - STEP4 in Orders: Monitoring second set of gtt order check status at 2025-05-12 22:33:57.806
2025-05-12 22:33:58,308 - INFO - STEP4 in Orders: Monitoring second set of gtt order check status at 2025-05-12 22:33:58.308
2025-05-12 22:33:58,811 - INFO - STEP4 in Orders: Monitoring second set of gtt order check status at 2025-05-12 22:33:58.811
2025-05-12 22:33:59,318 - INFO - STEP4 in Orders: Monitoring second set of gtt order check status at 2025-05-12 22:33:59.318
2025-05-12 22:33:59,825 - INFO - STEP4 in Orders: Monitoring second set of gtt order check status at 2025-05-12 22:33:59.825
2025-05-12 22:34:00,328 - INFO - STEP4 in Orders: Monitoring second set of gtt order check status at 2025-05-12 22:34:00.328
2025-05-12 22:34:00,830 - INFO - STEP4 in Orders: Monitoring second set of gtt order check status at 2025-05-12 22:34:00.830
2025-05-12 22:34:01,339 - INFO - STEP4 in Orders: Monitoring second set of gtt order check status at 2025-05-12 22:34:01.339
2025-05-12 22:34:01,847 - INFO - STEP4 in Orders: Monitoring second set of gtt order check status at 2025-05-12 22:34:01.847
2025-05-12 22:34:02,352 - INFO - STEP4 in Orders: Monitoring second set of gtt order check status at 2025-05-12 22:34:02.352
2025-05-12 22:34:02,854 - INFO - STEP4 in Orders: Monitoring second set of gtt order check status at 2025-05-12 22:34:02.854
2025-05-12 22:34:03,359 - INFO - STEP4 in Orders: Monitoring second set of gtt order check status at 2025-05-12 22:34:03.359
2025-05-12 22:34:03,864 - INFO - STEP4 in Orders: Monitoring second set of gtt order check status at 2025-05-12 22:34:03.864
2025-05-12 22:34:04,369 - INFO - STEP4 in Orders: Monitoring second set of gtt order check status at 2025-05-12 22:34:04.369
2025-05-12 22:34:04,872 - INFO - STEP4 in Orders: Monitoring second set of gtt order check status at 2025-05-12 22:34:04.872
2025-05-12 22:34:05,375 - INFO - STEP4 in Orders: Monitoring second set of gtt order check status at 2025-05-12 22:34:05.375
2025-05-12 22:34:05,882 - INFO - STEP4 in Orders: Monitoring second set of gtt order check status at 2025-05-12 22:34:05.882
2025-05-12 22:34:06,390 - INFO - STEP4 in Orders: Monitoring second set of gtt order check status at 2025-05-12 22:34:06.390
2025-05-12 22:34:06,893 - INFO - STEP4 in Orders: Monitoring second set of gtt order check status at 2025-05-12 22:34:06.893
2025-05-12 22:34:07,398 - INFO - STEP4 in Orders: Monitoring second set of gtt order check status at 2025-05-12 22:34:07.398
2025-05-12 22:34:07,906 - INFO - STEP4 in Orders: Monitoring second set of gtt order check status at 2025-05-12 22:34:07.905
2025-05-12 22:34:08,411 - INFO - STEP4 in Orders: Monitoring second set of gtt order check status at 2025-05-12 22:34:08.411
2025-05-12 22:34:08,915 - INFO - STEP4 in Orders: Monitoring second set of gtt order check status at 2025-05-12 22:34:08.915
2025-05-12 22:34:09,418 - INFO - STEP4 in Orders: Monitoring second set of gtt order check status at 2025-05-12 22:34:09.418
2025-05-12 22:34:09,922 - INFO - STEP4 in Orders: Monitoring second set of gtt order check status at 2025-05-12 22:34:09.922
2025-05-12 22:34:10,431 - INFO - STEP4 in Orders: Monitoring second set of gtt order check status at 2025-05-12 22:34:10.431
2025-05-12 22:34:10,934 - INFO - STEP4 in Orders: Monitoring second set of gtt order check status at 2025-05-12 22:34:10.934
2025-05-12 22:34:11,438 - INFO - STEP4 in Orders: Monitoring second set of gtt order check status at 2025-05-12 22:34:11.438
2025-05-12 22:34:11,943 - INFO - STEP4 in Orders: Monitoring second set of gtt order check status at 2025-05-12 22:34:11.942
2025-05-12 22:34:12,450 - INFO - STEP4 in Orders: Monitoring second set of gtt order check status at 2025-05-12 22:34:12.450
2025-05-12 22:34:12,958 - INFO - STEP4 in Orders: Monitoring second set of gtt order check status at 2025-05-12 22:34:12.958
2025-05-12 22:34:13,462 - INFO - STEP4 in Orders: Monitoring second set of gtt order check status at 2025-05-12 22:34:13.462
2025-05-12 22:34:13,964 - INFO - STEP4 in Orders: Monitoring second set of gtt order check status at 2025-05-12 22:34:13.964
2025-05-12 22:34:14,471 - INFO - STEP4 in Orders: Monitoring second set of gtt order check status at 2025-05-12 22:34:14.471
2025-05-12 22:34:14,976 - INFO - STEP4 in Orders: Monitoring second set of gtt order check status at 2025-05-12 22:34:14.976
2025-05-12 22:34:15,479 - INFO - STEP4 in Orders: Monitoring second set of gtt order check status at 2025-05-12 22:34:15.479
2025-05-12 22:34:15,983 - INFO - STEP4 in Orders: Monitoring second set of gtt order check status at 2025-05-12 22:34:15.983
2025-05-12 22:34:16,487 - INFO - STEP4 in Orders: Monitoring second set of gtt order check status at 2025-05-12 22:34:16.485
2025-05-12 22:34:16,993 - INFO - STEP4 in Orders: Monitoring second set of gtt order check status at 2025-05-12 22:34:16.993
2025-05-12 22:34:17,501 - INFO - STEP4 in Orders: Monitoring second set of gtt order check status at 2025-05-12 22:34:17.501
2025-05-12 22:34:18,005 - INFO - STEP4 in Orders: Monitoring second set of gtt order check status at 2025-05-12 22:34:18.005
2025-05-12 22:34:18,508 - INFO - STEP4 in Orders: Monitoring second set of gtt order check status at 2025-05-12 22:34:18.508
2025-05-12 22:34:19,012 - INFO - STEP4 in Orders: Monitoring second set of gtt order check status at 2025-05-12 22:34:19.012
2025-05-12 22:34:19,519 - INFO - STEP4 in Orders: Monitoring second set of gtt order check status at 2025-05-12 22:34:19.519
2025-05-12 22:34:20,023 - INFO - STEP4 in Orders: Monitoring second set of gtt order check status at 2025-05-12 22:34:20.023
2025-05-12 22:34:20,527 - INFO - STEP4 in Orders: Monitoring second set of gtt order check status at 2025-05-12 22:34:20.527
2025-05-12 22:34:21,029 - INFO - STEP4 in Orders: Monitoring second set of gtt order check status at 2025-05-12 22:34:21.029
2025-05-12 22:34:21,536 - INFO - STEP4 in Orders: Monitoring second set of gtt order check status at 2025-05-12 22:34:21.536
2025-05-12 22:34:22,042 - INFO - STEP4 in Orders: Monitoring second set of gtt order check status at 2025-05-12 22:34:22.041
2025-05-12 22:34:22,544 - INFO - STEP4 in Orders: Monitoring second set of gtt order check status at 2025-05-12 22:34:22.544
2025-05-12 22:34:23,049 - INFO - STEP4 in Orders: Monitoring second set of gtt order check status at 2025-05-12 22:34:23.049
2025-05-12 22:34:23,555 - INFO - STEP4 in Orders: Monitoring second set of gtt order check status at 2025-05-12 22:34:23.555
2025-05-12 22:34:24,062 - INFO - STEP4 in Orders: Monitoring second set of gtt order check status at 2025-05-12 22:34:24.062
2025-05-12 22:34:24,568 - INFO - STEP4 in Orders: Monitoring second set of gtt order check status at 2025-05-12 22:34:24.568
2025-05-12 22:34:25,070 - INFO - STEP4 in Orders: Monitoring second set of gtt order check status at 2025-05-12 22:34:25.070
2025-05-12 22:34:25,576 - INFO - STEP4 in Orders: Monitoring second set of gtt order check status at 2025-05-12 22:34:25.576
2025-05-12 22:34:26,083 - INFO - STEP4 in Orders: Monitoring second set of gtt order check status at 2025-05-12 22:34:26.083
2025-05-12 22:34:26,588 - INFO - STEP4 in Orders: Monitoring second set of gtt order check status at 2025-05-12 22:34:26.588
2025-05-12 22:34:27,092 - INFO - STEP4 in Orders: Monitoring second set of gtt order check status at 2025-05-12 22:34:27.092
2025-05-12 22:34:27,595 - INFO - STEP4 in Orders: Monitoring second set of gtt order check status at 2025-05-12 22:34:27.595
2025-05-12 22:34:28,101 - INFO - STEP4 in Orders: Monitoring second set of gtt order check status at 2025-05-12 22:34:28.101
2025-05-12 22:34:28,609 - INFO - STEP4 in Orders: Monitoring second set of gtt order check status at 2025-05-12 22:34:28.609
2025-05-12 22:34:29,113 - INFO - STEP4 in Orders: Monitoring second set of gtt order check status at 2025-05-12 22:34:29.112
2025-05-12 22:34:29,616 - INFO - STEP4 in Orders: Monitoring second set of gtt order check status at 2025-05-12 22:34:29.616
2025-05-12 22:34:30,123 - INFO - STEP4 in Orders: Monitoring second set of gtt order check status at 2025-05-12 22:34:30.123
2025-05-12 22:34:30,631 - INFO - STEP4 in Orders: Monitoring second set of gtt order check status at 2025-05-12 22:34:30.631
2025-05-12 22:34:31,136 - INFO - STEP4 in Orders: Monitoring second set of gtt order check status at 2025-05-12 22:34:31.136
2025-05-12 22:34:31,638 - INFO - STEP4 in Orders: Monitoring second set of gtt order check status at 2025-05-12 22:34:31.638
2025-05-12 22:34:32,144 - INFO - STEP4 in Orders: Monitoring second set of gtt order check status at 2025-05-12 22:34:32.144
2025-05-12 22:34:32,651 - INFO - STEP4 in Orders: Monitoring second set of gtt order check status at 2025-05-12 22:34:32.651
2025-05-12 22:34:33,154 - INFO - STEP4 in Orders: Monitoring second set of gtt order check status at 2025-05-12 22:34:33.154
2025-05-12 22:34:33,659 - INFO - STEP4 in Orders: Monitoring second set of gtt order check status at 2025-05-12 22:34:33.658
2025-05-12 22:34:34,161 - INFO - STEP4 in Orders: Monitoring second set of gtt order check status at 2025-05-12 22:34:34.161
2025-05-12 22:34:34,668 - INFO - STEP4 in Orders: Monitoring second set of gtt order check status at 2025-05-12 22:34:34.668
2025-05-12 22:34:35,177 - INFO - STEP4 in Orders: Monitoring second set of gtt order check status at 2025-05-12 22:34:35.176
2025-05-12 22:34:35,681 - INFO - STEP4 in Orders: Monitoring second set of gtt order check status at 2025-05-12 22:34:35.681
2025-05-12 22:34:36,185 - INFO - STEP4 in Orders: Monitoring second set of gtt order check status at 2025-05-12 22:34:36.185
2025-05-12 22:34:36,692 - INFO - STEP4 in Orders: Monitoring second set of gtt order check status at 2025-05-12 22:34:36.692
2025-05-12 22:34:37,199 - INFO - STEP4 in Orders: Monitoring second set of gtt order check status at 2025-05-12 22:34:37.199
2025-05-12 22:34:37,705 - INFO - STEP4 in Orders: Monitoring second set of gtt order check status at 2025-05-12 22:34:37.705
2025-05-12 22:34:38,208 - INFO - STEP4 in Orders: Monitoring second set of gtt order check status at 2025-05-12 22:34:38.208
2025-05-12 22:34:38,711 - INFO - STEP4 in Orders: Monitoring second set of gtt order check status at 2025-05-12 22:34:38.711
2025-05-12 22:34:39,216 - INFO - STEP4 in Orders: Monitoring second set of gtt order check status at 2025-05-12 22:34:39.216
2025-05-12 22:34:39,724 - INFO - STEP4 in Orders: Monitoring second set of gtt order check status at 2025-05-12 22:34:39.724
2025-05-12 22:34:40,228 - INFO - STEP4 in Orders: Monitoring second set of gtt order check status at 2025-05-12 22:34:40.228
2025-05-12 22:34:40,731 - INFO - STEP4 in Orders: Monitoring second set of gtt order check status at 2025-05-12 22:34:40.731
2025-05-12 22:34:41,237 - INFO - STEP4 in Orders: Monitoring second set of gtt order check status at 2025-05-12 22:34:41.237
2025-05-12 22:34:41,746 - INFO - STEP4 in Orders: Monitoring second set of gtt order check status at 2025-05-12 22:34:41.746
2025-05-12 22:34:42,253 - INFO - STEP4 in Orders: Monitoring second set of gtt order check status at 2025-05-12 22:34:42.253
2025-05-12 22:34:42,757 - INFO - STEP4 in Orders: Monitoring second set of gtt order check status at 2025-05-12 22:34:42.757
2025-05-12 22:34:43,260 - INFO - STEP4 in Orders: Monitoring second set of gtt order check status at 2025-05-12 22:34:43.260
2025-05-12 22:34:43,766 - INFO - STEP4 in Orders: Monitoring second set of gtt order check status at 2025-05-12 22:34:43.766
2025-05-12 22:34:44,274 - INFO - STEP4 in Orders: Monitoring second set of gtt order check status at 2025-05-12 22:34:44.274
